

<!DOCTYPE html>
<html>
<head>
<meta charset="UTF-8">
<meta name="viewport" content="width=device-width, initial-scale=1, shrink-to-fit=no">
<title></title>
<link rel="apple-touch-icon" href="https://cdn.jsdelivr.net/gh/extent-framework/extent-github-cdn@b00a2d0486596e73dd7326beacf352c639623a0e/commons/img/logo.png">
<link rel="shortcut icon" href="https://cdn.jsdelivr.net/gh/extent-framework/extent-github-cdn@b00a2d0486596e73dd7326beacf352c639623a0e/commons/img/logo.png">
<link href="https://cdn.jsdelivr.net/gh/extent-framework/extent-github-cdn@d6562a79075e061305ccfdb82f01e5e195e2d307/spark/css/spark-style.css" rel="stylesheet" />
<link href="https://stackpath.bootstrapcdn.com/font-awesome/4.7.0/css/font-awesome.min.css" rel="stylesheet">
<script src="https://cdn.jsdelivr.net/gh/extent-framework/extent-github-cdn@7cc78ce/spark/js/jsontree.js"></script>
<style type="text/css"></style></head><body class="spa bdd-report standard">
  <div class="app">
    <div class="layout">
<div class="header navbar">
<div class="vheader">
<div class="nav-logo">
<a href="#">
<div class="logo" style="background-image: url('https://cdn.jsdelivr.net/gh/extent-framework/extent-github-cdn@b00a2d0486596e73dd7326beacf352c639623a0e/commons/img/logo.png')"></div>
</a>
</div>
<ul class="nav-left">
<li class="search-box">
<a class="search-toggle" href="#">
<i class="search-icon fa fa-search"></i>
<i class="search-icon-close fa fa-close"></i>
</a>
</li>
<li class="search-input"><input id="search-tests" class="form-control" type="text" placeholder="Search..."></li>
</ul>
<ul class="nav-right">
<li class="m-r-10">
<a href="#"><span class="badge badge-primary"></span></a>
</li>
<li class="m-r-10">
<a href="#"><span class="badge badge-primary">May 3, 2023 04:52:04 PM</span></a>
</li>
</ul>
</div>
</div><div class="side-nav">
<div class="side-nav-inner">
<ul class="side-nav-menu">
<li class="nav-item dropdown" onclick="toggleView('test-view')">
<a id="nav-test" class="dropdown-toggle" href="#">
<span class="ico"><i class="fa fa-list"></i></span>
</a>
</li>
<li class="nav-item dropdown" onclick="toggleView('exception-view')">
<a id="nav-exception" class="dropdown-toggle" href="#">
<span class="ico"><i class="fa fa-bug"></i></span>
</a>
</li>
<li class="nav-item dropdown" onclick="toggleView('category-view')">
<a id="nav-category" class="dropdown-toggle" href="#">
<span class="ico"><i class="fa fa-tag"></i></span>
</a>
</li>
<li class="nav-item dropdown" onclick="toggleView('dashboard-view')">
<a id="nav-dashboard" class="dropdown-toggle" href="#">
<span class="ico"><i class="fa fa-bar-chart"></i></span>
</a>
</li>
</ul>
</div>
</div>      <div class="vcontainer">
        <div class="main-content">
<div class="test-wrapper row view test-view">
  <div class="test-list">
    <div class="test-list-tools">
<ul class="tools pull-left">
<li><a href="#"><span class="font-size-14">Tests</span></a></li>
</ul>
<ul class="tools text-right">
<li class="dropdown">
<a href="#" class="dropdown-toggle" data-toggle="dropdown"><i class="fa fa-exclamation-circle"></i></a>
<ul id="status-toggle" class="dropdown-menu dropdown-md p-v-0">
<a class="dropdown-item" status="pass" href="#"><span>Pass</span><span class="status success"></span></a>
<a class="dropdown-item" status="fail" href="#"><span>Fail</span><span class="status danger"></span></a>
<div class="dropdown-divider"></div>
<a status="clear" class="dropdown-item" href="#"><span>Clear</span><span class="pull-right"><i class="fa fa-close"></i></span></a>
</ul>
</li>
<li class="dropdown">
<a href="#" class="dropdown-toggle" data-toggle="dropdown"><i class="fa fa-tag"></i></a>
<ul id="tag-toggle" class="dropdown-menu dropdown-md p-v-0">
<a class="dropdown-item" href="#">@homepage</a><a class="dropdown-item" href="#">@graph</a><a class="dropdown-item" href="#">@LinkedList</a><a class="dropdown-item" href="#">@ArrayPractice</a><a class="dropdown-item" href="#">@DataStructure</a><a class="dropdown-item" href="#">@TS_register_05</a><a class="dropdown-item" href="#">@TS_register_03</a><a class="dropdown-item" href="#">@TS_register_04</a><a class="dropdown-item" href="#">@register</a><a class="dropdown-item" href="#">@TS_register_01</a><a class="dropdown-item" href="#">@mainPage</a><a class="dropdown-item" href="#">@TS_register_02</a><a class="dropdown-item" href="#">@tree</a><a class="dropdown-item" href="#">@TS_register_08</a><a class="dropdown-item" href="#">@TS_register_09</a><a class="dropdown-item" href="#">@Login</a><a class="dropdown-item" href="#">@queue</a><a class="dropdown-item" href="#">@TS_register_07</a><a class="dropdown-item" href="#">@TS_register_06</a><a class="dropdown-item" href="#">@stack</a>
</ul>
</li>
</ul>
</div>    <div class="test-list-wrapper scrollable">
      <ul class="test-list-item">
        <li class="test-item"  status="fail" test-id="1"
          author=""
          tag=""
          device="">
          <div class="test-detail">
            <p class="name">DS Algo ArrayPractice Page</p>
            <p class="text-sm">
              <span>4:52:09 PM</span> / <span>00:00:02:093</span>
              <span class="badge fail-bg log float-right">Fail</span>
            </p>
          </div>
          <div class="test-contents d-none">
<div class="detail-head">
<div class="p-v-10">
<div class="info">
<h5 class="test-status text-fail">DS Algo ArrayPractice Page</h5>
<span class='badge badge-success'>05.03.2023 4:52:09 PM</span>
<span class='badge badge-danger'>05.03.2023 4:52:11 PM</span>
<span class='badge badge-default'>00:00:02:093</span>
&middot; <span class='uri-anchor badge badge-default'>#test-id=1</span>
<span class='badge badge-default pointer float-right ml-1 et'><i class="fa fa-chevron-down"></i></span>
<span class='badge badge-default pointer float-right ct'><i class="fa fa-chevron-up"></i></span>
</div>
<div class="m-t-10 m-l-5"> AarrayPractice</div>
</div>
</div>
<div class="accordion mt-4">
  <div class="card">
    <div class="card-header" role="tab">
      <div class="card-title">
        <div class="node" id="2"><span class="badge log fail-bg mr-2">Fail</span>User navigate to Array Practice Page and works in Search the array</div>
          <div class="status-avatar float-right mr-4">
            <i class="fa fa-paperclip"></i>
          </div>
      </div>
    </div>
        <div class="">
          <div class="card-body">
              <div class="step fail-bg" title="StepDefinition.Collections.user_login_with_username_and_password_given_through_config(java.lang.String,java.lang.String)">
                <span>Given user login with username "Numpyninja95AT" and password "sdet95batchAT" given through config</span>
      <div>
        <textarea disabled class="code-block">java.io.FileNotFoundException: .src\test\resources\config.properties (The system cannot find the path specified)
	at java.base/java.io.FileInputStream.open0(Native Method)
	at java.base/java.io.FileInputStream.open(FileInputStream.java:216)
	at java.base/java.io.FileInputStream.<init>(FileInputStream.java:157)
	at java.base/java.io.FileInputStream.<init>(FileInputStream.java:111)
	at pages.CollectionsPage.loginWithUernamePwd(CollectionsPage.java:442)
	at StepDefinition.Collections.user_login_with_username_and_password_given_through_config(Collections.java:442)
	at ✽.user login with username "Numpyninja95AT" and password "sdet95batchAT" given through config(file:///C:/Users/dadit/eclipse-workspace/DS-Algo/src/test/resources/features/ArrayPractice.feature:24)
</textarea>
      
      </div>
              </div>
              <div class="step pass-bg" title="AFTER_STEP">
                <span>hooks.Hooks.afterstep(io.cucumber.java.Scenario)</span>
      <div>My screenshot
          <div class="row mb-3"><div class="col-md-3">
<img data-featherlight='../Screenshots/embedded1.png' src="../Screenshots/embedded1.png">
    
    </div></div>
</div>
      <div>
      </div>
              </div>
              <div class="step skip-bg" title="StepDefinition.Collections.user_clicks_in_array_field(java.lang.String)">
                <span>Given user clicks "Get started"  in Array field</span>
      <div>Step skipped
      </div>
              </div>
              <div class="step skip-bg" >
                <span>When User is in Array Practice homepage</span>
      <div>Step skipped
      </div>
              </div>
              <div class="step skip-bg" >
                <span>When User clicks "Search the array" first link in the Array Practice list</span>
      <div>Step skipped
      </div>
              </div>
              <div class="step skip-bg" >
                <span>And user clears the text and enter python code</span>
      <div>Step skipped
      </div>
              </div>
              <div class="step skip-bg" >
                <span>Then user enters Python Code "print(\"Hello\");" from config</span>
      <div>Step skipped
      </div>
              </div>
          </div>
        </div>
  </div>
  <div class="card">
    <div class="card-header" role="tab">
      <div class="card-title">
        <div class="node" id="16"><span class="badge log fail-bg mr-2">Fail</span>User navigate to Array Practice Page and works in Max Consecutive Ones</div>
      </div>
    </div>
        <div class="">
          <div class="card-body">
              <div class="step pass-bg" title="StepDefinition.Collections.user_clicks_in_array_field(java.lang.String)">
                <span>Given user clicks "Get started"  in Array field</span>
      <div>
      </div>
              </div>
              <div class="step fail-bg" >
                <span>When User is in Array Practice homepage</span>
      <div>Step undefined
      </div>
              </div>
              <div class="step skip-bg" >
                <span>When User clicks "Max Consecutive Ones" second link in the Array Practice list</span>
      <div>Step skipped
      </div>
              </div>
              <div class="step skip-bg" >
                <span>And user clears the text and enter python code</span>
      <div>Step skipped
      </div>
              </div>
              <div class="step skip-bg" >
                <span>Then user enters Python Code1 "print(Hello);" from config</span>
      <div>Step skipped
      </div>
              </div>
              <div class="step skip-bg" >
                <span>Then user gets the error message</span>
      <div>Step skipped
      </div>
              </div>
          </div>
        </div>
  </div>
  <div class="card">
    <div class="card-header" role="tab">
      <div class="card-title">
        <div class="node" id="30"><span class="badge log fail-bg mr-2">Fail</span>User navigate to Array Practice Page and works in Find Numbers with Even Number of Digits</div>
      </div>
    </div>
        <div class="">
          <div class="card-body">
              <div class="step pass-bg" title="StepDefinition.Collections.user_clicks_in_array_field(java.lang.String)">
                <span>Given user clicks "Get started"  in Array field</span>
      <div>
      </div>
              </div>
              <div class="step fail-bg" >
                <span>When User is in Array Practice homepage</span>
      <div>Step undefined
      </div>
              </div>
              <div class="step skip-bg" >
                <span>When User clicks "Find Numbers with Even Number of Digits" third link in the Array Practice list</span>
      <div>Step skipped
      </div>
              </div>
              <div class="step skip-bg" >
                <span>And user clears the text and enter python code</span>
      <div>Step skipped
      </div>
              </div>
              <div class="step skip-bg" >
                <span>Then user enters python code</span>
      <div><table class='markup-table table '><tr><td>print("Find Numbers with Even Number of Digits")</td></tr></table>
      </div>
      <div>Step skipped
      </div>
              </div>
          </div>
        </div>
  </div>
  <div class="card">
    <div class="card-header" role="tab">
      <div class="card-title">
        <div class="node" id="42"><span class="badge log fail-bg mr-2">Fail</span>User navigate to Array Practice Page and works in Squares of  a Sorted Array</div>
      </div>
    </div>
        <div class="">
          <div class="card-body">
              <div class="step pass-bg" title="StepDefinition.Collections.user_clicks_in_array_field(java.lang.String)">
                <span>Given user clicks "Get started"  in Array field</span>
      <div>
      </div>
              </div>
              <div class="step fail-bg" >
                <span>When User is in Array Practice homepage</span>
      <div>Step undefined
      </div>
              </div>
              <div class="step skip-bg" >
                <span>When User clicks "Squares of  a Sorted Array" fourth link in the Array Practice list</span>
      <div>Step skipped
      </div>
              </div>
              <div class="step skip-bg" >
                <span>And user clears the text and enter python code</span>
      <div>Step skipped
      </div>
              </div>
              <div class="step skip-bg" >
                <span>Then user enters python code</span>
      <div><table class='markup-table table '><tr><td>Squares of  a Sorted Array</td></tr><tr><td>print(Squares of  a Sorted Array)</td></tr></table>
      </div>
      <div>Step skipped
      </div>
              </div>
              <div class="step skip-bg" >
                <span>Then user gets the error message</span>
      <div>Step skipped
      </div>
              </div>
          </div>
        </div>
  </div>
</div>
          </div>
        </li>
        <li class="test-item"  status="fail" test-id="56"
          author=""
          tag=""
          device="">
          <div class="test-detail">
            <p class="name">DataStructure page</p>
            <p class="text-sm">
              <span>4:52:11 PM</span> / <span>00:00:00:479</span>
              <span class="badge fail-bg log float-right">Fail</span>
            </p>
          </div>
          <div class="test-contents d-none">
<div class="detail-head">
<div class="p-v-10">
<div class="info">
<h5 class="test-status text-fail">DataStructure page</h5>
<span class='badge badge-success'>05.03.2023 4:52:11 PM</span>
<span class='badge badge-danger'>05.03.2023 4:52:12 PM</span>
<span class='badge badge-default'>00:00:00:479</span>
&middot; <span class='uri-anchor badge badge-default'>#test-id=56</span>
<span class='badge badge-default pointer float-right ml-1 et'><i class="fa fa-chevron-down"></i></span>
<span class='badge badge-default pointer float-right ct'><i class="fa fa-chevron-up"></i></span>
</div>
<div class="m-t-10 m-l-5"></div>
</div>
</div>
<div class="accordion mt-4">
  <div class="card">
    <div class="card-header" role="tab">
      <div class="card-title">
        <div class="node" id="57"><span class="badge log fail-bg mr-2">Fail</span>user navigate to datastructure page</div>
          <div class="status-avatar float-right mr-4">
            <i class="fa fa-paperclip"></i>
          </div>
      </div>
    </div>
        <div class="scenario_outline ">
            <div class="card-body l1">
              <div class="card-header">
                <div class="card-title outline-child">
                  <div class="node" id="58"><span class="badge log fail-bg mr-2">Fail</span>user navigate to datastructure page</div>
                    <div class="status-avatar float-right">
                      <i class="fa fa-paperclip"></i>
                    </div>
                </div>
              </div>
              <div class="card-body mt-3 ">
                  <div class="step fail-bg">
                    <span>Given user login with username "USERNAME" and password "PASSWORD" given through config</span>
      <div>
        <textarea disabled class="code-block">java.io.FileNotFoundException: .src\test\resources\config.properties (The system cannot find the path specified)
	at java.base/java.io.FileInputStream.open0(Native Method)
	at java.base/java.io.FileInputStream.open(FileInputStream.java:216)
	at java.base/java.io.FileInputStream.<init>(FileInputStream.java:157)
	at java.base/java.io.FileInputStream.<init>(FileInputStream.java:111)
	at pages.CollectionsPage.loginWithUernamePwd(CollectionsPage.java:442)
	at StepDefinition.Collections.user_login_with_username_and_password_given_through_config(Collections.java:442)
	at ✽.user login with username "USERNAME" and password "PASSWORD" given through config(file:///C:/Users/dadit/eclipse-workspace/DS-Algo/src/test/resources/features/DataStructure.feature:6)
</textarea>
      
      </div>
                  </div>
                  <div class="step pass-bg">
                    <span>hooks.Hooks.afterstep(io.cucumber.java.Scenario)</span>
      <div>My screenshot
          <div class="row mb-3"><div class="col-md-3">
<img data-featherlight='../Screenshots/embedded2.png' src="../Screenshots/embedded2.png">
    
    </div></div>
</div>
      <div>
      </div>
                  </div>
                  <div class="step skip-bg">
                    <span>Given user launch DataStructure page</span>
      <div>Step skipped
      </div>
                  </div>
                  <div class="step skip-bg">
                    <span>When click on timecomplexity ,tryHere,and,tryEditor assesment page is open</span>
      <div>Step skipped
      </div>
                  </div>
                  <div class="step skip-bg">
                    <span>Then user enters code from <sheetNumber> and 0 then click run,code is printed</span>
      <div>Step skipped
      </div>
                  </div>
                  <div class="step skip-bg">
                    <span>Then user navigate to homepage</span>
      <div>Step skipped
      </div>
                  </div>
              </div>
            </div>
            <div class="card-body l1">
              <div class="card-header">
                <div class="card-title outline-child">
                  <div class="node" id="70"><span class="badge log fail-bg mr-2">Fail</span>user navigate to datastructure page</div>
                    <div class="status-avatar float-right">
                      <i class="fa fa-paperclip"></i>
                    </div>
                </div>
              </div>
              <div class="card-body mt-3 ">
                  <div class="step fail-bg">
                    <span>Given user login with username "USERNAME" and password "PASSWORD" given through config</span>
      <div>
        <textarea disabled class="code-block">java.io.FileNotFoundException: .src\test\resources\config.properties (The system cannot find the path specified)
	at java.base/java.io.FileInputStream.open0(Native Method)
	at java.base/java.io.FileInputStream.open(FileInputStream.java:216)
	at java.base/java.io.FileInputStream.<init>(FileInputStream.java:157)
	at java.base/java.io.FileInputStream.<init>(FileInputStream.java:111)
	at pages.CollectionsPage.loginWithUernamePwd(CollectionsPage.java:442)
	at StepDefinition.Collections.user_login_with_username_and_password_given_through_config(Collections.java:442)
	at ✽.user login with username "USERNAME" and password "PASSWORD" given through config(file:///C:/Users/dadit/eclipse-workspace/DS-Algo/src/test/resources/features/DataStructure.feature:6)
</textarea>
      
      </div>
                  </div>
                  <div class="step pass-bg">
                    <span>hooks.Hooks.afterstep(io.cucumber.java.Scenario)</span>
      <div>My screenshot
          <div class="row mb-3"><div class="col-md-3">
<img data-featherlight='../Screenshots/embedded3.png' src="../Screenshots/embedded3.png">
    
    </div></div>
</div>
      <div>
      </div>
                  </div>
                  <div class="step skip-bg">
                    <span>Given user launch DataStructure page</span>
      <div>Step skipped
      </div>
                  </div>
                  <div class="step skip-bg">
                    <span>When click on timecomplexity ,tryHere,and,tryEditor assesment page is open</span>
      <div>Step skipped
      </div>
                  </div>
                  <div class="step skip-bg">
                    <span>Then user enters code from <sheetNumber> and 1 then click run,code is printed</span>
      <div>Step skipped
      </div>
                  </div>
                  <div class="step skip-bg">
                    <span>Then user navigate to homepage</span>
      <div>Step skipped
      </div>
                  </div>
              </div>
            </div>
        </div>
  </div>
</div>
          </div>
        </li>
        <li class="test-item"  status="fail" test-id="82"
          author=""
          tag=""
          device="">
          <div class="test-detail">
            <p class="name">Graph page</p>
            <p class="text-sm">
              <span>4:52:12 PM</span> / <span>00:00:02:362</span>
              <span class="badge fail-bg log float-right">Fail</span>
            </p>
          </div>
          <div class="test-contents d-none">
<div class="detail-head">
<div class="p-v-10">
<div class="info">
<h5 class="test-status text-fail">Graph page</h5>
<span class='badge badge-success'>05.03.2023 4:52:12 PM</span>
<span class='badge badge-danger'>05.03.2023 4:52:14 PM</span>
<span class='badge badge-default'>00:00:02:362</span>
&middot; <span class='uri-anchor badge badge-default'>#test-id=82</span>
<span class='badge badge-default pointer float-right ml-1 et'><i class="fa fa-chevron-down"></i></span>
<span class='badge badge-default pointer float-right ct'><i class="fa fa-chevron-up"></i></span>
</div>
<div class="m-t-10 m-l-5"></div>
</div>
</div>
<div class="accordion mt-4">
  <div class="card">
    <div class="card-header" role="tab">
      <div class="card-title">
        <div class="node" id="83"><span class="badge log fail-bg mr-2">Fail</span>user navigate to Graph page and works on  Graph</div>
          <div class="status-avatar float-right mr-4">
            <i class="fa fa-paperclip"></i>
          </div>
      </div>
    </div>
        <div class="scenario_outline ">
            <div class="card-body l1">
              <div class="card-header">
                <div class="card-title outline-child">
                  <div class="node" id="84"><span class="badge log fail-bg mr-2">Fail</span>user navigate to Graph page and works on  Graph</div>
                    <div class="status-avatar float-right">
                      <i class="fa fa-paperclip"></i>
                    </div>
                </div>
              </div>
              <div class="card-body mt-3 ">
                  <div class="step fail-bg">
                    <span>Given user login with username "USERNAME" and password "PASSWORD" given through config</span>
      <div>
        <textarea disabled class="code-block">java.io.FileNotFoundException: .src\test\resources\config.properties (The system cannot find the path specified)
	at java.base/java.io.FileInputStream.open0(Native Method)
	at java.base/java.io.FileInputStream.open(FileInputStream.java:216)
	at java.base/java.io.FileInputStream.<init>(FileInputStream.java:157)
	at java.base/java.io.FileInputStream.<init>(FileInputStream.java:111)
	at pages.CollectionsPage.loginWithUernamePwd(CollectionsPage.java:442)
	at StepDefinition.Collections.user_login_with_username_and_password_given_through_config(Collections.java:442)
	at ✽.user login with username "USERNAME" and password "PASSWORD" given through config(file:///C:/Users/dadit/eclipse-workspace/DS-Algo/src/test/resources/features/Graph.feature:23)
</textarea>
      
      </div>
                  </div>
                  <div class="step pass-bg">
                    <span>hooks.Hooks.afterstep(io.cucumber.java.Scenario)</span>
      <div>My screenshot
          <div class="row mb-3"><div class="col-md-3">
<img data-featherlight='../Screenshots/embedded4.png' src="../Screenshots/embedded4.png">
    
    </div></div>
</div>
      <div>
      </div>
                  </div>
                  <div class="step skip-bg">
                    <span>Given user clicks "Get started"  in Graph field</span>
      <div>Step skipped
      </div>
                  </div>
                  <div class="step skip-bg">
                    <span>When user click "Graph" first link  in the Graph</span>
      <div>Step skipped
      </div>
                  </div>
                  <div class="step skip-bg">
                    <span>Then user clicks "Try here"</span>
      <div>Step skipped
      </div>
                  </div>
                  <div class="step skip-bg">
                    <span>Then user enters code in tryEditor from "pythonCode" and 0  then click run , output is printed</span>
      <div>Step skipped
      </div>
                  </div>
              </div>
            </div>
        </div>
  </div>
  <div class="card">
    <div class="card-header" role="tab">
      <div class="card-title">
        <div class="node" id="96"><span class="badge log fail-bg mr-2">Fail</span>user does Graph Representations</div>
          <div class="status-avatar float-right mr-4">
            <i class="fa fa-paperclip"></i>
          </div>
      </div>
    </div>
        <div class="scenario_outline ">
            <div class="card-body l1">
              <div class="card-header">
                <div class="card-title outline-child">
                  <div class="node" id="97"><span class="badge log fail-bg mr-2">Fail</span>user does Graph Representations</div>
                    <div class="status-avatar float-right">
                      <i class="fa fa-paperclip"></i>
                    </div>
                </div>
              </div>
              <div class="card-body mt-3 ">
                  <div class="step pass-bg">
                    <span>Given user is in Graph homepage</span>
      <div>
      </div>
                  </div>
                  <div class="step pass-bg">
                    <span>When user click "Graph Representations" second link  in the Graph</span>
      <div>
      </div>
                  </div>
                  <div class="step pass-bg">
                    <span>Then user clicks "Try here"</span>
      <div>
      </div>
                  </div>
                  <div class="step fail-bg">
                    <span>Then user enters code in tryEditor from "pythonCode" and 0  then click run , output is printed</span>
      <div>
        <textarea disabled class="code-block">java.lang.Error: Unresolved compilation problems: 
	Unhandled exception type InterruptedException
	Unhandled exception type InvalidFormatException

	at pages.CollectionsPage.enterPythonCode(CollectionsPage.java:258)
	at StepDefinition.Collections.user_enters_code_in_try_editor_from_sheet_number_and_then_click_run_output_is_printed(Collections.java:194)
	at ✽.user enters code in tryEditor from "pythonCode" and 0  then click run , output is printed(file:///C:/Users/dadit/eclipse-workspace/DS-Algo/src/test/resources/features/Graph.feature:37)
</textarea>
      
      </div>
                  </div>
                  <div class="step pass-bg">
                    <span>hooks.Hooks.afterstep(io.cucumber.java.Scenario)</span>
      <div>My screenshot
          <div class="row mb-3"><div class="col-md-3">
<img data-featherlight='../Screenshots/embedded5.png' src="../Screenshots/embedded5.png">
    
    </div></div>
</div>
      <div>
      </div>
                  </div>
                  <div class="step skip-bg">
                    <span>And user navigate to homepage</span>
      <div>Step skipped
      </div>
                  </div>
              </div>
            </div>
        </div>
  </div>
</div>
          </div>
        </li>
        <li class="test-item"  status="fail" test-id="109"
          author=""
          tag=""
          device="">
          <div class="test-detail">
            <p class="name">Linked List page</p>
            <p class="text-sm">
              <span>4:52:14 PM</span> / <span>00:00:09:758</span>
              <span class="badge fail-bg log float-right">Fail</span>
            </p>
          </div>
          <div class="test-contents d-none">
<div class="detail-head">
<div class="p-v-10">
<div class="info">
<h5 class="test-status text-fail">Linked List page</h5>
<span class='badge badge-success'>05.03.2023 4:52:14 PM</span>
<span class='badge badge-danger'>05.03.2023 4:52:24 PM</span>
<span class='badge badge-default'>00:00:09:758</span>
&middot; <span class='uri-anchor badge badge-default'>#test-id=109</span>
<span class='badge badge-default pointer float-right ml-1 et'><i class="fa fa-chevron-down"></i></span>
<span class='badge badge-default pointer float-right ct'><i class="fa fa-chevron-up"></i></span>
</div>
<div class="m-t-10 m-l-5"></div>
</div>
</div>
<div class="accordion mt-4">
  <div class="card">
    <div class="card-header" role="tab">
      <div class="card-title">
        <div class="node" id="110"><span class="badge log fail-bg mr-2">Fail</span>user navigate to Linked List page and works on Introduction on Linked List</div>
          <div class="status-avatar float-right mr-4">
            <i class="fa fa-paperclip"></i>
          </div>
      </div>
    </div>
        <div class="scenario_outline ">
            <div class="card-body l1">
              <div class="card-header">
                <div class="card-title outline-child">
                  <div class="node" id="111"><span class="badge log fail-bg mr-2">Fail</span>user navigate to Linked List page and works on Introduction on Linked List</div>
                    <div class="status-avatar float-right">
                      <i class="fa fa-paperclip"></i>
                    </div>
                </div>
              </div>
              <div class="card-body mt-3 ">
                  <div class="step pass-bg">
                    <span>Given user login with username "Numpyninja95AT" and password "sdet95batchAT"</span>
      <div>
      </div>
                  </div>
                  <div class="step pass-bg">
                    <span>Given user clicks "Get started"  in Linked List field</span>
      <div>
      </div>
                  </div>
                  <div class="step pass-bg">
                    <span>When user click "Introduction" first link  in the list</span>
      <div>
      </div>
                  </div>
                  <div class="step pass-bg">
                    <span>Then user clicks "Try here"</span>
      <div>
      </div>
                  </div>
                  <div class="step fail-bg">
                    <span>Then user enters code in tryEditor from "pythonCode" and 0  then click run , output is printed</span>
      <div>
        <textarea disabled class="code-block">java.lang.Error: Unresolved compilation problems: 
	Unhandled exception type InterruptedException
	Unhandled exception type InvalidFormatException

	at pages.CollectionsPage.enterPythonCode(CollectionsPage.java:258)
	at StepDefinition.Collections.user_enters_code_in_try_editor_from_sheet_number_and_then_click_run_output_is_printed(Collections.java:194)
	at ✽.user enters code in tryEditor from "pythonCode" and 0  then click run , output is printed(file:///C:/Users/dadit/eclipse-workspace/DS-Algo/src/test/resources/features/LinkedList.feature:27)
</textarea>
      
      </div>
                  </div>
                  <div class="step pass-bg">
                    <span>hooks.Hooks.afterstep(io.cucumber.java.Scenario)</span>
      <div>My screenshot
          <div class="row mb-3"><div class="col-md-3">
<img data-featherlight='../Screenshots/embedded6.png' src="../Screenshots/embedded6.png">
    
    </div></div>
</div>
      <div>
      </div>
                  </div>
              </div>
            </div>
        </div>
  </div>
  <div class="card">
    <div class="card-header" role="tab">
      <div class="card-title">
        <div class="node" id="123"><span class="badge log fail-bg mr-2">Fail</span>user does Creating Linked List</div>
          <div class="status-avatar float-right mr-4">
            <i class="fa fa-paperclip"></i>
          </div>
      </div>
    </div>
        <div class="scenario_outline ">
            <div class="card-body l1">
              <div class="card-header">
                <div class="card-title outline-child">
                  <div class="node" id="124"><span class="badge log fail-bg mr-2">Fail</span>user does Creating Linked List</div>
                    <div class="status-avatar float-right">
                      <i class="fa fa-paperclip"></i>
                    </div>
                </div>
              </div>
              <div class="card-body mt-3 ">
                  <div class="step pass-bg">
                    <span>Given user is in Linked List homepage</span>
      <div>
      </div>
                  </div>
                  <div class="step pass-bg">
                    <span>When user click "Creating Linked List" second link  in the Linked list</span>
      <div>
      </div>
                  </div>
                  <div class="step pass-bg">
                    <span>Then user clicks "Try here"</span>
      <div>
      </div>
                  </div>
                  <div class="step fail-bg">
                    <span>Then user enters code in tryEditor from "pythonCode" and 0  then click run , output is printed</span>
      <div>
        <textarea disabled class="code-block">java.lang.Error: Unresolved compilation problems: 
	Unhandled exception type InterruptedException
	Unhandled exception type InvalidFormatException

	at pages.CollectionsPage.enterPythonCode(CollectionsPage.java:258)
	at StepDefinition.Collections.user_enters_code_in_try_editor_from_sheet_number_and_then_click_run_output_is_printed(Collections.java:194)
	at ✽.user enters code in tryEditor from "pythonCode" and 0  then click run , output is printed(file:///C:/Users/dadit/eclipse-workspace/DS-Algo/src/test/resources/features/LinkedList.feature:36)
</textarea>
      
      </div>
                  </div>
                  <div class="step pass-bg">
                    <span>hooks.Hooks.afterstep(io.cucumber.java.Scenario)</span>
      <div>My screenshot
          <div class="row mb-3"><div class="col-md-3">
<img data-featherlight='../Screenshots/embedded7.png' src="../Screenshots/embedded7.png">
    
    </div></div>
</div>
      <div>
      </div>
                  </div>
              </div>
            </div>
        </div>
  </div>
  <div class="card">
    <div class="card-header" role="tab">
      <div class="card-title">
        <div class="node" id="134"><span class="badge log fail-bg mr-2">Fail</span>user does Types of Linked Lists</div>
          <div class="status-avatar float-right mr-4">
            <i class="fa fa-paperclip"></i>
          </div>
      </div>
    </div>
        <div class="scenario_outline ">
            <div class="card-body l1">
              <div class="card-header">
                <div class="card-title outline-child">
                  <div class="node" id="135"><span class="badge log fail-bg mr-2">Fail</span>user does Types of Linked Lists</div>
                    <div class="status-avatar float-right">
                      <i class="fa fa-paperclip"></i>
                    </div>
                </div>
              </div>
              <div class="card-body mt-3 ">
                  <div class="step pass-bg">
                    <span>Given user is in Linked List homepage</span>
      <div>
      </div>
                  </div>
                  <div class="step pass-bg">
                    <span>When user click "Types of Linked Lists" third link in the Linked list</span>
      <div>
      </div>
                  </div>
                  <div class="step pass-bg">
                    <span>Then user clicks "Try here"</span>
      <div>
      </div>
                  </div>
                  <div class="step fail-bg">
                    <span>Then user enters code in tryEditor from "pythonCode" and 0  then click run , output is printed</span>
      <div>
        <textarea disabled class="code-block">java.lang.Error: Unresolved compilation problems: 
	Unhandled exception type InterruptedException
	Unhandled exception type InvalidFormatException

	at pages.CollectionsPage.enterPythonCode(CollectionsPage.java:258)
	at StepDefinition.Collections.user_enters_code_in_try_editor_from_sheet_number_and_then_click_run_output_is_printed(Collections.java:194)
	at ✽.user enters code in tryEditor from "pythonCode" and 0  then click run , output is printed(file:///C:/Users/dadit/eclipse-workspace/DS-Algo/src/test/resources/features/LinkedList.feature:45)
</textarea>
      
      </div>
                  </div>
                  <div class="step pass-bg">
                    <span>hooks.Hooks.afterstep(io.cucumber.java.Scenario)</span>
      <div>My screenshot
          <div class="row mb-3"><div class="col-md-3">
<img data-featherlight='../Screenshots/embedded8.png' src="../Screenshots/embedded8.png">
    
    </div></div>
</div>
      <div>
      </div>
                  </div>
              </div>
            </div>
        </div>
  </div>
  <div class="card">
    <div class="card-header" role="tab">
      <div class="card-title">
        <div class="node" id="145"><span class="badge log fail-bg mr-2">Fail</span>user does Implement Linked List in Python</div>
          <div class="status-avatar float-right mr-4">
            <i class="fa fa-paperclip"></i>
          </div>
      </div>
    </div>
        <div class="scenario_outline ">
            <div class="card-body l1">
              <div class="card-header">
                <div class="card-title outline-child">
                  <div class="node" id="146"><span class="badge log fail-bg mr-2">Fail</span>user does Implement Linked List in Python</div>
                    <div class="status-avatar float-right">
                      <i class="fa fa-paperclip"></i>
                    </div>
                </div>
              </div>
              <div class="card-body mt-3 ">
                  <div class="step pass-bg">
                    <span>Given user is in Linked List homepage</span>
      <div>
      </div>
                  </div>
                  <div class="step pass-bg">
                    <span>When user click "Implement Linked List in Python" fourth link in the Linked list</span>
      <div>
      </div>
                  </div>
                  <div class="step pass-bg">
                    <span>Then user clicks "Try here"</span>
      <div>
      </div>
                  </div>
                  <div class="step fail-bg">
                    <span>Then user enters code in tryEditor from "pythonCode" and 0  then click run , output is printed</span>
      <div>
        <textarea disabled class="code-block">java.lang.Error: Unresolved compilation problems: 
	Unhandled exception type InterruptedException
	Unhandled exception type InvalidFormatException

	at pages.CollectionsPage.enterPythonCode(CollectionsPage.java:258)
	at StepDefinition.Collections.user_enters_code_in_try_editor_from_sheet_number_and_then_click_run_output_is_printed(Collections.java:194)
	at ✽.user enters code in tryEditor from "pythonCode" and 0  then click run , output is printed(file:///C:/Users/dadit/eclipse-workspace/DS-Algo/src/test/resources/features/LinkedList.feature:54)
</textarea>
      
      </div>
                  </div>
                  <div class="step pass-bg">
                    <span>hooks.Hooks.afterstep(io.cucumber.java.Scenario)</span>
      <div>My screenshot
          <div class="row mb-3"><div class="col-md-3">
<img data-featherlight='../Screenshots/embedded9.png' src="../Screenshots/embedded9.png">
    
    </div></div>
</div>
      <div>
      </div>
                  </div>
              </div>
            </div>
        </div>
  </div>
  <div class="card">
    <div class="card-header" role="tab">
      <div class="card-title">
        <div class="node" id="156"><span class="badge log fail-bg mr-2">Fail</span>user does Traversal</div>
          <div class="status-avatar float-right mr-4">
            <i class="fa fa-paperclip"></i>
          </div>
      </div>
    </div>
        <div class="scenario_outline ">
            <div class="card-body l1">
              <div class="card-header">
                <div class="card-title outline-child">
                  <div class="node" id="157"><span class="badge log fail-bg mr-2">Fail</span>user does Traversal</div>
                    <div class="status-avatar float-right">
                      <i class="fa fa-paperclip"></i>
                    </div>
                </div>
              </div>
              <div class="card-body mt-3 ">
                  <div class="step pass-bg">
                    <span>Given user is in Linked List homepage</span>
      <div>
      </div>
                  </div>
                  <div class="step pass-bg">
                    <span>When user click "Traversal" fifth link in the Linked list</span>
      <div>
      </div>
                  </div>
                  <div class="step pass-bg">
                    <span>Then user clicks "Try here"</span>
      <div>
      </div>
                  </div>
                  <div class="step fail-bg">
                    <span>Then user enters code in tryEditor from "pythonCode" and 0  then click run , output is printed</span>
      <div>
        <textarea disabled class="code-block">java.lang.Error: Unresolved compilation problems: 
	Unhandled exception type InterruptedException
	Unhandled exception type InvalidFormatException

	at pages.CollectionsPage.enterPythonCode(CollectionsPage.java:258)
	at StepDefinition.Collections.user_enters_code_in_try_editor_from_sheet_number_and_then_click_run_output_is_printed(Collections.java:194)
	at ✽.user enters code in tryEditor from "pythonCode" and 0  then click run , output is printed(file:///C:/Users/dadit/eclipse-workspace/DS-Algo/src/test/resources/features/LinkedList.feature:64)
</textarea>
      
      </div>
                  </div>
                  <div class="step pass-bg">
                    <span>hooks.Hooks.afterstep(io.cucumber.java.Scenario)</span>
      <div>My screenshot
          <div class="row mb-3"><div class="col-md-3">
<img data-featherlight='../Screenshots/embedded10.png' src="../Screenshots/embedded10.png">
    
    </div></div>
</div>
      <div>
      </div>
                  </div>
              </div>
            </div>
        </div>
  </div>
  <div class="card">
    <div class="card-header" role="tab">
      <div class="card-title">
        <div class="node" id="167"><span class="badge log fail-bg mr-2">Fail</span>user does Insertion</div>
          <div class="status-avatar float-right mr-4">
            <i class="fa fa-paperclip"></i>
          </div>
      </div>
    </div>
        <div class="scenario_outline ">
            <div class="card-body l1">
              <div class="card-header">
                <div class="card-title outline-child">
                  <div class="node" id="168"><span class="badge log fail-bg mr-2">Fail</span>user does Insertion</div>
                    <div class="status-avatar float-right">
                      <i class="fa fa-paperclip"></i>
                    </div>
                </div>
              </div>
              <div class="card-body mt-3 ">
                  <div class="step pass-bg">
                    <span>Given user is in Linked List homepage</span>
      <div>
      </div>
                  </div>
                  <div class="step pass-bg">
                    <span>When user click "Insertion" sixth link in the Linked list</span>
      <div>
      </div>
                  </div>
                  <div class="step pass-bg">
                    <span>Then user clicks "Try here"</span>
      <div>
      </div>
                  </div>
                  <div class="step fail-bg">
                    <span>Then user enters code in tryEditor from "pythonCode" and 0  then click run , output is printed</span>
      <div>
        <textarea disabled class="code-block">java.lang.Error: Unresolved compilation problems: 
	Unhandled exception type InterruptedException
	Unhandled exception type InvalidFormatException

	at pages.CollectionsPage.enterPythonCode(CollectionsPage.java:258)
	at StepDefinition.Collections.user_enters_code_in_try_editor_from_sheet_number_and_then_click_run_output_is_printed(Collections.java:194)
	at ✽.user enters code in tryEditor from "pythonCode" and 0  then click run , output is printed(file:///C:/Users/dadit/eclipse-workspace/DS-Algo/src/test/resources/features/LinkedList.feature:74)
</textarea>
      
      </div>
                  </div>
                  <div class="step pass-bg">
                    <span>hooks.Hooks.afterstep(io.cucumber.java.Scenario)</span>
      <div>My screenshot
          <div class="row mb-3"><div class="col-md-3">
<img data-featherlight='../Screenshots/embedded11.png' src="../Screenshots/embedded11.png">
    
    </div></div>
</div>
      <div>
      </div>
                  </div>
              </div>
            </div>
        </div>
  </div>
  <div class="card">
    <div class="card-header" role="tab">
      <div class="card-title">
        <div class="node" id="178"><span class="badge log fail-bg mr-2">Fail</span>user does Deletion</div>
          <div class="status-avatar float-right mr-4">
            <i class="fa fa-paperclip"></i>
          </div>
      </div>
    </div>
        <div class="scenario_outline ">
            <div class="card-body l1">
              <div class="card-header">
                <div class="card-title outline-child">
                  <div class="node" id="179"><span class="badge log fail-bg mr-2">Fail</span>user does Deletion</div>
                    <div class="status-avatar float-right">
                      <i class="fa fa-paperclip"></i>
                    </div>
                </div>
              </div>
              <div class="card-body mt-3 ">
                  <div class="step pass-bg">
                    <span>Given user is in Linked List homepage</span>
      <div>
      </div>
                  </div>
                  <div class="step pass-bg">
                    <span>When user click "Deletion" seventh link in the Linked list</span>
      <div>
      </div>
                  </div>
                  <div class="step pass-bg">
                    <span>Then user clicks "Try here"</span>
      <div>
      </div>
                  </div>
                  <div class="step fail-bg">
                    <span>Then user enters code in tryEditor from "pythonCode" and 0  then click run , output is printed</span>
      <div>
        <textarea disabled class="code-block">java.lang.Error: Unresolved compilation problems: 
	Unhandled exception type InterruptedException
	Unhandled exception type InvalidFormatException

	at pages.CollectionsPage.enterPythonCode(CollectionsPage.java:258)
	at StepDefinition.Collections.user_enters_code_in_try_editor_from_sheet_number_and_then_click_run_output_is_printed(Collections.java:194)
	at ✽.user enters code in tryEditor from "pythonCode" and 0  then click run , output is printed(file:///C:/Users/dadit/eclipse-workspace/DS-Algo/src/test/resources/features/LinkedList.feature:84)
</textarea>
      
      </div>
                  </div>
                  <div class="step pass-bg">
                    <span>hooks.Hooks.afterstep(io.cucumber.java.Scenario)</span>
      <div>My screenshot
          <div class="row mb-3"><div class="col-md-3">
<img data-featherlight='../Screenshots/embedded12.png' src="../Screenshots/embedded12.png">
    
    </div></div>
</div>
      <div>
      </div>
                  </div>
                  <div class="step skip-bg">
                    <span>And user navigate to homepage</span>
      <div>Step skipped
      </div>
                  </div>
              </div>
            </div>
        </div>
  </div>
</div>
          </div>
        </li>
        <li class="test-item"  status="pass" test-id="191"
          author=""
          tag=""
          device="">
          <div class="test-detail">
            <p class="name">DS-Algo Sign In</p>
            <p class="text-sm">
              <span>4:52:24 PM</span> / <span>00:00:06:816</span>
              <span class="badge pass-bg log float-right">Pass</span>
            </p>
          </div>
          <div class="test-contents d-none">
<div class="detail-head">
<div class="p-v-10">
<div class="info">
<h5 class="test-status text-pass">DS-Algo Sign In</h5>
<span class='badge badge-success'>05.03.2023 4:52:24 PM</span>
<span class='badge badge-danger'>05.03.2023 4:52:31 PM</span>
<span class='badge badge-default'>00:00:06:816</span>
&middot; <span class='uri-anchor badge badge-default'>#test-id=191</span>
<span class='badge badge-default pointer float-right ml-1 et'><i class="fa fa-chevron-down"></i></span>
<span class='badge badge-default pointer float-right ct'><i class="fa fa-chevron-up"></i></span>
</div>
<div class="m-t-10 m-l-5"></div>
</div>
</div>
<div class="accordion mt-4">
  <div class="card">
    <div class="card-header" role="tab">
      <div class="card-title">
        <div class="node" id="192"><span class="badge log pass-bg mr-2">Pass</span>user navigate to sign in  page</div>
      </div>
    </div>
        <div class="scenario_outline collapse">
            <div class="card-body l1">
              <div class="card-header">
                <div class="card-title outline-child">
                  <div class="node" id="193"><span class="badge log pass-bg mr-2">Pass</span>user navigate to sign in  page</div>
                </div>
              </div>
              <div class="card-body mt-3 collapse">
                  <div class="step pass-bg">
                    <span>Given user launches login page</span>
      <div>
      </div>
                  </div>
                  <div class="step pass-bg">
                    <span>When user login using username and password from given "<SheetName>" and 0</span>
      <div>
      </div>
                  </div>
              </div>
            </div>
            <div class="card-body l1">
              <div class="card-header">
                <div class="card-title outline-child">
                  <div class="node" id="199"><span class="badge log pass-bg mr-2">Pass</span>user navigate to sign in  page</div>
                </div>
              </div>
              <div class="card-body mt-3 collapse">
                  <div class="step pass-bg">
                    <span>Given user launches login page</span>
      <div>
      </div>
                  </div>
                  <div class="step pass-bg">
                    <span>When user login using username and password from given "<SheetName>" and 1</span>
      <div>
      </div>
                  </div>
              </div>
            </div>
            <div class="card-body l1">
              <div class="card-header">
                <div class="card-title outline-child">
                  <div class="node" id="205"><span class="badge log pass-bg mr-2">Pass</span>user navigate to sign in  page</div>
                </div>
              </div>
              <div class="card-body mt-3 collapse">
                  <div class="step pass-bg">
                    <span>Given user launches login page</span>
      <div>
      </div>
                  </div>
                  <div class="step pass-bg">
                    <span>When user login using username and password from given "<SheetName>" and 2</span>
      <div>
      </div>
                  </div>
              </div>
            </div>
            <div class="card-body l1">
              <div class="card-header">
                <div class="card-title outline-child">
                  <div class="node" id="211"><span class="badge log pass-bg mr-2">Pass</span>user navigate to sign in  page</div>
                </div>
              </div>
              <div class="card-body mt-3 collapse">
                  <div class="step pass-bg">
                    <span>Given user launches login page</span>
      <div>
      </div>
                  </div>
                  <div class="step pass-bg">
                    <span>When user login using username and password from given "<SheetName>" and 3</span>
      <div>
      </div>
                  </div>
              </div>
            </div>
            <div class="card-body l1">
              <div class="card-header">
                <div class="card-title outline-child">
                  <div class="node" id="217"><span class="badge log pass-bg mr-2">Pass</span>user navigate to sign in  page</div>
                </div>
              </div>
              <div class="card-body mt-3 collapse">
                  <div class="step pass-bg">
                    <span>Given user launches login page</span>
      <div>
      </div>
                  </div>
                  <div class="step pass-bg">
                    <span>When user login using username and password from given "<SheetName>" and 4</span>
      <div>
      </div>
                  </div>
              </div>
            </div>
            <div class="card-body l1">
              <div class="card-header">
                <div class="card-title outline-child">
                  <div class="node" id="223"><span class="badge log pass-bg mr-2">Pass</span>user navigate to sign in  page</div>
                </div>
              </div>
              <div class="card-body mt-3 collapse">
                  <div class="step pass-bg">
                    <span>Given user launches login page</span>
      <div>
      </div>
                  </div>
                  <div class="step pass-bg">
                    <span>When user login using username and password from given "<SheetName>" and 5</span>
      <div>
      </div>
                  </div>
              </div>
            </div>
            <div class="card-body l1">
              <div class="card-header">
                <div class="card-title outline-child">
                  <div class="node" id="229"><span class="badge log pass-bg mr-2">Pass</span>user navigate to sign in  page</div>
                </div>
              </div>
              <div class="card-body mt-3 collapse">
                  <div class="step pass-bg">
                    <span>Given user launches login page</span>
      <div>
      </div>
                  </div>
                  <div class="step pass-bg">
                    <span>When user login using username and password from given "<SheetName>" and 6</span>
      <div>
      </div>
                  </div>
              </div>
            </div>
            <div class="card-body l1">
              <div class="card-header">
                <div class="card-title outline-child">
                  <div class="node" id="235"><span class="badge log pass-bg mr-2">Pass</span>user navigate to sign in  page</div>
                </div>
              </div>
              <div class="card-body mt-3 collapse">
                  <div class="step pass-bg">
                    <span>Given user launches login page</span>
      <div>
      </div>
                  </div>
                  <div class="step pass-bg">
                    <span>When user login using username and password from given "<SheetName>" and 7</span>
      <div>
      </div>
                  </div>
              </div>
            </div>
        </div>
  </div>
</div>
          </div>
        </li>
        <li class="test-item"  status="fail" test-id="241"
          author=""
          tag=""
          device="">
          <div class="test-detail">
            <p class="name">DS-ALGO Project</p>
            <p class="text-sm">
              <span>4:52:31 PM</span> / <span>00:00:01:918</span>
              <span class="badge fail-bg log float-right">Fail</span>
            </p>
          </div>
          <div class="test-contents d-none">
<div class="detail-head">
<div class="p-v-10">
<div class="info">
<h5 class="test-status text-fail">DS-ALGO Project</h5>
<span class='badge badge-success'>05.03.2023 4:52:31 PM</span>
<span class='badge badge-danger'>05.03.2023 4:52:33 PM</span>
<span class='badge badge-default'>00:00:01:918</span>
&middot; <span class='uri-anchor badge badge-default'>#test-id=241</span>
<span class='badge badge-default pointer float-right ml-1 et'><i class="fa fa-chevron-down"></i></span>
<span class='badge badge-default pointer float-right ct'><i class="fa fa-chevron-up"></i></span>
</div>
<div class="m-t-10 m-l-5"></div>
</div>
</div>
<div class="accordion mt-4">
  <div class="card">
    <div class="card-header" role="tab">
      <div class="card-title">
        <div class="node" id="242"><span class="badge log fail-bg mr-2">Fail</span>Opeing DS-Algo portal link</div>
          <div class="status-avatar float-right mr-4">
            <i class="fa fa-paperclip"></i>
          </div>
      </div>
    </div>
        <div class="">
          <div class="card-body">
              <div class="step pass-bg" title="StepDefinition.Collections.the_user_opens_ds_algo_portal_link()">
                <span>Given The user opens DS-Algo portal link</span>
      <div>
      </div>
              </div>
              <div class="step pass-bg" title="StepDefinition.Collections.user_clicks_button(java.lang.String)">
                <span>When user clicks "Get Started" button</span>
      <div>
      </div>
              </div>
              <div class="step pass-bg" title="StepDefinition.Collections.user_should_be_redirected_to_the_homepage_and_see_different_collections(java.lang.Integer)">
                <span>Then user should be redirected to the homepage and see 6 different collections</span>
      <div>
      </div>
              </div>
              <div class="step pass-bg" title="StepDefinition.Collections.user_click_on_the_dropdown_arrow_and_sees_different_collections(java.lang.String,java.lang.Integer)">
                <span>Then user click on the "Data Structures" dropdown arrow and sees 6 different collections</span>
      <div>
      </div>
              </div>
              <div class="step pass-bg" title="StepDefinition.Collections.user_clicks_any_one_collection_from_dropdown()">
                <span>And user clicks any one collection from dropdown</span>
      <div>
      </div>
              </div>
              <div class="step fail-bg" title="StepDefinition.Collections.user_get_alert_message(java.lang.String)">
                <span>And user get alert message "you are not logged in"</span>
      <div>
        <textarea disabled class="code-block">org.openqa.selenium.NoSuchElementException: Unable to locate element: //*[@class='alert alert-primary']
For documentation on this error, please visit: https://selenium.dev/exceptions/#no_such_element
Build info: version: '4.8.0', revision: '267030adea'
System info: os.name: 'Windows 11', os.arch: 'amd64', os.version: '10.0', java.version: '17.0.6'
Driver info: org.openqa.selenium.firefox.FirefoxDriver
Command: [cbe76d4a-aad3-426d-bdc5-e05f3eea5d97, findElement {using=xpath, value=//*[@class='alert alert-primary']}]
Capabilities {acceptInsecureCerts: true, browserName: firefox, browserVersion: 112.0.2, moz:accessibilityChecks: false, moz:buildID: 20230424110519, moz:debuggerAddress: 127.0.0.1:22539, moz:geckodriverVersion: 0.33.0, moz:headless: false, moz:platformVersion: 10.0, moz:processID: 8648, moz:profile: C:\Users\dadit\AppData\Loca..., moz:shutdownTimeout: 60000, moz:useNonSpecCompliantPointerOrigin: false, moz:webdriverClick: true, moz:windowless: false, pageLoadStrategy: normal, platformName: WINDOWS, proxy: Proxy(), se:cdp: ws://127.0.0.1:22539/devtoo..., se:cdpVersion: 85.0, setWindowRect: true, strictFileInteractability: false, timeouts: {implicit: 0, pageLoad: 300000, script: 30000}, unhandledPromptBehavior: dismiss and notify}
Session ID: cbe76d4a-aad3-426d-bdc5-e05f3eea5d97
	at java.base/jdk.internal.reflect.NativeConstructorAccessorImpl.newInstance0(Native Method)
	at java.base/jdk.internal.reflect.NativeConstructorAccessorImpl.newInstance(NativeConstructorAccessorImpl.java:77)
	at java.base/jdk.internal.reflect.DelegatingConstructorAccessorImpl.newInstance(DelegatingConstructorAccessorImpl.java:45)
	at java.base/java.lang.reflect.Constructor.newInstanceWithCaller(Constructor.java:499)
	at java.base/java.lang.reflect.Constructor.newInstance(Constructor.java:480)
	at org.openqa.selenium.remote.codec.w3c.W3CHttpResponseCodec.createException(W3CHttpResponseCodec.java:200)
	at org.openqa.selenium.remote.codec.w3c.W3CHttpResponseCodec.decode(W3CHttpResponseCodec.java:133)
	at org.openqa.selenium.remote.codec.w3c.W3CHttpResponseCodec.decode(W3CHttpResponseCodec.java:53)
	at org.openqa.selenium.remote.HttpCommandExecutor.execute(HttpCommandExecutor.java:184)
	at org.openqa.selenium.remote.service.DriverCommandExecutor.invokeExecute(DriverCommandExecutor.java:167)
	at org.openqa.selenium.remote.service.DriverCommandExecutor.execute(DriverCommandExecutor.java:142)
	at org.openqa.selenium.remote.RemoteWebDriver.execute(RemoteWebDriver.java:543)
	at org.openqa.selenium.remote.ElementLocation$ElementFinder$2.findElement(ElementLocation.java:162)
	at org.openqa.selenium.remote.ElementLocation.findElement(ElementLocation.java:60)
	at org.openqa.selenium.remote.RemoteWebDriver.findElement(RemoteWebDriver.java:352)
	at org.openqa.selenium.remote.RemoteWebDriver.findElement(RemoteWebDriver.java:344)
	at org.openqa.selenium.support.pagefactory.DefaultElementLocator.findElement(DefaultElementLocator.java:70)
	at org.openqa.selenium.support.pagefactory.internal.LocatingElementHandler.invoke(LocatingElementHandler.java:39)
	at jdk.proxy2/jdk.proxy2.$Proxy45.getText(Unknown Source)
	at pages.CollectionsPage.errorMessage(CollectionsPage.java:170)
	at StepDefinition.Collections.user_get_alert_message(Collections.java:74)
	at ✽.user get alert message "you are not logged in"(file:///C:/Users/dadit/eclipse-workspace/DS-Algo/src/test/resources/features/MainPage.feature:30)
</textarea>
      
      </div>
              </div>
              <div class="step pass-bg" title="AFTER_STEP">
                <span>hooks.Hooks.afterstep(io.cucumber.java.Scenario)</span>
      <div>My screenshot
          <div class="row mb-3"><div class="col-md-3">
<img data-featherlight='../Screenshots/embedded13.png' src="../Screenshots/embedded13.png">
    
    </div></div>
</div>
      <div>
      </div>
              </div>
              <div class="step skip-bg" title="StepDefinition.Collections.user_click_on_data_structure_button(java.lang.String)">
                <span>Then user click on Data Structure "getstarted" button</span>
      <div>Step skipped
      </div>
              </div>
              <div class="step skip-bg" title="StepDefinition.Collections.user_get_alert_message(java.lang.String)">
                <span>And user get alert message "you are not logged in"</span>
      <div>Step skipped
      </div>
              </div>
              <div class="step skip-bg" title="StepDefinition.Collections.user_clicks_in_home_page(java.lang.String)">
                <span>When user clicks "Sign In" in homePage</span>
      <div>Step skipped
      </div>
              </div>
              <div class="step skip-bg" title="StepDefinition.Collections.user_is_redirected_to_sign_in_page()">
                <span>Then user is redirected to Sign In page</span>
      <div>Step skipped
      </div>
              </div>
          </div>
        </div>
  </div>
</div>
          </div>
        </li>
        <li class="test-item"  status="fail" test-id="264"
          author=""
          tag=""
          device="">
          <div class="test-detail">
            <p class="name">Queue page</p>
            <p class="text-sm">
              <span>4:52:33 PM</span> / <span>00:00:07:174</span>
              <span class="badge fail-bg log float-right">Fail</span>
            </p>
          </div>
          <div class="test-contents d-none">
<div class="detail-head">
<div class="p-v-10">
<div class="info">
<h5 class="test-status text-fail">Queue page</h5>
<span class='badge badge-success'>05.03.2023 4:52:33 PM</span>
<span class='badge badge-danger'>05.03.2023 4:52:40 PM</span>
<span class='badge badge-default'>00:00:07:174</span>
&middot; <span class='uri-anchor badge badge-default'>#test-id=264</span>
<span class='badge badge-default pointer float-right ml-1 et'><i class="fa fa-chevron-down"></i></span>
<span class='badge badge-default pointer float-right ct'><i class="fa fa-chevron-up"></i></span>
</div>
<div class="m-t-10 m-l-5"></div>
</div>
</div>
<div class="accordion mt-4">
  <div class="card">
    <div class="card-header" role="tab">
      <div class="card-title">
        <div class="node" id="265"><span class="badge log fail-bg mr-2">Fail</span>user navigate to Queue page and works on Implementation Queue in Python</div>
          <div class="status-avatar float-right mr-4">
            <i class="fa fa-paperclip"></i>
          </div>
      </div>
    </div>
        <div class="scenario_outline ">
            <div class="card-body l1">
              <div class="card-header">
                <div class="card-title outline-child">
                  <div class="node" id="266"><span class="badge log fail-bg mr-2">Fail</span>user navigate to Queue page and works on Implementation Queue in Python</div>
                    <div class="status-avatar float-right">
                      <i class="fa fa-paperclip"></i>
                    </div>
                </div>
              </div>
              <div class="card-body mt-3 ">
                  <div class="step pass-bg">
                    <span>Given user login with username "Numpyninja95AT" and password "sdet95batchAT"</span>
      <div>
      </div>
                  </div>
                  <div class="step pass-bg">
                    <span>Given user clicks "Get started"  in Queue field</span>
      <div>
      </div>
                  </div>
                  <div class="step pass-bg">
                    <span>When user click "Implementation Queue in Python" first link  in the Queue</span>
      <div>
      </div>
                  </div>
                  <div class="step pass-bg">
                    <span>Then user clicks "Try here"</span>
      <div>
      </div>
                  </div>
                  <div class="step fail-bg">
                    <span>Then user enters code in tryEditor from "pythonCode" and 0  then click run , output is printed</span>
      <div>
        <textarea disabled class="code-block">java.lang.Error: Unresolved compilation problems: 
	Unhandled exception type InterruptedException
	Unhandled exception type InvalidFormatException

	at pages.CollectionsPage.enterPythonCode(CollectionsPage.java:258)
	at StepDefinition.Collections.user_enters_code_in_try_editor_from_sheet_number_and_then_click_run_output_is_printed(Collections.java:194)
	at ✽.user enters code in tryEditor from "pythonCode" and 0  then click run , output is printed(file:///C:/Users/dadit/eclipse-workspace/DS-Algo/src/test/resources/features/Queue.feature:27)
</textarea>
      
      </div>
                  </div>
                  <div class="step pass-bg">
                    <span>hooks.Hooks.afterstep(io.cucumber.java.Scenario)</span>
      <div>My screenshot
          <div class="row mb-3"><div class="col-md-3">
<img data-featherlight='../Screenshots/embedded14.png' src="../Screenshots/embedded14.png">
    
    </div></div>
</div>
      <div>
      </div>
                  </div>
              </div>
            </div>
        </div>
  </div>
  <div class="card">
    <div class="card-header" role="tab">
      <div class="card-title">
        <div class="node" id="278"><span class="badge log fail-bg mr-2">Fail</span>user does Implementation Using Collection.deque</div>
          <div class="status-avatar float-right mr-4">
            <i class="fa fa-paperclip"></i>
          </div>
      </div>
    </div>
        <div class="scenario_outline ">
            <div class="card-body l1">
              <div class="card-header">
                <div class="card-title outline-child">
                  <div class="node" id="279"><span class="badge log fail-bg mr-2">Fail</span>user does Implementation Using Collection.deque</div>
                    <div class="status-avatar float-right">
                      <i class="fa fa-paperclip"></i>
                    </div>
                </div>
              </div>
              <div class="card-body mt-3 ">
                  <div class="step pass-bg">
                    <span>Given user is in Queue homepage</span>
      <div>
      </div>
                  </div>
                  <div class="step pass-bg">
                    <span>When user click "Implementation Using Collection.deque" second link  in the Queue</span>
      <div>
      </div>
                  </div>
                  <div class="step pass-bg">
                    <span>Then user clicks "Try here"</span>
      <div>
      </div>
                  </div>
                  <div class="step fail-bg">
                    <span>Then user enters code in tryEditor from "pythonCode" and 0  then click run , output is printed</span>
      <div>
        <textarea disabled class="code-block">java.lang.Error: Unresolved compilation problems: 
	Unhandled exception type InterruptedException
	Unhandled exception type InvalidFormatException

	at pages.CollectionsPage.enterPythonCode(CollectionsPage.java:258)
	at StepDefinition.Collections.user_enters_code_in_try_editor_from_sheet_number_and_then_click_run_output_is_printed(Collections.java:194)
	at ✽.user enters code in tryEditor from "pythonCode" and 0  then click run , output is printed(file:///C:/Users/dadit/eclipse-workspace/DS-Algo/src/test/resources/features/Queue.feature:37)
</textarea>
      
      </div>
                  </div>
                  <div class="step pass-bg">
                    <span>hooks.Hooks.afterstep(io.cucumber.java.Scenario)</span>
      <div>My screenshot
          <div class="row mb-3"><div class="col-md-3">
<img data-featherlight='../Screenshots/embedded15.png' src="../Screenshots/embedded15.png">
    
    </div></div>
</div>
      <div>
      </div>
                  </div>
              </div>
            </div>
        </div>
  </div>
  <div class="card">
    <div class="card-header" role="tab">
      <div class="card-title">
        <div class="node" id="289"><span class="badge log fail-bg mr-2">Fail</span>user does Implementation Using Array</div>
          <div class="status-avatar float-right mr-4">
            <i class="fa fa-paperclip"></i>
          </div>
      </div>
    </div>
        <div class="scenario_outline ">
            <div class="card-body l1">
              <div class="card-header">
                <div class="card-title outline-child">
                  <div class="node" id="290"><span class="badge log fail-bg mr-2">Fail</span>user does Implementation Using Array</div>
                    <div class="status-avatar float-right">
                      <i class="fa fa-paperclip"></i>
                    </div>
                </div>
              </div>
              <div class="card-body mt-3 ">
                  <div class="step pass-bg">
                    <span>Given user is in Queue homepage</span>
      <div>
      </div>
                  </div>
                  <div class="step pass-bg">
                    <span>When user click "Implementation Using Array" third link in the Queue</span>
      <div>
      </div>
                  </div>
                  <div class="step pass-bg">
                    <span>Then user clicks "Try here"</span>
      <div>
      </div>
                  </div>
                  <div class="step fail-bg">
                    <span>Then user enters code in tryEditor from "pythonCode" and 0  then click run , output is printed</span>
      <div>
        <textarea disabled class="code-block">java.lang.Error: Unresolved compilation problems: 
	Unhandled exception type InterruptedException
	Unhandled exception type InvalidFormatException

	at pages.CollectionsPage.enterPythonCode(CollectionsPage.java:258)
	at StepDefinition.Collections.user_enters_code_in_try_editor_from_sheet_number_and_then_click_run_output_is_printed(Collections.java:194)
	at ✽.user enters code in tryEditor from "pythonCode" and 0  then click run , output is printed(file:///C:/Users/dadit/eclipse-workspace/DS-Algo/src/test/resources/features/Queue.feature:47)
</textarea>
      
      </div>
                  </div>
                  <div class="step pass-bg">
                    <span>hooks.Hooks.afterstep(io.cucumber.java.Scenario)</span>
      <div>My screenshot
          <div class="row mb-3"><div class="col-md-3">
<img data-featherlight='../Screenshots/embedded16.png' src="../Screenshots/embedded16.png">
    
    </div></div>
</div>
      <div>
      </div>
                  </div>
                  <div class="step skip-bg">
                    <span>And user navigate to homepage</span>
      <div>Step skipped
      </div>
                  </div>
              </div>
            </div>
        </div>
  </div>
  <div class="card">
    <div class="card-header" role="tab">
      <div class="card-title">
        <div class="node" id="302"><span class="badge log fail-bg mr-2">Fail</span>user does Queue Operations</div>
          <div class="status-avatar float-right mr-4">
            <i class="fa fa-paperclip"></i>
          </div>
      </div>
    </div>
        <div class="scenario_outline ">
            <div class="card-body l1">
              <div class="card-header">
                <div class="card-title outline-child">
                  <div class="node" id="303"><span class="badge log fail-bg mr-2">Fail</span>user does Queue Operations</div>
                    <div class="status-avatar float-right">
                      <i class="fa fa-paperclip"></i>
                    </div>
                </div>
              </div>
              <div class="card-body mt-3 ">
                  <div class="step pass-bg">
                    <span>Given user is in Queue homepage</span>
      <div>
      </div>
                  </div>
                  <div class="step pass-bg">
                    <span>When user click "Queue Operations" fourth link in the Queue</span>
      <div>
      </div>
                  </div>
                  <div class="step pass-bg">
                    <span>Then user clicks "Try here"</span>
      <div>
      </div>
                  </div>
                  <div class="step fail-bg">
                    <span>Then user enters code in tryEditor from "pythonCode" and 0  then click run , output is printed</span>
      <div>
        <textarea disabled class="code-block">java.lang.Error: Unresolved compilation problems: 
	Unhandled exception type InterruptedException
	Unhandled exception type InvalidFormatException

	at pages.CollectionsPage.enterPythonCode(CollectionsPage.java:258)
	at StepDefinition.Collections.user_enters_code_in_try_editor_from_sheet_number_and_then_click_run_output_is_printed(Collections.java:194)
	at ✽.user enters code in tryEditor from "pythonCode" and 0  then click run , output is printed(file:///C:/Users/dadit/eclipse-workspace/DS-Algo/src/test/resources/features/Queue.feature:57)
</textarea>
      
      </div>
                  </div>
                  <div class="step pass-bg">
                    <span>hooks.Hooks.afterstep(io.cucumber.java.Scenario)</span>
      <div>My screenshot
          <div class="row mb-3"><div class="col-md-3">
<img data-featherlight='../Screenshots/embedded17.png' src="../Screenshots/embedded17.png">
    
    </div></div>
</div>
      <div>
      </div>
                  </div>
                  <div class="step skip-bg">
                    <span>And user navigate to homepage</span>
      <div>Step skipped
      </div>
                  </div>
              </div>
            </div>
        </div>
  </div>
</div>
          </div>
        </li>
        <li class="test-item"  status="fail" test-id="315"
          author=""
          tag=""
          device="">
          <div class="test-detail">
            <p class="name">user registration page</p>
            <p class="text-sm">
              <span>4:52:40 PM</span> / <span>00:00:03:459</span>
              <span class="badge fail-bg log float-right">Fail</span>
            </p>
          </div>
          <div class="test-contents d-none">
<div class="detail-head">
<div class="p-v-10">
<div class="info">
<h5 class="test-status text-fail">user registration page</h5>
<span class='badge badge-success'>05.03.2023 4:52:40 PM</span>
<span class='badge badge-danger'>05.03.2023 4:52:43 PM</span>
<span class='badge badge-default'>00:00:03:459</span>
&middot; <span class='uri-anchor badge badge-default'>#test-id=315</span>
<span class='badge badge-default pointer float-right ml-1 et'><i class="fa fa-chevron-down"></i></span>
<span class='badge badge-default pointer float-right ct'><i class="fa fa-chevron-up"></i></span>
</div>
<div class="m-t-10 m-l-5"></div>
</div>
</div>
<div class="accordion mt-4">
  <div class="card">
    <div class="card-header" role="tab">
      <div class="card-title">
        <div class="node" id="316"><span class="badge log fail-bg mr-2">Fail</span>The user is presented with error message for empty fields below Username textbox</div>
          <div class="status-avatar float-right mr-4">
            <i class="fa fa-paperclip"></i>
          </div>
      </div>
    </div>
        <div class="">
          <div class="card-body">
              <div class="step pass-bg" title="StepDefinition.Register.the_user_opens_register_page()">
                <span>Given The user opens Register Page</span>
      <div>
      </div>
              </div>
              <div class="step fail-bg" title="StepDefinition.Register.the_user_clicks_button_with_all_fields_empty(java.lang.String)">
                <span>When The user clicks "Register" button with all fields empty</span>
      <div>
        <textarea disabled class="code-block">org.openqa.selenium.NoSuchElementException: Unable to locate element: Register
For documentation on this error, please visit: https://selenium.dev/exceptions/#no_such_element
Build info: version: '4.8.0', revision: '267030adea'
System info: os.name: 'Windows 11', os.arch: 'amd64', os.version: '10.0', java.version: '17.0.6'
Driver info: org.openqa.selenium.firefox.FirefoxDriver
Command: [cbe76d4a-aad3-426d-bdc5-e05f3eea5d97, findElement {using=link text, value=Register}]
Capabilities {acceptInsecureCerts: true, browserName: firefox, browserVersion: 112.0.2, moz:accessibilityChecks: false, moz:buildID: 20230424110519, moz:debuggerAddress: 127.0.0.1:22539, moz:geckodriverVersion: 0.33.0, moz:headless: false, moz:platformVersion: 10.0, moz:processID: 8648, moz:profile: C:\Users\dadit\AppData\Loca..., moz:shutdownTimeout: 60000, moz:useNonSpecCompliantPointerOrigin: false, moz:webdriverClick: true, moz:windowless: false, pageLoadStrategy: normal, platformName: WINDOWS, proxy: Proxy(), se:cdp: ws://127.0.0.1:22539/devtoo..., se:cdpVersion: 85.0, setWindowRect: true, strictFileInteractability: false, timeouts: {implicit: 0, pageLoad: 300000, script: 30000}, unhandledPromptBehavior: dismiss and notify}
Session ID: cbe76d4a-aad3-426d-bdc5-e05f3eea5d97
	at java.base/jdk.internal.reflect.NativeConstructorAccessorImpl.newInstance0(Native Method)
	at java.base/jdk.internal.reflect.NativeConstructorAccessorImpl.newInstance(NativeConstructorAccessorImpl.java:77)
	at java.base/jdk.internal.reflect.DelegatingConstructorAccessorImpl.newInstance(DelegatingConstructorAccessorImpl.java:45)
	at java.base/java.lang.reflect.Constructor.newInstanceWithCaller(Constructor.java:499)
	at java.base/java.lang.reflect.Constructor.newInstance(Constructor.java:480)
	at org.openqa.selenium.remote.codec.w3c.W3CHttpResponseCodec.createException(W3CHttpResponseCodec.java:200)
	at org.openqa.selenium.remote.codec.w3c.W3CHttpResponseCodec.decode(W3CHttpResponseCodec.java:133)
	at org.openqa.selenium.remote.codec.w3c.W3CHttpResponseCodec.decode(W3CHttpResponseCodec.java:53)
	at org.openqa.selenium.remote.HttpCommandExecutor.execute(HttpCommandExecutor.java:184)
	at org.openqa.selenium.remote.service.DriverCommandExecutor.invokeExecute(DriverCommandExecutor.java:167)
	at org.openqa.selenium.remote.service.DriverCommandExecutor.execute(DriverCommandExecutor.java:142)
	at org.openqa.selenium.remote.RemoteWebDriver.execute(RemoteWebDriver.java:543)
	at org.openqa.selenium.remote.ElementLocation$ElementFinder$2.findElement(ElementLocation.java:162)
	at org.openqa.selenium.remote.ElementLocation.findElement(ElementLocation.java:60)
	at org.openqa.selenium.remote.RemoteWebDriver.findElement(RemoteWebDriver.java:352)
	at org.openqa.selenium.remote.RemoteWebDriver.findElement(RemoteWebDriver.java:344)
	at pages.registerPage.clickRegisterLink(registerPage.java:49)
	at StepDefinition.Register.the_user_clicks_button_with_all_fields_empty(Register.java:40)
	at ✽.The user clicks "Register" button with all fields empty(file:///C:/Users/dadit/eclipse-workspace/DS-Algo/src/test/resources/features/Register.feature:25)
</textarea>
      
      </div>
              </div>
              <div class="step pass-bg" title="AFTER_STEP">
                <span>hooks.Hooks.afterstep(io.cucumber.java.Scenario)</span>
      <div>My screenshot
          <div class="row mb-3"><div class="col-md-3">
<img data-featherlight='../Screenshots/embedded18.png' src="../Screenshots/embedded18.png">
    
    </div></div>
</div>
      <div>
      </div>
              </div>
              <div class="step skip-bg" title="StepDefinition.Register.it_should_display_an_error_message_below_username_textbox(java.lang.String)">
                <span>Then It should display an error message "Please fill out this field." below Username textbox</span>
      <div>Step skipped
      </div>
              </div>
          </div>
        </div>
  </div>
  <div class="card">
    <div class="card-header" role="tab">
      <div class="card-title">
        <div class="node" id="324"><span class="badge log fail-bg mr-2">Fail</span>The user is presented with error message for empty fields below Password textbox</div>
          <div class="status-avatar float-right mr-4">
            <i class="fa fa-paperclip"></i>
          </div>
      </div>
    </div>
        <div class="">
          <div class="card-body">
              <div class="step pass-bg" title="StepDefinition.Register.the_user_opens_register_page()">
                <span>Given The user opens Register Page</span>
      <div>
      </div>
              </div>
              <div class="step fail-bg" title="StepDefinition.Register.the_user_enters_with_other_fields_empty_and_user_clicks_register_button(java.lang.String,io.cucumber.datatable.DataTable)">
                <span>When The user  enters "username" with other fields empty and user clicks register button</span>
      <div><table class='markup-table table '><tr><td>username</td></tr><tr><td>sdet95batch</td></tr></table>
      </div>
      <div>
        <textarea disabled class="code-block">org.openqa.selenium.NoSuchElementException: Unable to locate element: Register
For documentation on this error, please visit: https://selenium.dev/exceptions/#no_such_element
Build info: version: '4.8.0', revision: '267030adea'
System info: os.name: 'Windows 11', os.arch: 'amd64', os.version: '10.0', java.version: '17.0.6'
Driver info: org.openqa.selenium.firefox.FirefoxDriver
Command: [cbe76d4a-aad3-426d-bdc5-e05f3eea5d97, findElement {using=link text, value=Register}]
Capabilities {acceptInsecureCerts: true, browserName: firefox, browserVersion: 112.0.2, moz:accessibilityChecks: false, moz:buildID: 20230424110519, moz:debuggerAddress: 127.0.0.1:22539, moz:geckodriverVersion: 0.33.0, moz:headless: false, moz:platformVersion: 10.0, moz:processID: 8648, moz:profile: C:\Users\dadit\AppData\Loca..., moz:shutdownTimeout: 60000, moz:useNonSpecCompliantPointerOrigin: false, moz:webdriverClick: true, moz:windowless: false, pageLoadStrategy: normal, platformName: WINDOWS, proxy: Proxy(), se:cdp: ws://127.0.0.1:22539/devtoo..., se:cdpVersion: 85.0, setWindowRect: true, strictFileInteractability: false, timeouts: {implicit: 0, pageLoad: 300000, script: 30000}, unhandledPromptBehavior: dismiss and notify}
Session ID: cbe76d4a-aad3-426d-bdc5-e05f3eea5d97
	at java.base/jdk.internal.reflect.NativeConstructorAccessorImpl.newInstance0(Native Method)
	at java.base/jdk.internal.reflect.NativeConstructorAccessorImpl.newInstance(NativeConstructorAccessorImpl.java:77)
	at java.base/jdk.internal.reflect.DelegatingConstructorAccessorImpl.newInstance(DelegatingConstructorAccessorImpl.java:45)
	at java.base/java.lang.reflect.Constructor.newInstanceWithCaller(Constructor.java:499)
	at java.base/java.lang.reflect.Constructor.newInstance(Constructor.java:480)
	at org.openqa.selenium.remote.codec.w3c.W3CHttpResponseCodec.createException(W3CHttpResponseCodec.java:200)
	at org.openqa.selenium.remote.codec.w3c.W3CHttpResponseCodec.decode(W3CHttpResponseCodec.java:133)
	at org.openqa.selenium.remote.codec.w3c.W3CHttpResponseCodec.decode(W3CHttpResponseCodec.java:53)
	at org.openqa.selenium.remote.HttpCommandExecutor.execute(HttpCommandExecutor.java:184)
	at org.openqa.selenium.remote.service.DriverCommandExecutor.invokeExecute(DriverCommandExecutor.java:167)
	at org.openqa.selenium.remote.service.DriverCommandExecutor.execute(DriverCommandExecutor.java:142)
	at org.openqa.selenium.remote.RemoteWebDriver.execute(RemoteWebDriver.java:543)
	at org.openqa.selenium.remote.ElementLocation$ElementFinder$2.findElement(ElementLocation.java:162)
	at org.openqa.selenium.remote.ElementLocation.findElement(ElementLocation.java:60)
	at org.openqa.selenium.remote.RemoteWebDriver.findElement(RemoteWebDriver.java:352)
	at org.openqa.selenium.remote.RemoteWebDriver.findElement(RemoteWebDriver.java:344)
	at pages.registerPage.clickRegisterLink(registerPage.java:49)
	at StepDefinition.Register.the_user_enters_with_other_fields_empty_and_user_clicks_register_button(Register.java:53)
	at ✽.The user  enters "username" with other fields empty and user clicks register button(file:///C:/Users/dadit/eclipse-workspace/DS-Algo/src/test/resources/features/Register.feature:31)
</textarea>
      
      </div>
              </div>
              <div class="step pass-bg" title="AFTER_STEP">
                <span>hooks.Hooks.afterstep(io.cucumber.java.Scenario)</span>
      <div>My screenshot
          <div class="row mb-3"><div class="col-md-3">
<img data-featherlight='../Screenshots/embedded19.png' src="../Screenshots/embedded19.png">
    
    </div></div>
</div>
      <div>
      </div>
              </div>
              <div class="step skip-bg" title="StepDefinition.Register.it_should_display_an_error_message_below_password_textbox(java.lang.String)">
                <span>Then It should display an error message "Please fill out this field." below Password textbox</span>
      <div>Step skipped
      </div>
              </div>
          </div>
        </div>
  </div>
  <div class="card">
    <div class="card-header" role="tab">
      <div class="card-title">
        <div class="node" id="332"><span class="badge log fail-bg mr-2">Fail</span>The user is presented with error message for empty fields below confirm Password textbox</div>
          <div class="status-avatar float-right mr-4">
            <i class="fa fa-paperclip"></i>
          </div>
      </div>
    </div>
        <div class="">
          <div class="card-body">
              <div class="step pass-bg" title="StepDefinition.Register.the_user_opens_register_page()">
                <span>Given The user opens Register Page</span>
      <div>
      </div>
              </div>
              <div class="step fail-bg" title="StepDefinition.Register.the_user_enters_and_with_password_confirmation_field_empty_and_user_clicks_register_button(java.lang.String,java.lang.String,io.cucumber.datatable.DataTable)">
                <span>When The user  enters "username" and "password" with Password Confirmation field empty and user clicks register button</span>
      <div><table class='markup-table table '><tr><td>username</td><td>password</td></tr><tr><td>Numpyninja95AT</td><td>sdet95batchAT</td></tr></table>
      </div>
      <div>
        <textarea disabled class="code-block">org.openqa.selenium.NoSuchElementException: Unable to locate element: Register
For documentation on this error, please visit: https://selenium.dev/exceptions/#no_such_element
Build info: version: '4.8.0', revision: '267030adea'
System info: os.name: 'Windows 11', os.arch: 'amd64', os.version: '10.0', java.version: '17.0.6'
Driver info: org.openqa.selenium.firefox.FirefoxDriver
Command: [cbe76d4a-aad3-426d-bdc5-e05f3eea5d97, findElement {using=link text, value=Register}]
Capabilities {acceptInsecureCerts: true, browserName: firefox, browserVersion: 112.0.2, moz:accessibilityChecks: false, moz:buildID: 20230424110519, moz:debuggerAddress: 127.0.0.1:22539, moz:geckodriverVersion: 0.33.0, moz:headless: false, moz:platformVersion: 10.0, moz:processID: 8648, moz:profile: C:\Users\dadit\AppData\Loca..., moz:shutdownTimeout: 60000, moz:useNonSpecCompliantPointerOrigin: false, moz:webdriverClick: true, moz:windowless: false, pageLoadStrategy: normal, platformName: WINDOWS, proxy: Proxy(), se:cdp: ws://127.0.0.1:22539/devtoo..., se:cdpVersion: 85.0, setWindowRect: true, strictFileInteractability: false, timeouts: {implicit: 0, pageLoad: 300000, script: 30000}, unhandledPromptBehavior: dismiss and notify}
Session ID: cbe76d4a-aad3-426d-bdc5-e05f3eea5d97
	at java.base/jdk.internal.reflect.NativeConstructorAccessorImpl.newInstance0(Native Method)
	at java.base/jdk.internal.reflect.NativeConstructorAccessorImpl.newInstance(NativeConstructorAccessorImpl.java:77)
	at java.base/jdk.internal.reflect.DelegatingConstructorAccessorImpl.newInstance(DelegatingConstructorAccessorImpl.java:45)
	at java.base/java.lang.reflect.Constructor.newInstanceWithCaller(Constructor.java:499)
	at java.base/java.lang.reflect.Constructor.newInstance(Constructor.java:480)
	at org.openqa.selenium.remote.codec.w3c.W3CHttpResponseCodec.createException(W3CHttpResponseCodec.java:200)
	at org.openqa.selenium.remote.codec.w3c.W3CHttpResponseCodec.decode(W3CHttpResponseCodec.java:133)
	at org.openqa.selenium.remote.codec.w3c.W3CHttpResponseCodec.decode(W3CHttpResponseCodec.java:53)
	at org.openqa.selenium.remote.HttpCommandExecutor.execute(HttpCommandExecutor.java:184)
	at org.openqa.selenium.remote.service.DriverCommandExecutor.invokeExecute(DriverCommandExecutor.java:167)
	at org.openqa.selenium.remote.service.DriverCommandExecutor.execute(DriverCommandExecutor.java:142)
	at org.openqa.selenium.remote.RemoteWebDriver.execute(RemoteWebDriver.java:543)
	at org.openqa.selenium.remote.ElementLocation$ElementFinder$2.findElement(ElementLocation.java:162)
	at org.openqa.selenium.remote.ElementLocation.findElement(ElementLocation.java:60)
	at org.openqa.selenium.remote.RemoteWebDriver.findElement(RemoteWebDriver.java:352)
	at org.openqa.selenium.remote.RemoteWebDriver.findElement(RemoteWebDriver.java:344)
	at pages.registerPage.clickRegisterLink(registerPage.java:49)
	at StepDefinition.Register.the_user_enters_and_with_password_confirmation_field_empty_and_user_clicks_register_button(Register.java:78)
	at ✽.The user  enters "username" and "password" with Password Confirmation field empty and user clicks register button(file:///C:/Users/dadit/eclipse-workspace/DS-Algo/src/test/resources/features/Register.feature:39)
</textarea>
      
      </div>
              </div>
              <div class="step pass-bg" title="AFTER_STEP">
                <span>hooks.Hooks.afterstep(io.cucumber.java.Scenario)</span>
      <div>My screenshot
          <div class="row mb-3"><div class="col-md-3">
<img data-featherlight='../Screenshots/embedded20.png' src="../Screenshots/embedded20.png">
    
    </div></div>
</div>
      <div>
      </div>
              </div>
              <div class="step skip-bg" title="StepDefinition.Register.it_should_display_an_error_message_below_password_confirmation_textbox(java.lang.String)">
                <span>Then It should display an error message "Please fill out this field." below Password Confirmation textbox</span>
      <div>Step skipped
      </div>
              </div>
          </div>
        </div>
  </div>
  <div class="card">
    <div class="card-header" role="tab">
      <div class="card-title">
        <div class="node" id="340"><span class="badge log fail-bg mr-2">Fail</span>The user is presented with error message for invalid username</div>
          <div class="status-avatar float-right mr-4">
            <i class="fa fa-paperclip"></i>
          </div>
      </div>
    </div>
        <div class="">
          <div class="card-body">
              <div class="step pass-bg" title="StepDefinition.Register.the_user_opens_register_page()">
                <span>Given The user opens Register Page</span>
      <div>
      </div>
              </div>
              <div class="step fail-bg" title="StepDefinition.Register.the_user_enters_a_with_characters_other_than_letters_digits_and_with_and_and_user_clicks_register_button(java.lang.String,java.lang.String,java.lang.String,io.cucumber.datatable.DataTable)">
                <span>When The user enters a "username" with characters other than Letters, digits and @/./+/-/_   with "password" and "confirm_password" and user clicks register button</span>
      <div><table class='markup-table table '><tr><td>username</td><td>password</td><td>confirm_password</td></tr><tr><td>&**&**&</td><td>sdet95batchAT</td><td>sdet95batchAT</td></tr></table>
      </div>
      <div>
        <textarea disabled class="code-block">org.openqa.selenium.NoSuchElementException: Unable to locate element: Register
For documentation on this error, please visit: https://selenium.dev/exceptions/#no_such_element
Build info: version: '4.8.0', revision: '267030adea'
System info: os.name: 'Windows 11', os.arch: 'amd64', os.version: '10.0', java.version: '17.0.6'
Driver info: org.openqa.selenium.firefox.FirefoxDriver
Command: [cbe76d4a-aad3-426d-bdc5-e05f3eea5d97, findElement {using=link text, value=Register}]
Capabilities {acceptInsecureCerts: true, browserName: firefox, browserVersion: 112.0.2, moz:accessibilityChecks: false, moz:buildID: 20230424110519, moz:debuggerAddress: 127.0.0.1:22539, moz:geckodriverVersion: 0.33.0, moz:headless: false, moz:platformVersion: 10.0, moz:processID: 8648, moz:profile: C:\Users\dadit\AppData\Loca..., moz:shutdownTimeout: 60000, moz:useNonSpecCompliantPointerOrigin: false, moz:webdriverClick: true, moz:windowless: false, pageLoadStrategy: normal, platformName: WINDOWS, proxy: Proxy(), se:cdp: ws://127.0.0.1:22539/devtoo..., se:cdpVersion: 85.0, setWindowRect: true, strictFileInteractability: false, timeouts: {implicit: 0, pageLoad: 300000, script: 30000}, unhandledPromptBehavior: dismiss and notify}
Session ID: cbe76d4a-aad3-426d-bdc5-e05f3eea5d97
	at java.base/jdk.internal.reflect.NativeConstructorAccessorImpl.newInstance0(Native Method)
	at java.base/jdk.internal.reflect.NativeConstructorAccessorImpl.newInstance(NativeConstructorAccessorImpl.java:77)
	at java.base/jdk.internal.reflect.DelegatingConstructorAccessorImpl.newInstance(DelegatingConstructorAccessorImpl.java:45)
	at java.base/java.lang.reflect.Constructor.newInstanceWithCaller(Constructor.java:499)
	at java.base/java.lang.reflect.Constructor.newInstance(Constructor.java:480)
	at org.openqa.selenium.remote.codec.w3c.W3CHttpResponseCodec.createException(W3CHttpResponseCodec.java:200)
	at org.openqa.selenium.remote.codec.w3c.W3CHttpResponseCodec.decode(W3CHttpResponseCodec.java:133)
	at org.openqa.selenium.remote.codec.w3c.W3CHttpResponseCodec.decode(W3CHttpResponseCodec.java:53)
	at org.openqa.selenium.remote.HttpCommandExecutor.execute(HttpCommandExecutor.java:184)
	at org.openqa.selenium.remote.service.DriverCommandExecutor.invokeExecute(DriverCommandExecutor.java:167)
	at org.openqa.selenium.remote.service.DriverCommandExecutor.execute(DriverCommandExecutor.java:142)
	at org.openqa.selenium.remote.RemoteWebDriver.execute(RemoteWebDriver.java:543)
	at org.openqa.selenium.remote.ElementLocation$ElementFinder$2.findElement(ElementLocation.java:162)
	at org.openqa.selenium.remote.ElementLocation.findElement(ElementLocation.java:60)
	at org.openqa.selenium.remote.RemoteWebDriver.findElement(RemoteWebDriver.java:352)
	at org.openqa.selenium.remote.RemoteWebDriver.findElement(RemoteWebDriver.java:344)
	at pages.registerPage.clickRegisterLink(registerPage.java:49)
	at StepDefinition.Register.the_user_enters_a_with_characters_other_than_letters_digits_and_with_and_and_user_clicks_register_button(Register.java:96)
	at ✽.The user enters a "username" with characters other than Letters, digits and @/./+/-/_   with "password" and "confirm_password" and user clicks register button(file:///C:/Users/dadit/eclipse-workspace/DS-Algo/src/test/resources/features/Register.feature:47)
</textarea>
      
      </div>
              </div>
              <div class="step pass-bg" title="AFTER_STEP">
                <span>hooks.Hooks.afterstep(io.cucumber.java.Scenario)</span>
      <div>My screenshot
          <div class="row mb-3"><div class="col-md-3">
<img data-featherlight='../Screenshots/embedded21.png' src="../Screenshots/embedded21.png">
    
    </div></div>
</div>
      <div>
      </div>
              </div>
              <div class="step skip-bg" title="StepDefinition.Register.it_should_display_an_error_message(java.lang.String)">
                <span>Then It should display an error message "Please enter a valid username"</span>
      <div>Step skipped
      </div>
              </div>
          </div>
        </div>
  </div>
  <div class="card">
    <div class="card-header" role="tab">
      <div class="card-title">
        <div class="node" id="348"><span class="badge log fail-bg mr-2">Fail</span>The user is presented with error message for password mismatch</div>
          <div class="status-avatar float-right mr-4">
            <i class="fa fa-paperclip"></i>
          </div>
      </div>
    </div>
        <div class="">
          <div class="card-body">
              <div class="step pass-bg" title="StepDefinition.Register.the_user_opens_register_page()">
                <span>Given The user opens Register Page</span>
      <div>
      </div>
              </div>
              <div class="step fail-bg" title="StepDefinition.Register.the_user_enters_and_different_passwords_in_and_fields_and_user_clicks_register_button(java.lang.String,java.lang.String,java.lang.String,io.cucumber.datatable.DataTable)">
                <span>When The user enters "username" and different passwords in "password" and "confirm_password" fields and user clicks register button</span>
      <div><table class='markup-table table '><tr><td>username</td><td>password</td><td>confirm_password</td></tr><tr><td>Numpyninja95AT</td><td>sdet95batchAT</td><td>password</td></tr></table>
      </div>
      <div>
        <textarea disabled class="code-block">org.openqa.selenium.NoSuchElementException: Unable to locate element: Register
For documentation on this error, please visit: https://selenium.dev/exceptions/#no_such_element
Build info: version: '4.8.0', revision: '267030adea'
System info: os.name: 'Windows 11', os.arch: 'amd64', os.version: '10.0', java.version: '17.0.6'
Driver info: org.openqa.selenium.firefox.FirefoxDriver
Command: [cbe76d4a-aad3-426d-bdc5-e05f3eea5d97, findElement {using=link text, value=Register}]
Capabilities {acceptInsecureCerts: true, browserName: firefox, browserVersion: 112.0.2, moz:accessibilityChecks: false, moz:buildID: 20230424110519, moz:debuggerAddress: 127.0.0.1:22539, moz:geckodriverVersion: 0.33.0, moz:headless: false, moz:platformVersion: 10.0, moz:processID: 8648, moz:profile: C:\Users\dadit\AppData\Loca..., moz:shutdownTimeout: 60000, moz:useNonSpecCompliantPointerOrigin: false, moz:webdriverClick: true, moz:windowless: false, pageLoadStrategy: normal, platformName: WINDOWS, proxy: Proxy(), se:cdp: ws://127.0.0.1:22539/devtoo..., se:cdpVersion: 85.0, setWindowRect: true, strictFileInteractability: false, timeouts: {implicit: 0, pageLoad: 300000, script: 30000}, unhandledPromptBehavior: dismiss and notify}
Session ID: cbe76d4a-aad3-426d-bdc5-e05f3eea5d97
	at java.base/jdk.internal.reflect.NativeConstructorAccessorImpl.newInstance0(Native Method)
	at java.base/jdk.internal.reflect.NativeConstructorAccessorImpl.newInstance(NativeConstructorAccessorImpl.java:77)
	at java.base/jdk.internal.reflect.DelegatingConstructorAccessorImpl.newInstance(DelegatingConstructorAccessorImpl.java:45)
	at java.base/java.lang.reflect.Constructor.newInstanceWithCaller(Constructor.java:499)
	at java.base/java.lang.reflect.Constructor.newInstance(Constructor.java:480)
	at org.openqa.selenium.remote.codec.w3c.W3CHttpResponseCodec.createException(W3CHttpResponseCodec.java:200)
	at org.openqa.selenium.remote.codec.w3c.W3CHttpResponseCodec.decode(W3CHttpResponseCodec.java:133)
	at org.openqa.selenium.remote.codec.w3c.W3CHttpResponseCodec.decode(W3CHttpResponseCodec.java:53)
	at org.openqa.selenium.remote.HttpCommandExecutor.execute(HttpCommandExecutor.java:184)
	at org.openqa.selenium.remote.service.DriverCommandExecutor.invokeExecute(DriverCommandExecutor.java:167)
	at org.openqa.selenium.remote.service.DriverCommandExecutor.execute(DriverCommandExecutor.java:142)
	at org.openqa.selenium.remote.RemoteWebDriver.execute(RemoteWebDriver.java:543)
	at org.openqa.selenium.remote.ElementLocation$ElementFinder$2.findElement(ElementLocation.java:162)
	at org.openqa.selenium.remote.ElementLocation.findElement(ElementLocation.java:60)
	at org.openqa.selenium.remote.RemoteWebDriver.findElement(RemoteWebDriver.java:352)
	at org.openqa.selenium.remote.RemoteWebDriver.findElement(RemoteWebDriver.java:344)
	at pages.registerPage.clickRegisterLink(registerPage.java:49)
	at StepDefinition.Register.the_user_enters_and_different_passwords_in_and_fields_and_user_clicks_register_button(Register.java:113)
	at ✽.The user enters "username" and different passwords in "password" and "confirm_password" fields and user clicks register button(file:///C:/Users/dadit/eclipse-workspace/DS-Algo/src/test/resources/features/Register.feature:55)
</textarea>
      
      </div>
              </div>
              <div class="step pass-bg" title="AFTER_STEP">
                <span>hooks.Hooks.afterstep(io.cucumber.java.Scenario)</span>
      <div>My screenshot
          <div class="row mb-3"><div class="col-md-3">
<img data-featherlight='../Screenshots/embedded22.png' src="../Screenshots/embedded22.png">
    
    </div></div>
</div>
      <div>
      </div>
              </div>
              <div class="step skip-bg" title="StepDefinition.Register.it_should_display_an_error_message(java.lang.String)">
                <span>Then It should display an error message "password_mismatch:The two password fields didn’t match."</span>
      <div>Step skipped
      </div>
              </div>
          </div>
        </div>
  </div>
  <div class="card">
    <div class="card-header" role="tab">
      <div class="card-title">
        <div class="node" id="356"><span class="badge log fail-bg mr-2">Fail</span>The user is presented with error message for password with characters less than 8</div>
          <div class="status-avatar float-right mr-4">
            <i class="fa fa-paperclip"></i>
          </div>
      </div>
    </div>
        <div class="">
          <div class="card-body">
              <div class="step pass-bg" title="StepDefinition.Register.the_user_opens_register_page()">
                <span>Given The user opens Register Page</span>
      <div>
      </div>
              </div>
              <div class="step fail-bg" title="StepDefinition.Register.the_user_enters_and_with_characters_less_than_eight_and_and_user_clicks_register_button(java.lang.String,java.lang.String,java.lang.String,io.cucumber.datatable.DataTable)">
                <span>When The user enters "username" and "password" with characters less than eight and "confirm_password" and user clicks register button</span>
      <div><table class='markup-table table '><tr><td>username</td><td>password</td><td>confirm_password</td></tr><tr><td>Numpyninja95AT</td><td>sdet95</td><td>sdet95</td></tr></table>
      </div>
      <div>
        <textarea disabled class="code-block">org.openqa.selenium.NoSuchElementException: Unable to locate element: Register
For documentation on this error, please visit: https://selenium.dev/exceptions/#no_such_element
Build info: version: '4.8.0', revision: '267030adea'
System info: os.name: 'Windows 11', os.arch: 'amd64', os.version: '10.0', java.version: '17.0.6'
Driver info: org.openqa.selenium.firefox.FirefoxDriver
Command: [cbe76d4a-aad3-426d-bdc5-e05f3eea5d97, findElement {using=link text, value=Register}]
Capabilities {acceptInsecureCerts: true, browserName: firefox, browserVersion: 112.0.2, moz:accessibilityChecks: false, moz:buildID: 20230424110519, moz:debuggerAddress: 127.0.0.1:22539, moz:geckodriverVersion: 0.33.0, moz:headless: false, moz:platformVersion: 10.0, moz:processID: 8648, moz:profile: C:\Users\dadit\AppData\Loca..., moz:shutdownTimeout: 60000, moz:useNonSpecCompliantPointerOrigin: false, moz:webdriverClick: true, moz:windowless: false, pageLoadStrategy: normal, platformName: WINDOWS, proxy: Proxy(), se:cdp: ws://127.0.0.1:22539/devtoo..., se:cdpVersion: 85.0, setWindowRect: true, strictFileInteractability: false, timeouts: {implicit: 0, pageLoad: 300000, script: 30000}, unhandledPromptBehavior: dismiss and notify}
Session ID: cbe76d4a-aad3-426d-bdc5-e05f3eea5d97
	at java.base/jdk.internal.reflect.NativeConstructorAccessorImpl.newInstance0(Native Method)
	at java.base/jdk.internal.reflect.NativeConstructorAccessorImpl.newInstance(NativeConstructorAccessorImpl.java:77)
	at java.base/jdk.internal.reflect.DelegatingConstructorAccessorImpl.newInstance(DelegatingConstructorAccessorImpl.java:45)
	at java.base/java.lang.reflect.Constructor.newInstanceWithCaller(Constructor.java:499)
	at java.base/java.lang.reflect.Constructor.newInstance(Constructor.java:480)
	at org.openqa.selenium.remote.codec.w3c.W3CHttpResponseCodec.createException(W3CHttpResponseCodec.java:200)
	at org.openqa.selenium.remote.codec.w3c.W3CHttpResponseCodec.decode(W3CHttpResponseCodec.java:133)
	at org.openqa.selenium.remote.codec.w3c.W3CHttpResponseCodec.decode(W3CHttpResponseCodec.java:53)
	at org.openqa.selenium.remote.HttpCommandExecutor.execute(HttpCommandExecutor.java:184)
	at org.openqa.selenium.remote.service.DriverCommandExecutor.invokeExecute(DriverCommandExecutor.java:167)
	at org.openqa.selenium.remote.service.DriverCommandExecutor.execute(DriverCommandExecutor.java:142)
	at org.openqa.selenium.remote.RemoteWebDriver.execute(RemoteWebDriver.java:543)
	at org.openqa.selenium.remote.ElementLocation$ElementFinder$2.findElement(ElementLocation.java:162)
	at org.openqa.selenium.remote.ElementLocation.findElement(ElementLocation.java:60)
	at org.openqa.selenium.remote.RemoteWebDriver.findElement(RemoteWebDriver.java:352)
	at org.openqa.selenium.remote.RemoteWebDriver.findElement(RemoteWebDriver.java:344)
	at pages.registerPage.clickRegisterLink(registerPage.java:49)
	at StepDefinition.Register.the_user_enters_and_with_characters_less_than_eight_and_and_user_clicks_register_button(Register.java:125)
	at ✽.The user enters "username" and "password" with characters less than eight and "confirm_password" and user clicks register button(file:///C:/Users/dadit/eclipse-workspace/DS-Algo/src/test/resources/features/Register.feature:63)
</textarea>
      
      </div>
              </div>
              <div class="step pass-bg" title="AFTER_STEP">
                <span>hooks.Hooks.afterstep(io.cucumber.java.Scenario)</span>
      <div>My screenshot
          <div class="row mb-3"><div class="col-md-3">
<img data-featherlight='../Screenshots/embedded23.png' src="../Screenshots/embedded23.png">
    
    </div></div>
</div>
      <div>
      </div>
              </div>
              <div class="step skip-bg" title="StepDefinition.Register.it_should_display_an_error_message(java.lang.String)">
                <span>Then It should display an error message "Password should contain at least 8 characters"</span>
      <div>Step skipped
      </div>
              </div>
          </div>
        </div>
  </div>
  <div class="card">
    <div class="card-header" role="tab">
      <div class="card-title">
        <div class="node" id="364"><span class="badge log fail-bg mr-2">Fail</span>The user is presented with error message for password with only numbers</div>
          <div class="status-avatar float-right mr-4">
            <i class="fa fa-paperclip"></i>
          </div>
      </div>
    </div>
        <div class="">
          <div class="card-body">
              <div class="step pass-bg" title="StepDefinition.Register.the_user_opens_register_page()">
                <span>Given The user opens Register Page</span>
      <div>
      </div>
              </div>
              <div class="step fail-bg" title="StepDefinition.Register.the_user_enters_and_with_only_numbers_and_and_user_clicks_register_button(java.lang.String,java.lang.String,java.lang.String,io.cucumber.datatable.DataTable)">
                <span>When The user enters "username" and   "password" with only numbers and "confirm_password" and user clicks register button</span>
      <div><table class='markup-table table '><tr><td>username</td><td>password</td><td>confirm_password</td></tr><tr><td>Numpyninja95AT</td><td>12345678</td><td>12345678</td></tr></table>
      </div>
      <div>
        <textarea disabled class="code-block">org.openqa.selenium.NoSuchElementException: Unable to locate element: Register
For documentation on this error, please visit: https://selenium.dev/exceptions/#no_such_element
Build info: version: '4.8.0', revision: '267030adea'
System info: os.name: 'Windows 11', os.arch: 'amd64', os.version: '10.0', java.version: '17.0.6'
Driver info: org.openqa.selenium.firefox.FirefoxDriver
Command: [cbe76d4a-aad3-426d-bdc5-e05f3eea5d97, findElement {using=link text, value=Register}]
Capabilities {acceptInsecureCerts: true, browserName: firefox, browserVersion: 112.0.2, moz:accessibilityChecks: false, moz:buildID: 20230424110519, moz:debuggerAddress: 127.0.0.1:22539, moz:geckodriverVersion: 0.33.0, moz:headless: false, moz:platformVersion: 10.0, moz:processID: 8648, moz:profile: C:\Users\dadit\AppData\Loca..., moz:shutdownTimeout: 60000, moz:useNonSpecCompliantPointerOrigin: false, moz:webdriverClick: true, moz:windowless: false, pageLoadStrategy: normal, platformName: WINDOWS, proxy: Proxy(), se:cdp: ws://127.0.0.1:22539/devtoo..., se:cdpVersion: 85.0, setWindowRect: true, strictFileInteractability: false, timeouts: {implicit: 0, pageLoad: 300000, script: 30000}, unhandledPromptBehavior: dismiss and notify}
Session ID: cbe76d4a-aad3-426d-bdc5-e05f3eea5d97
	at java.base/jdk.internal.reflect.NativeConstructorAccessorImpl.newInstance0(Native Method)
	at java.base/jdk.internal.reflect.NativeConstructorAccessorImpl.newInstance(NativeConstructorAccessorImpl.java:77)
	at java.base/jdk.internal.reflect.DelegatingConstructorAccessorImpl.newInstance(DelegatingConstructorAccessorImpl.java:45)
	at java.base/java.lang.reflect.Constructor.newInstanceWithCaller(Constructor.java:499)
	at java.base/java.lang.reflect.Constructor.newInstance(Constructor.java:480)
	at org.openqa.selenium.remote.codec.w3c.W3CHttpResponseCodec.createException(W3CHttpResponseCodec.java:200)
	at org.openqa.selenium.remote.codec.w3c.W3CHttpResponseCodec.decode(W3CHttpResponseCodec.java:133)
	at org.openqa.selenium.remote.codec.w3c.W3CHttpResponseCodec.decode(W3CHttpResponseCodec.java:53)
	at org.openqa.selenium.remote.HttpCommandExecutor.execute(HttpCommandExecutor.java:184)
	at org.openqa.selenium.remote.service.DriverCommandExecutor.invokeExecute(DriverCommandExecutor.java:167)
	at org.openqa.selenium.remote.service.DriverCommandExecutor.execute(DriverCommandExecutor.java:142)
	at org.openqa.selenium.remote.RemoteWebDriver.execute(RemoteWebDriver.java:543)
	at org.openqa.selenium.remote.ElementLocation$ElementFinder$2.findElement(ElementLocation.java:162)
	at org.openqa.selenium.remote.ElementLocation.findElement(ElementLocation.java:60)
	at org.openqa.selenium.remote.RemoteWebDriver.findElement(RemoteWebDriver.java:352)
	at org.openqa.selenium.remote.RemoteWebDriver.findElement(RemoteWebDriver.java:344)
	at pages.registerPage.clickRegisterLink(registerPage.java:49)
	at StepDefinition.Register.the_user_enters_and_with_only_numbers_and_and_user_clicks_register_button(Register.java:137)
	at ✽.The user enters "username" and   "password" with only numbers and "confirm_password" and user clicks register button(file:///C:/Users/dadit/eclipse-workspace/DS-Algo/src/test/resources/features/Register.feature:71)
</textarea>
      
      </div>
              </div>
              <div class="step pass-bg" title="AFTER_STEP">
                <span>hooks.Hooks.afterstep(io.cucumber.java.Scenario)</span>
      <div>My screenshot
          <div class="row mb-3"><div class="col-md-3">
<img data-featherlight='../Screenshots/embedded24.png' src="../Screenshots/embedded24.png">
    
    </div></div>
</div>
      <div>
      </div>
              </div>
              <div class="step skip-bg" title="StepDefinition.Register.it_should_display_an_error_message(java.lang.String)">
                <span>Then It should display an error message "Password can’t be entirely numeric."</span>
      <div>Step skipped
      </div>
              </div>
          </div>
        </div>
  </div>
  <div class="card">
    <div class="card-header" role="tab">
      <div class="card-title">
        <div class="node" id="372"><span class="badge log fail-bg mr-2">Fail</span>Getting register into page with username and password</div>
          <div class="status-avatar float-right mr-4">
            <i class="fa fa-paperclip"></i>
          </div>
      </div>
    </div>
        <div class="scenario_outline ">
            <div class="card-body l1">
              <div class="card-header">
                <div class="card-title outline-child">
                  <div class="node" id="373"><span class="badge log fail-bg mr-2">Fail</span>Getting register into page with username and password</div>
                    <div class="status-avatar float-right">
                      <i class="fa fa-paperclip"></i>
                    </div>
                </div>
              </div>
              <div class="card-body mt-3 ">
                  <div class="step pass-bg">
                    <span>Given The user opens Register Page</span>
      <div>
      </div>
                  </div>
                  <div class="step fail-bg">
                    <span>When The user clicks Register button after entering "user95name", "sdet" and "sdet95batch"</span>
      <div>
        <textarea disabled class="code-block">org.openqa.selenium.NoSuchElementException: Unable to locate element: Register
For documentation on this error, please visit: https://selenium.dev/exceptions/#no_such_element
Build info: version: '4.8.0', revision: '267030adea'
System info: os.name: 'Windows 11', os.arch: 'amd64', os.version: '10.0', java.version: '17.0.6'
Driver info: org.openqa.selenium.firefox.FirefoxDriver
Command: [cbe76d4a-aad3-426d-bdc5-e05f3eea5d97, findElement {using=link text, value=Register}]
Capabilities {acceptInsecureCerts: true, browserName: firefox, browserVersion: 112.0.2, moz:accessibilityChecks: false, moz:buildID: 20230424110519, moz:debuggerAddress: 127.0.0.1:22539, moz:geckodriverVersion: 0.33.0, moz:headless: false, moz:platformVersion: 10.0, moz:processID: 8648, moz:profile: C:\Users\dadit\AppData\Loca..., moz:shutdownTimeout: 60000, moz:useNonSpecCompliantPointerOrigin: false, moz:webdriverClick: true, moz:windowless: false, pageLoadStrategy: normal, platformName: WINDOWS, proxy: Proxy(), se:cdp: ws://127.0.0.1:22539/devtoo..., se:cdpVersion: 85.0, setWindowRect: true, strictFileInteractability: false, timeouts: {implicit: 0, pageLoad: 300000, script: 30000}, unhandledPromptBehavior: dismiss and notify}
Session ID: cbe76d4a-aad3-426d-bdc5-e05f3eea5d97
	at java.base/jdk.internal.reflect.NativeConstructorAccessorImpl.newInstance0(Native Method)
	at java.base/jdk.internal.reflect.NativeConstructorAccessorImpl.newInstance(NativeConstructorAccessorImpl.java:77)
	at java.base/jdk.internal.reflect.DelegatingConstructorAccessorImpl.newInstance(DelegatingConstructorAccessorImpl.java:45)
	at java.base/java.lang.reflect.Constructor.newInstanceWithCaller(Constructor.java:499)
	at java.base/java.lang.reflect.Constructor.newInstance(Constructor.java:480)
	at org.openqa.selenium.remote.codec.w3c.W3CHttpResponseCodec.createException(W3CHttpResponseCodec.java:200)
	at org.openqa.selenium.remote.codec.w3c.W3CHttpResponseCodec.decode(W3CHttpResponseCodec.java:133)
	at org.openqa.selenium.remote.codec.w3c.W3CHttpResponseCodec.decode(W3CHttpResponseCodec.java:53)
	at org.openqa.selenium.remote.HttpCommandExecutor.execute(HttpCommandExecutor.java:184)
	at org.openqa.selenium.remote.service.DriverCommandExecutor.invokeExecute(DriverCommandExecutor.java:167)
	at org.openqa.selenium.remote.service.DriverCommandExecutor.execute(DriverCommandExecutor.java:142)
	at org.openqa.selenium.remote.RemoteWebDriver.execute(RemoteWebDriver.java:543)
	at org.openqa.selenium.remote.ElementLocation$ElementFinder$2.findElement(ElementLocation.java:162)
	at org.openqa.selenium.remote.ElementLocation.findElement(ElementLocation.java:60)
	at org.openqa.selenium.remote.RemoteWebDriver.findElement(RemoteWebDriver.java:352)
	at org.openqa.selenium.remote.RemoteWebDriver.findElement(RemoteWebDriver.java:344)
	at pages.registerPage.register_link(registerPage.java:147)
	at StepDefinition.Register.the_user_clicks_register_button_after_entering_and(Register.java:148)
	at ✽.The user clicks Register button after entering "user95name", "sdet" and "sdet95batch"(file:///C:/Users/dadit/eclipse-workspace/DS-Algo/src/test/resources/features/Register.feature:79)
</textarea>
      
      </div>
                  </div>
                  <div class="step pass-bg">
                    <span>hooks.Hooks.afterstep(io.cucumber.java.Scenario)</span>
      <div>My screenshot
          <div class="row mb-3"><div class="col-md-3">
<img data-featherlight='../Screenshots/embedded25.png' src="../Screenshots/embedded25.png">
    
    </div></div>
</div>
      <div>
      </div>
                  </div>
                  <div class="step skip-bg">
                    <span>Then It should go to homepage and get message  "New account created.You are logged in as Username"</span>
      <div>Step skipped
      </div>
                  </div>
              </div>
            </div>
            <div class="card-body l1">
              <div class="card-header">
                <div class="card-title outline-child">
                  <div class="node" id="381"><span class="badge log fail-bg mr-2">Fail</span>Getting register into page with username and password</div>
                    <div class="status-avatar float-right">
                      <i class="fa fa-paperclip"></i>
                    </div>
                </div>
              </div>
              <div class="card-body mt-3 ">
                  <div class="step pass-bg">
                    <span>Given The user opens Register Page</span>
      <div>
      </div>
                  </div>
                  <div class="step fail-bg">
                    <span>When The user clicks Register button after entering "Numpyninja95AT", "sdet95batchAT" and "sdet95batchAT"</span>
      <div>
        <textarea disabled class="code-block">org.openqa.selenium.NoSuchElementException: Unable to locate element: Register
For documentation on this error, please visit: https://selenium.dev/exceptions/#no_such_element
Build info: version: '4.8.0', revision: '267030adea'
System info: os.name: 'Windows 11', os.arch: 'amd64', os.version: '10.0', java.version: '17.0.6'
Driver info: org.openqa.selenium.firefox.FirefoxDriver
Command: [cbe76d4a-aad3-426d-bdc5-e05f3eea5d97, findElement {using=link text, value=Register}]
Capabilities {acceptInsecureCerts: true, browserName: firefox, browserVersion: 112.0.2, moz:accessibilityChecks: false, moz:buildID: 20230424110519, moz:debuggerAddress: 127.0.0.1:22539, moz:geckodriverVersion: 0.33.0, moz:headless: false, moz:platformVersion: 10.0, moz:processID: 8648, moz:profile: C:\Users\dadit\AppData\Loca..., moz:shutdownTimeout: 60000, moz:useNonSpecCompliantPointerOrigin: false, moz:webdriverClick: true, moz:windowless: false, pageLoadStrategy: normal, platformName: WINDOWS, proxy: Proxy(), se:cdp: ws://127.0.0.1:22539/devtoo..., se:cdpVersion: 85.0, setWindowRect: true, strictFileInteractability: false, timeouts: {implicit: 0, pageLoad: 300000, script: 30000}, unhandledPromptBehavior: dismiss and notify}
Session ID: cbe76d4a-aad3-426d-bdc5-e05f3eea5d97
	at java.base/jdk.internal.reflect.NativeConstructorAccessorImpl.newInstance0(Native Method)
	at java.base/jdk.internal.reflect.NativeConstructorAccessorImpl.newInstance(NativeConstructorAccessorImpl.java:77)
	at java.base/jdk.internal.reflect.DelegatingConstructorAccessorImpl.newInstance(DelegatingConstructorAccessorImpl.java:45)
	at java.base/java.lang.reflect.Constructor.newInstanceWithCaller(Constructor.java:499)
	at java.base/java.lang.reflect.Constructor.newInstance(Constructor.java:480)
	at org.openqa.selenium.remote.codec.w3c.W3CHttpResponseCodec.createException(W3CHttpResponseCodec.java:200)
	at org.openqa.selenium.remote.codec.w3c.W3CHttpResponseCodec.decode(W3CHttpResponseCodec.java:133)
	at org.openqa.selenium.remote.codec.w3c.W3CHttpResponseCodec.decode(W3CHttpResponseCodec.java:53)
	at org.openqa.selenium.remote.HttpCommandExecutor.execute(HttpCommandExecutor.java:184)
	at org.openqa.selenium.remote.service.DriverCommandExecutor.invokeExecute(DriverCommandExecutor.java:167)
	at org.openqa.selenium.remote.service.DriverCommandExecutor.execute(DriverCommandExecutor.java:142)
	at org.openqa.selenium.remote.RemoteWebDriver.execute(RemoteWebDriver.java:543)
	at org.openqa.selenium.remote.ElementLocation$ElementFinder$2.findElement(ElementLocation.java:162)
	at org.openqa.selenium.remote.ElementLocation.findElement(ElementLocation.java:60)
	at org.openqa.selenium.remote.RemoteWebDriver.findElement(RemoteWebDriver.java:352)
	at org.openqa.selenium.remote.RemoteWebDriver.findElement(RemoteWebDriver.java:344)
	at pages.registerPage.register_link(registerPage.java:147)
	at StepDefinition.Register.the_user_clicks_register_button_after_entering_and(Register.java:148)
	at ✽.The user clicks Register button after entering "Numpyninja95AT", "sdet95batchAT" and "sdet95batchAT"(file:///C:/Users/dadit/eclipse-workspace/DS-Algo/src/test/resources/features/Register.feature:79)
</textarea>
      
      </div>
                  </div>
                  <div class="step pass-bg">
                    <span>hooks.Hooks.afterstep(io.cucumber.java.Scenario)</span>
      <div>My screenshot
          <div class="row mb-3"><div class="col-md-3">
<img data-featherlight='../Screenshots/embedded26.png' src="../Screenshots/embedded26.png">
    
    </div></div>
</div>
      <div>
      </div>
                  </div>
                  <div class="step skip-bg">
                    <span>Then It should go to homepage and get message  "New account created.You are logged in as Username"</span>
      <div>Step skipped
      </div>
                  </div>
              </div>
            </div>
        </div>
  </div>
  <div class="card">
    <div class="card-header" role="tab">
      <div class="card-title">
        <div class="node" id="389"><span class="badge log fail-bg mr-2">Fail</span>The user is presented with error message for existing username</div>
          <div class="status-avatar float-right mr-4">
            <i class="fa fa-paperclip"></i>
          </div>
      </div>
    </div>
        <div class="">
          <div class="card-body">
              <div class="step pass-bg" title="StepDefinition.Register.the_user_opens_register_page()">
                <span>Given The user opens Register Page</span>
      <div>
      </div>
              </div>
              <div class="step fail-bg" title="StepDefinition.Register.the_user_enters_a_valid_existing_with_and(java.lang.String,java.lang.String,java.lang.String,io.cucumber.datatable.DataTable)">
                <span>When The user enters a valid existing "username" with "password" and "confirm_password"</span>
      <div><table class='markup-table table '><tr><td>username</td><td>password</td><td>confirm_password</td></tr><tr><td>Numpyninja95AT</td><td>sdet95batchAT</td><td>sdet95batchAT</td></tr></table>
      </div>
      <div>
        <textarea disabled class="code-block">org.openqa.selenium.NoSuchElementException: Unable to locate element: Register
For documentation on this error, please visit: https://selenium.dev/exceptions/#no_such_element
Build info: version: '4.8.0', revision: '267030adea'
System info: os.name: 'Windows 11', os.arch: 'amd64', os.version: '10.0', java.version: '17.0.6'
Driver info: org.openqa.selenium.firefox.FirefoxDriver
Command: [cbe76d4a-aad3-426d-bdc5-e05f3eea5d97, findElement {using=link text, value=Register}]
Capabilities {acceptInsecureCerts: true, browserName: firefox, browserVersion: 112.0.2, moz:accessibilityChecks: false, moz:buildID: 20230424110519, moz:debuggerAddress: 127.0.0.1:22539, moz:geckodriverVersion: 0.33.0, moz:headless: false, moz:platformVersion: 10.0, moz:processID: 8648, moz:profile: C:\Users\dadit\AppData\Loca..., moz:shutdownTimeout: 60000, moz:useNonSpecCompliantPointerOrigin: false, moz:webdriverClick: true, moz:windowless: false, pageLoadStrategy: normal, platformName: WINDOWS, proxy: Proxy(), se:cdp: ws://127.0.0.1:22539/devtoo..., se:cdpVersion: 85.0, setWindowRect: true, strictFileInteractability: false, timeouts: {implicit: 0, pageLoad: 300000, script: 30000}, unhandledPromptBehavior: dismiss and notify}
Session ID: cbe76d4a-aad3-426d-bdc5-e05f3eea5d97
	at java.base/jdk.internal.reflect.NativeConstructorAccessorImpl.newInstance0(Native Method)
	at java.base/jdk.internal.reflect.NativeConstructorAccessorImpl.newInstance(NativeConstructorAccessorImpl.java:77)
	at java.base/jdk.internal.reflect.DelegatingConstructorAccessorImpl.newInstance(DelegatingConstructorAccessorImpl.java:45)
	at java.base/java.lang.reflect.Constructor.newInstanceWithCaller(Constructor.java:499)
	at java.base/java.lang.reflect.Constructor.newInstance(Constructor.java:480)
	at org.openqa.selenium.remote.codec.w3c.W3CHttpResponseCodec.createException(W3CHttpResponseCodec.java:200)
	at org.openqa.selenium.remote.codec.w3c.W3CHttpResponseCodec.decode(W3CHttpResponseCodec.java:133)
	at org.openqa.selenium.remote.codec.w3c.W3CHttpResponseCodec.decode(W3CHttpResponseCodec.java:53)
	at org.openqa.selenium.remote.HttpCommandExecutor.execute(HttpCommandExecutor.java:184)
	at org.openqa.selenium.remote.service.DriverCommandExecutor.invokeExecute(DriverCommandExecutor.java:167)
	at org.openqa.selenium.remote.service.DriverCommandExecutor.execute(DriverCommandExecutor.java:142)
	at org.openqa.selenium.remote.RemoteWebDriver.execute(RemoteWebDriver.java:543)
	at org.openqa.selenium.remote.ElementLocation$ElementFinder$2.findElement(ElementLocation.java:162)
	at org.openqa.selenium.remote.ElementLocation.findElement(ElementLocation.java:60)
	at org.openqa.selenium.remote.RemoteWebDriver.findElement(RemoteWebDriver.java:352)
	at org.openqa.selenium.remote.RemoteWebDriver.findElement(RemoteWebDriver.java:344)
	at pages.registerPage.clickRegisterLink(registerPage.java:49)
	at StepDefinition.Register.the_user_enters_a_valid_existing_with_and(Register.java:168)
	at ✽.The user enters a valid existing "username" with "password" and "confirm_password"(file:///C:/Users/dadit/eclipse-workspace/DS-Algo/src/test/resources/features/Register.feature:89)
</textarea>
      
      </div>
              </div>
              <div class="step pass-bg" title="AFTER_STEP">
                <span>hooks.Hooks.afterstep(io.cucumber.java.Scenario)</span>
      <div>My screenshot
          <div class="row mb-3"><div class="col-md-3">
<img data-featherlight='../Screenshots/embedded27.png' src="../Screenshots/embedded27.png">
    
    </div></div>
</div>
      <div>
      </div>
              </div>
              <div class="step skip-bg" title="StepDefinition.Register.it_should_display_an_error_message(java.lang.String)">
                <span>Then It should display an error message "Username already exists"</span>
      <div>Step skipped
      </div>
              </div>
          </div>
        </div>
  </div>
</div>
          </div>
        </li>
        <li class="test-item"  status="fail" test-id="397"
          author=""
          tag=""
          device="">
          <div class="test-detail">
            <p class="name">Stack page</p>
            <p class="text-sm">
              <span>4:52:43 PM</span> / <span>00:00:05:708</span>
              <span class="badge fail-bg log float-right">Fail</span>
            </p>
          </div>
          <div class="test-contents d-none">
<div class="detail-head">
<div class="p-v-10">
<div class="info">
<h5 class="test-status text-fail">Stack page</h5>
<span class='badge badge-success'>05.03.2023 4:52:43 PM</span>
<span class='badge badge-danger'>05.03.2023 4:52:49 PM</span>
<span class='badge badge-default'>00:00:05:708</span>
&middot; <span class='uri-anchor badge badge-default'>#test-id=397</span>
<span class='badge badge-default pointer float-right ml-1 et'><i class="fa fa-chevron-down"></i></span>
<span class='badge badge-default pointer float-right ct'><i class="fa fa-chevron-up"></i></span>
</div>
<div class="m-t-10 m-l-5"></div>
</div>
</div>
<div class="accordion mt-4">
  <div class="card">
    <div class="card-header" role="tab">
      <div class="card-title">
        <div class="node" id="398"><span class="badge log fail-bg mr-2">Fail</span>user navigate to Stack page and works on Operations in Stack</div>
          <div class="status-avatar float-right mr-4">
            <i class="fa fa-paperclip"></i>
          </div>
      </div>
    </div>
        <div class="scenario_outline ">
            <div class="card-body l1">
              <div class="card-header">
                <div class="card-title outline-child">
                  <div class="node" id="399"><span class="badge log fail-bg mr-2">Fail</span>user navigate to Stack page and works on Operations in Stack</div>
                    <div class="status-avatar float-right">
                      <i class="fa fa-paperclip"></i>
                    </div>
                </div>
              </div>
              <div class="card-body mt-3 ">
                  <div class="step pass-bg">
                    <span>Given user login with username "Numpyninja95AT" and password "sdet95batchAT"</span>
      <div>
      </div>
                  </div>
                  <div class="step pass-bg">
                    <span>Given user clicks "Get started"  in Stack field</span>
      <div>
      </div>
                  </div>
                  <div class="step pass-bg">
                    <span>When user click "Operations in Stack" first link  in the Stack</span>
      <div>
      </div>
                  </div>
                  <div class="step pass-bg">
                    <span>Then user clicks "Try here"</span>
      <div>
      </div>
                  </div>
                  <div class="step fail-bg">
                    <span>Then user enters code in tryEditor from "pythonCode" and 0  then click run , output is printed</span>
      <div>
        <textarea disabled class="code-block">java.lang.Error: Unresolved compilation problems: 
	Unhandled exception type InterruptedException
	Unhandled exception type InvalidFormatException

	at pages.CollectionsPage.enterPythonCode(CollectionsPage.java:258)
	at StepDefinition.Collections.user_enters_code_in_try_editor_from_sheet_number_and_then_click_run_output_is_printed(Collections.java:194)
	at ✽.user enters code in tryEditor from "pythonCode" and 0  then click run , output is printed(file:///C:/Users/dadit/eclipse-workspace/DS-Algo/src/test/resources/features/Stack.feature:27)
</textarea>
      
      </div>
                  </div>
                  <div class="step pass-bg">
                    <span>hooks.Hooks.afterstep(io.cucumber.java.Scenario)</span>
      <div>My screenshot
          <div class="row mb-3"><div class="col-md-3">
<img data-featherlight='../Screenshots/embedded28.png' src="../Screenshots/embedded28.png">
    
    </div></div>
</div>
      <div>
      </div>
                  </div>
              </div>
            </div>
        </div>
  </div>
  <div class="card">
    <div class="card-header" role="tab">
      <div class="card-title">
        <div class="node" id="411"><span class="badge log fail-bg mr-2">Fail</span>user does Implementation Stack</div>
          <div class="status-avatar float-right mr-4">
            <i class="fa fa-paperclip"></i>
          </div>
      </div>
    </div>
        <div class="scenario_outline ">
            <div class="card-body l1">
              <div class="card-header">
                <div class="card-title outline-child">
                  <div class="node" id="412"><span class="badge log fail-bg mr-2">Fail</span>user does Implementation Stack</div>
                    <div class="status-avatar float-right">
                      <i class="fa fa-paperclip"></i>
                    </div>
                </div>
              </div>
              <div class="card-body mt-3 ">
                  <div class="step pass-bg">
                    <span>Given user is in Stack homepage</span>
      <div>
      </div>
                  </div>
                  <div class="step pass-bg">
                    <span>When user click "Implementation Stack" second link  in the Stack</span>
      <div>
      </div>
                  </div>
                  <div class="step pass-bg">
                    <span>Then user clicks "Try here"</span>
      <div>
      </div>
                  </div>
                  <div class="step fail-bg">
                    <span>Then user enters code in tryEditor from "pythonCode" and 0  then click run , output is printed</span>
      <div>
        <textarea disabled class="code-block">java.lang.Error: Unresolved compilation problems: 
	Unhandled exception type InterruptedException
	Unhandled exception type InvalidFormatException

	at pages.CollectionsPage.enterPythonCode(CollectionsPage.java:258)
	at StepDefinition.Collections.user_enters_code_in_try_editor_from_sheet_number_and_then_click_run_output_is_printed(Collections.java:194)
	at ✽.user enters code in tryEditor from "pythonCode" and 0  then click run , output is printed(file:///C:/Users/dadit/eclipse-workspace/DS-Algo/src/test/resources/features/Stack.feature:37)
</textarea>
      
      </div>
                  </div>
                  <div class="step pass-bg">
                    <span>hooks.Hooks.afterstep(io.cucumber.java.Scenario)</span>
      <div>My screenshot
          <div class="row mb-3"><div class="col-md-3">
<img data-featherlight='../Screenshots/embedded29.png' src="../Screenshots/embedded29.png">
    
    </div></div>
</div>
      <div>
      </div>
                  </div>
              </div>
            </div>
        </div>
  </div>
  <div class="card">
    <div class="card-header" role="tab">
      <div class="card-title">
        <div class="node" id="422"><span class="badge log fail-bg mr-2">Fail</span>user does Applications</div>
          <div class="status-avatar float-right mr-4">
            <i class="fa fa-paperclip"></i>
          </div>
      </div>
    </div>
        <div class="scenario_outline ">
            <div class="card-body l1">
              <div class="card-header">
                <div class="card-title outline-child">
                  <div class="node" id="423"><span class="badge log fail-bg mr-2">Fail</span>user does Applications</div>
                    <div class="status-avatar float-right">
                      <i class="fa fa-paperclip"></i>
                    </div>
                </div>
              </div>
              <div class="card-body mt-3 ">
                  <div class="step pass-bg">
                    <span>Given user is in Stack homepage</span>
      <div>
      </div>
                  </div>
                  <div class="step pass-bg">
                    <span>When user click "Applications" third link in the Stack</span>
      <div>
      </div>
                  </div>
                  <div class="step pass-bg">
                    <span>Then user clicks "Try here"</span>
      <div>
      </div>
                  </div>
                  <div class="step fail-bg">
                    <span>Then user enters code in tryEditor from "pythonCode" and 0  then click run , output is printed</span>
      <div>
        <textarea disabled class="code-block">java.lang.Error: Unresolved compilation problems: 
	Unhandled exception type InterruptedException
	Unhandled exception type InvalidFormatException

	at pages.CollectionsPage.enterPythonCode(CollectionsPage.java:258)
	at StepDefinition.Collections.user_enters_code_in_try_editor_from_sheet_number_and_then_click_run_output_is_printed(Collections.java:194)
	at ✽.user enters code in tryEditor from "pythonCode" and 0  then click run , output is printed(file:///C:/Users/dadit/eclipse-workspace/DS-Algo/src/test/resources/features/Stack.feature:47)
</textarea>
      
      </div>
                  </div>
                  <div class="step pass-bg">
                    <span>hooks.Hooks.afterstep(io.cucumber.java.Scenario)</span>
      <div>My screenshot
          <div class="row mb-3"><div class="col-md-3">
<img data-featherlight='../Screenshots/embedded30.png' src="../Screenshots/embedded30.png">
    
    </div></div>
</div>
      <div>
      </div>
                  </div>
                  <div class="step skip-bg">
                    <span>And user navigate to homepage</span>
      <div>Step skipped
      </div>
                  </div>
              </div>
            </div>
        </div>
  </div>
</div>
          </div>
        </li>
        <li class="test-item"  status="fail" test-id="435"
          author=""
          tag=""
          device="">
          <div class="test-detail">
            <p class="name">Tree page</p>
            <p class="text-sm">
              <span>4:52:49 PM</span> / <span>00:00:24:759</span>
              <span class="badge fail-bg log float-right">Fail</span>
            </p>
          </div>
          <div class="test-contents d-none">
<div class="detail-head">
<div class="p-v-10">
<div class="info">
<h5 class="test-status text-fail">Tree page</h5>
<span class='badge badge-success'>05.03.2023 4:52:49 PM</span>
<span class='badge badge-danger'>05.03.2023 4:53:14 PM</span>
<span class='badge badge-default'>00:00:24:759</span>
&middot; <span class='uri-anchor badge badge-default'>#test-id=435</span>
<span class='badge badge-default pointer float-right ml-1 et'><i class="fa fa-chevron-down"></i></span>
<span class='badge badge-default pointer float-right ct'><i class="fa fa-chevron-up"></i></span>
</div>
<div class="m-t-10 m-l-5"></div>
</div>
</div>
<div class="accordion mt-4">
  <div class="card">
    <div class="card-header" role="tab">
      <div class="card-title">
        <div class="node" id="436"><span class="badge log fail-bg mr-2">Fail</span>user navigate to Tree page and works on Overview of Trees 1st link in the Tree</div>
          <div class="status-avatar float-right mr-4">
            <i class="fa fa-paperclip"></i>
          </div>
      </div>
    </div>
        <div class="scenario_outline ">
            <div class="card-body l1">
              <div class="card-header">
                <div class="card-title outline-child">
                  <div class="node" id="437"><span class="badge log fail-bg mr-2">Fail</span>user navigate to Tree page and works on Overview of Trees 1st link in the Tree</div>
                    <div class="status-avatar float-right">
                      <i class="fa fa-paperclip"></i>
                    </div>
                </div>
              </div>
              <div class="card-body mt-3 ">
                  <div class="step pass-bg">
                    <span>Given user login with username "Numpyninja95AT" and password "sdet95batchAT"</span>
      <div>
      </div>
                  </div>
                  <div class="step pass-bg">
                    <span>Given user clicks "Get started"  in Tree field</span>
      <div>
      </div>
                  </div>
                  <div class="step pass-bg">
                    <span>When user click "Overview of Trees" first link  in the Tree</span>
      <div>
      </div>
                  </div>
                  <div class="step pass-bg">
                    <span>Then user clicks "Try here"</span>
      <div>
      </div>
                  </div>
                  <div class="step fail-bg">
                    <span>Then user enters code in tryEditor from "pythonCode" and 0  then click run , output is printed</span>
      <div>
        <textarea disabled class="code-block">java.lang.Error: Unresolved compilation problems: 
	Unhandled exception type InterruptedException
	Unhandled exception type InvalidFormatException

	at pages.CollectionsPage.enterPythonCode(CollectionsPage.java:258)
	at StepDefinition.Collections.user_enters_code_in_try_editor_from_sheet_number_and_then_click_run_output_is_printed(Collections.java:194)
	at ✽.user enters code in tryEditor from "pythonCode" and 0  then click run , output is printed(file:///C:/Users/dadit/eclipse-workspace/DS-Algo/src/test/resources/features/Tree.feature:27)
</textarea>
      
      </div>
                  </div>
                  <div class="step pass-bg">
                    <span>hooks.Hooks.afterstep(io.cucumber.java.Scenario)</span>
      <div>My screenshot
          <div class="row mb-3"><div class="col-md-3">
<img data-featherlight='../Screenshots/embedded31.png' src="../Screenshots/embedded31.png">
    
    </div></div>
</div>
      <div>
      </div>
                  </div>
              </div>
            </div>
        </div>
  </div>
  <div class="card">
    <div class="card-header" role="tab">
      <div class="card-title">
        <div class="node" id="449"><span class="badge log fail-bg mr-2">Fail</span>user does Terminologies in Trees</div>
          <div class="status-avatar float-right mr-4">
            <i class="fa fa-paperclip"></i>
          </div>
      </div>
    </div>
        <div class="scenario_outline ">
            <div class="card-body l1">
              <div class="card-header">
                <div class="card-title outline-child">
                  <div class="node" id="450"><span class="badge log fail-bg mr-2">Fail</span>user does Terminologies in Trees</div>
                    <div class="status-avatar float-right">
                      <i class="fa fa-paperclip"></i>
                    </div>
                </div>
              </div>
              <div class="card-body mt-3 ">
                  <div class="step pass-bg">
                    <span>Given user is in Tree homepage</span>
      <div>
      </div>
                  </div>
                  <div class="step pass-bg">
                    <span>When user click "Terminologies" 2nd link in the Tree</span>
      <div>
      </div>
                  </div>
                  <div class="step pass-bg">
                    <span>Then user clicks "Try here"</span>
      <div>
      </div>
                  </div>
                  <div class="step fail-bg">
                    <span>Then user enters code in tryEditor from "pythonCode" and 0  then click run , output is printed</span>
      <div>
        <textarea disabled class="code-block">java.lang.Error: Unresolved compilation problems: 
	Unhandled exception type InterruptedException
	Unhandled exception type InvalidFormatException

	at pages.CollectionsPage.enterPythonCode(CollectionsPage.java:258)
	at StepDefinition.Collections.user_enters_code_in_try_editor_from_sheet_number_and_then_click_run_output_is_printed(Collections.java:194)
	at ✽.user enters code in tryEditor from "pythonCode" and 0  then click run , output is printed(file:///C:/Users/dadit/eclipse-workspace/DS-Algo/src/test/resources/features/Tree.feature:36)
</textarea>
      
      </div>
                  </div>
                  <div class="step pass-bg">
                    <span>hooks.Hooks.afterstep(io.cucumber.java.Scenario)</span>
      <div>My screenshot
          <div class="row mb-3"><div class="col-md-3">
<img data-featherlight='../Screenshots/embedded32.png' src="../Screenshots/embedded32.png">
    
    </div></div>
</div>
      <div>
      </div>
                  </div>
              </div>
            </div>
        </div>
  </div>
  <div class="card">
    <div class="card-header" role="tab">
      <div class="card-title">
        <div class="node" id="460"><span class="badge log fail-bg mr-2">Fail</span>user does Types of Trees</div>
          <div class="status-avatar float-right mr-4">
            <i class="fa fa-paperclip"></i>
          </div>
      </div>
    </div>
        <div class="scenario_outline ">
            <div class="card-body l1">
              <div class="card-header">
                <div class="card-title outline-child">
                  <div class="node" id="461"><span class="badge log fail-bg mr-2">Fail</span>user does Types of Trees</div>
                    <div class="status-avatar float-right">
                      <i class="fa fa-paperclip"></i>
                    </div>
                </div>
              </div>
              <div class="card-body mt-3 ">
                  <div class="step pass-bg">
                    <span>Given user is in Tree homepage</span>
      <div>
      </div>
                  </div>
                  <div class="step pass-bg">
                    <span>When user click "Types of Trees" 3rd link in the Tree</span>
      <div>
      </div>
                  </div>
                  <div class="step pass-bg">
                    <span>Then user clicks "Try here"</span>
      <div>
      </div>
                  </div>
                  <div class="step fail-bg">
                    <span>Then user enters code in tryEditor from "pythonCode" and 0  then click run , output is printed</span>
      <div>
        <textarea disabled class="code-block">java.lang.Error: Unresolved compilation problems: 
	Unhandled exception type InterruptedException
	Unhandled exception type InvalidFormatException

	at pages.CollectionsPage.enterPythonCode(CollectionsPage.java:258)
	at StepDefinition.Collections.user_enters_code_in_try_editor_from_sheet_number_and_then_click_run_output_is_printed(Collections.java:194)
	at ✽.user enters code in tryEditor from "pythonCode" and 0  then click run , output is printed(file:///C:/Users/dadit/eclipse-workspace/DS-Algo/src/test/resources/features/Tree.feature:45)
</textarea>
      
      </div>
                  </div>
                  <div class="step pass-bg">
                    <span>hooks.Hooks.afterstep(io.cucumber.java.Scenario)</span>
      <div>My screenshot
          <div class="row mb-3"><div class="col-md-3">
<img data-featherlight='../Screenshots/embedded33.png' src="../Screenshots/embedded33.png">
    
    </div></div>
</div>
      <div>
      </div>
                  </div>
              </div>
            </div>
        </div>
  </div>
  <div class="card">
    <div class="card-header" role="tab">
      <div class="card-title">
        <div class="node" id="471"><span class="badge log fail-bg mr-2">Fail</span>user does Tree Traversals</div>
          <div class="status-avatar float-right mr-4">
            <i class="fa fa-paperclip"></i>
          </div>
      </div>
    </div>
        <div class="scenario_outline ">
            <div class="card-body l1">
              <div class="card-header">
                <div class="card-title outline-child">
                  <div class="node" id="472"><span class="badge log fail-bg mr-2">Fail</span>user does Tree Traversals</div>
                    <div class="status-avatar float-right">
                      <i class="fa fa-paperclip"></i>
                    </div>
                </div>
              </div>
              <div class="card-body mt-3 ">
                  <div class="step pass-bg">
                    <span>Given user is in Tree homepage</span>
      <div>
      </div>
                  </div>
                  <div class="step pass-bg">
                    <span>When user click "Tree Traversals" 4th link in the Tree</span>
      <div>
      </div>
                  </div>
                  <div class="step pass-bg">
                    <span>Then user clicks "Try here"</span>
      <div>
      </div>
                  </div>
                  <div class="step fail-bg">
                    <span>Then user enters code in tryEditor from "pythonCode" and 0  then click run , output is printed</span>
      <div>
        <textarea disabled class="code-block">java.lang.Error: Unresolved compilation problems: 
	Unhandled exception type InterruptedException
	Unhandled exception type InvalidFormatException

	at pages.CollectionsPage.enterPythonCode(CollectionsPage.java:258)
	at StepDefinition.Collections.user_enters_code_in_try_editor_from_sheet_number_and_then_click_run_output_is_printed(Collections.java:194)
	at ✽.user enters code in tryEditor from "pythonCode" and 0  then click run , output is printed(file:///C:/Users/dadit/eclipse-workspace/DS-Algo/src/test/resources/features/Tree.feature:55)
</textarea>
      
      </div>
                  </div>
                  <div class="step pass-bg">
                    <span>hooks.Hooks.afterstep(io.cucumber.java.Scenario)</span>
      <div>My screenshot
          <div class="row mb-3"><div class="col-md-3">
<img data-featherlight='../Screenshots/embedded34.png' src="../Screenshots/embedded34.png">
    
    </div></div>
</div>
      <div>
      </div>
                  </div>
              </div>
            </div>
        </div>
  </div>
  <div class="card">
    <div class="card-header" role="tab">
      <div class="card-title">
        <div class="node" id="482"><span class="badge log fail-bg mr-2">Fail</span>user does Traversal-Illustration</div>
          <div class="status-avatar float-right mr-4">
            <i class="fa fa-paperclip"></i>
          </div>
      </div>
    </div>
        <div class="scenario_outline ">
            <div class="card-body l1">
              <div class="card-header">
                <div class="card-title outline-child">
                  <div class="node" id="483"><span class="badge log fail-bg mr-2">Fail</span>user does Traversal-Illustration</div>
                    <div class="status-avatar float-right">
                      <i class="fa fa-paperclip"></i>
                    </div>
                </div>
              </div>
              <div class="card-body mt-3 ">
                  <div class="step pass-bg">
                    <span>Given user is in Tree homepage</span>
      <div>
      </div>
                  </div>
                  <div class="step pass-bg">
                    <span>When user click "Traversal-Illustration" 5th link in the Tree</span>
      <div>
      </div>
                  </div>
                  <div class="step pass-bg">
                    <span>Then user clicks "Try here"</span>
      <div>
      </div>
                  </div>
                  <div class="step fail-bg">
                    <span>Then user enters code in tryEditor from "pythonCode" and 0  then click run , output is printed</span>
      <div>
        <textarea disabled class="code-block">java.lang.Error: Unresolved compilation problems: 
	Unhandled exception type InterruptedException
	Unhandled exception type InvalidFormatException

	at pages.CollectionsPage.enterPythonCode(CollectionsPage.java:258)
	at StepDefinition.Collections.user_enters_code_in_try_editor_from_sheet_number_and_then_click_run_output_is_printed(Collections.java:194)
	at ✽.user enters code in tryEditor from "pythonCode" and 0  then click run , output is printed(file:///C:/Users/dadit/eclipse-workspace/DS-Algo/src/test/resources/features/Tree.feature:65)
</textarea>
      
      </div>
                  </div>
                  <div class="step pass-bg">
                    <span>hooks.Hooks.afterstep(io.cucumber.java.Scenario)</span>
      <div>My screenshot
          <div class="row mb-3"><div class="col-md-3">
<img data-featherlight='../Screenshots/embedded35.png' src="../Screenshots/embedded35.png">
    
    </div></div>
</div>
      <div>
      </div>
                  </div>
              </div>
            </div>
        </div>
  </div>
  <div class="card">
    <div class="card-header" role="tab">
      <div class="card-title">
        <div class="node" id="493"><span class="badge log fail-bg mr-2">Fail</span>user does Binary Trees</div>
          <div class="status-avatar float-right mr-4">
            <i class="fa fa-paperclip"></i>
          </div>
      </div>
    </div>
        <div class="scenario_outline ">
            <div class="card-body l1">
              <div class="card-header">
                <div class="card-title outline-child">
                  <div class="node" id="494"><span class="badge log fail-bg mr-2">Fail</span>user does Binary Trees</div>
                    <div class="status-avatar float-right">
                      <i class="fa fa-paperclip"></i>
                    </div>
                </div>
              </div>
              <div class="card-body mt-3 ">
                  <div class="step pass-bg">
                    <span>Given user is in Tree homepage</span>
      <div>
      </div>
                  </div>
                  <div class="step pass-bg">
                    <span>When user click "Binary Trees" 6th link in the Tree</span>
      <div>
      </div>
                  </div>
                  <div class="step pass-bg">
                    <span>Then user clicks "Try here"</span>
      <div>
      </div>
                  </div>
                  <div class="step fail-bg">
                    <span>Then user enters code in tryEditor from "pythonCode" and 0  then click run , output is printed</span>
      <div>
        <textarea disabled class="code-block">java.lang.Error: Unresolved compilation problems: 
	Unhandled exception type InterruptedException
	Unhandled exception type InvalidFormatException

	at pages.CollectionsPage.enterPythonCode(CollectionsPage.java:258)
	at StepDefinition.Collections.user_enters_code_in_try_editor_from_sheet_number_and_then_click_run_output_is_printed(Collections.java:194)
	at ✽.user enters code in tryEditor from "pythonCode" and 0  then click run , output is printed(file:///C:/Users/dadit/eclipse-workspace/DS-Algo/src/test/resources/features/Tree.feature:75)
</textarea>
      
      </div>
                  </div>
                  <div class="step pass-bg">
                    <span>hooks.Hooks.afterstep(io.cucumber.java.Scenario)</span>
      <div>My screenshot
          <div class="row mb-3"><div class="col-md-3">
<img data-featherlight='../Screenshots/embedded36.png' src="../Screenshots/embedded36.png">
    
    </div></div>
</div>
      <div>
      </div>
                  </div>
                  <div class="step skip-bg">
                    <span>And user navigate to homepage</span>
      <div>Step skipped
      </div>
                  </div>
              </div>
            </div>
        </div>
  </div>
  <div class="card">
    <div class="card-header" role="tab">
      <div class="card-title">
        <div class="node" id="506"><span class="badge log fail-bg mr-2">Fail</span>user does Types of Binary Trees</div>
          <div class="status-avatar float-right mr-4">
            <i class="fa fa-paperclip"></i>
          </div>
      </div>
    </div>
        <div class="scenario_outline ">
            <div class="card-body l1">
              <div class="card-header">
                <div class="card-title outline-child">
                  <div class="node" id="507"><span class="badge log fail-bg mr-2">Fail</span>user does Types of Binary Trees</div>
                    <div class="status-avatar float-right">
                      <i class="fa fa-paperclip"></i>
                    </div>
                </div>
              </div>
              <div class="card-body mt-3 ">
                  <div class="step pass-bg">
                    <span>Given user is in Tree homepage</span>
      <div>
      </div>
                  </div>
                  <div class="step pass-bg">
                    <span>When user click "Types of Binary Trees" 7th link in the Tree</span>
      <div>
      </div>
                  </div>
                  <div class="step pass-bg">
                    <span>Then user clicks "Try here"</span>
      <div>
      </div>
                  </div>
                  <div class="step fail-bg">
                    <span>Then user enters code in tryEditor from "pythonCode" and 0  then click run , output is printed</span>
      <div>
        <textarea disabled class="code-block">java.lang.Error: Unresolved compilation problems: 
	Unhandled exception type InterruptedException
	Unhandled exception type InvalidFormatException

	at pages.CollectionsPage.enterPythonCode(CollectionsPage.java:258)
	at StepDefinition.Collections.user_enters_code_in_try_editor_from_sheet_number_and_then_click_run_output_is_printed(Collections.java:194)
	at ✽.user enters code in tryEditor from "pythonCode" and 0  then click run , output is printed(file:///C:/Users/dadit/eclipse-workspace/DS-Algo/src/test/resources/features/Tree.feature:85)
</textarea>
      
      </div>
                  </div>
                  <div class="step pass-bg">
                    <span>hooks.Hooks.afterstep(io.cucumber.java.Scenario)</span>
      <div>My screenshot
          <div class="row mb-3"><div class="col-md-3">
<img data-featherlight='../Screenshots/embedded37.png' src="../Screenshots/embedded37.png">
    
    </div></div>
</div>
      <div>
      </div>
                  </div>
              </div>
            </div>
        </div>
  </div>
  <div class="card">
    <div class="card-header" role="tab">
      <div class="card-title">
        <div class="node" id="517"><span class="badge log fail-bg mr-2">Fail</span>user does Implementation in Python</div>
          <div class="status-avatar float-right mr-4">
            <i class="fa fa-paperclip"></i>
          </div>
      </div>
    </div>
        <div class="scenario_outline ">
            <div class="card-body l1">
              <div class="card-header">
                <div class="card-title outline-child">
                  <div class="node" id="518"><span class="badge log fail-bg mr-2">Fail</span>user does Implementation in Python</div>
                    <div class="status-avatar float-right">
                      <i class="fa fa-paperclip"></i>
                    </div>
                </div>
              </div>
              <div class="card-body mt-3 ">
                  <div class="step pass-bg">
                    <span>Given user is in Tree homepage</span>
      <div>
      </div>
                  </div>
                  <div class="step pass-bg">
                    <span>When user click "Implementation in Python" 8th link in the Tree</span>
      <div>
      </div>
                  </div>
                  <div class="step pass-bg">
                    <span>Then user clicks "Try here"</span>
      <div>
      </div>
                  </div>
                  <div class="step fail-bg">
                    <span>Then user enters code in tryEditor from "pythonCode" and 0  then click run , output is printed</span>
      <div>
        <textarea disabled class="code-block">java.lang.Error: Unresolved compilation problems: 
	Unhandled exception type InterruptedException
	Unhandled exception type InvalidFormatException

	at pages.CollectionsPage.enterPythonCode(CollectionsPage.java:258)
	at StepDefinition.Collections.user_enters_code_in_try_editor_from_sheet_number_and_then_click_run_output_is_printed(Collections.java:194)
	at ✽.user enters code in tryEditor from "pythonCode" and 0  then click run , output is printed(file:///C:/Users/dadit/eclipse-workspace/DS-Algo/src/test/resources/features/Tree.feature:95)
</textarea>
      
      </div>
                  </div>
                  <div class="step pass-bg">
                    <span>hooks.Hooks.afterstep(io.cucumber.java.Scenario)</span>
      <div>My screenshot
          <div class="row mb-3"><div class="col-md-3">
<img data-featherlight='../Screenshots/embedded38.png' src="../Screenshots/embedded38.png">
    
    </div></div>
</div>
      <div>
      </div>
                  </div>
              </div>
            </div>
        </div>
  </div>
  <div class="card">
    <div class="card-header" role="tab">
      <div class="card-title">
        <div class="node" id="528"><span class="badge log fail-bg mr-2">Fail</span>user does Binary Tree Traversals</div>
          <div class="status-avatar float-right mr-4">
            <i class="fa fa-paperclip"></i>
          </div>
      </div>
    </div>
        <div class="scenario_outline ">
            <div class="card-body l1">
              <div class="card-header">
                <div class="card-title outline-child">
                  <div class="node" id="529"><span class="badge log fail-bg mr-2">Fail</span>user does Binary Tree Traversals</div>
                    <div class="status-avatar float-right">
                      <i class="fa fa-paperclip"></i>
                    </div>
                </div>
              </div>
              <div class="card-body mt-3 ">
                  <div class="step pass-bg">
                    <span>Given user is in Tree homepage</span>
      <div>
      </div>
                  </div>
                  <div class="step pass-bg">
                    <span>When user click "Binary Tree Traversals" 9th link in the Tree</span>
      <div>
      </div>
                  </div>
                  <div class="step pass-bg">
                    <span>Then user clicks "Try here"</span>
      <div>
      </div>
                  </div>
                  <div class="step fail-bg">
                    <span>Then user enters code in tryEditor from "pythonCode" and 0  then click run , output is printed</span>
      <div>
        <textarea disabled class="code-block">java.lang.Error: Unresolved compilation problems: 
	Unhandled exception type InterruptedException
	Unhandled exception type InvalidFormatException

	at pages.CollectionsPage.enterPythonCode(CollectionsPage.java:258)
	at StepDefinition.Collections.user_enters_code_in_try_editor_from_sheet_number_and_then_click_run_output_is_printed(Collections.java:194)
	at ✽.user enters code in tryEditor from "pythonCode" and 0  then click run , output is printed(file:///C:/Users/dadit/eclipse-workspace/DS-Algo/src/test/resources/features/Tree.feature:105)
</textarea>
      
      </div>
                  </div>
                  <div class="step pass-bg">
                    <span>hooks.Hooks.afterstep(io.cucumber.java.Scenario)</span>
      <div>My screenshot
          <div class="row mb-3"><div class="col-md-3">
<img data-featherlight='../Screenshots/embedded39.png' src="../Screenshots/embedded39.png">
    
    </div></div>
</div>
      <div>
      </div>
                  </div>
              </div>
            </div>
        </div>
  </div>
  <div class="card">
    <div class="card-header" role="tab">
      <div class="card-title">
        <div class="node" id="539"><span class="badge log fail-bg mr-2">Fail</span>user does Implementation of Binary Trees</div>
          <div class="status-avatar float-right mr-4">
            <i class="fa fa-paperclip"></i>
          </div>
      </div>
    </div>
        <div class="scenario_outline ">
            <div class="card-body l1">
              <div class="card-header">
                <div class="card-title outline-child">
                  <div class="node" id="540"><span class="badge log fail-bg mr-2">Fail</span>user does Implementation of Binary Trees</div>
                    <div class="status-avatar float-right">
                      <i class="fa fa-paperclip"></i>
                    </div>
                </div>
              </div>
              <div class="card-body mt-3 ">
                  <div class="step pass-bg">
                    <span>Given user is in Tree homepage</span>
      <div>
      </div>
                  </div>
                  <div class="step pass-bg">
                    <span>When user click "Implementation of Binary Trees" 10th link in the Tree</span>
      <div>
      </div>
                  </div>
                  <div class="step pass-bg">
                    <span>Then user clicks "Try here"</span>
      <div>
      </div>
                  </div>
                  <div class="step fail-bg">
                    <span>Then user enters code in tryEditor from "pythonCode" and 0  then click run , output is printed</span>
      <div>
        <textarea disabled class="code-block">java.lang.Error: Unresolved compilation problems: 
	Unhandled exception type InterruptedException
	Unhandled exception type InvalidFormatException

	at pages.CollectionsPage.enterPythonCode(CollectionsPage.java:258)
	at StepDefinition.Collections.user_enters_code_in_try_editor_from_sheet_number_and_then_click_run_output_is_printed(Collections.java:194)
	at ✽.user enters code in tryEditor from "pythonCode" and 0  then click run , output is printed(file:///C:/Users/dadit/eclipse-workspace/DS-Algo/src/test/resources/features/Tree.feature:115)
</textarea>
      
      </div>
                  </div>
                  <div class="step pass-bg">
                    <span>hooks.Hooks.afterstep(io.cucumber.java.Scenario)</span>
      <div>My screenshot
          <div class="row mb-3"><div class="col-md-3">
<img data-featherlight='../Screenshots/embedded40.png' src="../Screenshots/embedded40.png">
    
    </div></div>
</div>
      <div>
      </div>
                  </div>
                  <div class="step skip-bg">
                    <span>And user navigate to homepage</span>
      <div>Step skipped
      </div>
                  </div>
              </div>
            </div>
        </div>
  </div>
  <div class="card">
    <div class="card-header" role="tab">
      <div class="card-title">
        <div class="node" id="552"><span class="badge log fail-bg mr-2">Fail</span>user does Applications of Binary Trees</div>
          <div class="status-avatar float-right mr-4">
            <i class="fa fa-paperclip"></i>
          </div>
      </div>
    </div>
        <div class="scenario_outline ">
            <div class="card-body l1">
              <div class="card-header">
                <div class="card-title outline-child">
                  <div class="node" id="553"><span class="badge log fail-bg mr-2">Fail</span>user does Applications of Binary Trees</div>
                    <div class="status-avatar float-right">
                      <i class="fa fa-paperclip"></i>
                    </div>
                </div>
              </div>
              <div class="card-body mt-3 ">
                  <div class="step pass-bg">
                    <span>Given user is in Tree homepage</span>
      <div>
      </div>
                  </div>
                  <div class="step pass-bg">
                    <span>When user click "Applications of Binary Trees" 11th link in the Tree</span>
      <div>
      </div>
                  </div>
                  <div class="step pass-bg">
                    <span>Then user clicks "Try here"</span>
      <div>
      </div>
                  </div>
                  <div class="step fail-bg">
                    <span>Then user enters code in tryEditor from "pythonCode" and 0  then click run , output is printed</span>
      <div>
        <textarea disabled class="code-block">java.lang.Error: Unresolved compilation problems: 
	Unhandled exception type InterruptedException
	Unhandled exception type InvalidFormatException

	at pages.CollectionsPage.enterPythonCode(CollectionsPage.java:258)
	at StepDefinition.Collections.user_enters_code_in_try_editor_from_sheet_number_and_then_click_run_output_is_printed(Collections.java:194)
	at ✽.user enters code in tryEditor from "pythonCode" and 0  then click run , output is printed(file:///C:/Users/dadit/eclipse-workspace/DS-Algo/src/test/resources/features/Tree.feature:125)
</textarea>
      
      </div>
                  </div>
                  <div class="step pass-bg">
                    <span>hooks.Hooks.afterstep(io.cucumber.java.Scenario)</span>
      <div>My screenshot
          <div class="row mb-3"><div class="col-md-3">
<img data-featherlight='../Screenshots/embedded41.png' src="../Screenshots/embedded41.png">
    
    </div></div>
</div>
      <div>
      </div>
                  </div>
              </div>
            </div>
        </div>
  </div>
  <div class="card">
    <div class="card-header" role="tab">
      <div class="card-title">
        <div class="node" id="563"><span class="badge log fail-bg mr-2">Fail</span>user does Binary Search Trees</div>
          <div class="status-avatar float-right mr-4">
            <i class="fa fa-paperclip"></i>
          </div>
      </div>
    </div>
        <div class="scenario_outline ">
            <div class="card-body l1">
              <div class="card-header">
                <div class="card-title outline-child">
                  <div class="node" id="564"><span class="badge log fail-bg mr-2">Fail</span>user does Binary Search Trees</div>
                    <div class="status-avatar float-right">
                      <i class="fa fa-paperclip"></i>
                    </div>
                </div>
              </div>
              <div class="card-body mt-3 ">
                  <div class="step pass-bg">
                    <span>Given user is in Tree homepage</span>
      <div>
      </div>
                  </div>
                  <div class="step pass-bg">
                    <span>When user click "Binary Search Trees" 12th link in the Tree</span>
      <div>
      </div>
                  </div>
                  <div class="step pass-bg">
                    <span>Then user clicks "Try here"</span>
      <div>
      </div>
                  </div>
                  <div class="step fail-bg">
                    <span>Then user enters code in tryEditor from "pythonCode" and 0  then click run , output is printed</span>
      <div>
        <textarea disabled class="code-block">java.lang.Error: Unresolved compilation problems: 
	Unhandled exception type InterruptedException
	Unhandled exception type InvalidFormatException

	at pages.CollectionsPage.enterPythonCode(CollectionsPage.java:258)
	at StepDefinition.Collections.user_enters_code_in_try_editor_from_sheet_number_and_then_click_run_output_is_printed(Collections.java:194)
	at ✽.user enters code in tryEditor from "pythonCode" and 0  then click run , output is printed(file:///C:/Users/dadit/eclipse-workspace/DS-Algo/src/test/resources/features/Tree.feature:135)
</textarea>
      
      </div>
                  </div>
                  <div class="step pass-bg">
                    <span>hooks.Hooks.afterstep(io.cucumber.java.Scenario)</span>
      <div>My screenshot
          <div class="row mb-3"><div class="col-md-3">
<img data-featherlight='../Screenshots/embedded42.png' src="../Screenshots/embedded42.png">
    
    </div></div>
</div>
      <div>
      </div>
                  </div>
              </div>
            </div>
        </div>
  </div>
  <div class="card">
    <div class="card-header" role="tab">
      <div class="card-title">
        <div class="node" id="574"><span class="badge log fail-bg mr-2">Fail</span>user does Implementation of BST</div>
          <div class="status-avatar float-right mr-4">
            <i class="fa fa-paperclip"></i>
          </div>
      </div>
    </div>
        <div class="scenario_outline ">
            <div class="card-body l1">
              <div class="card-header">
                <div class="card-title outline-child">
                  <div class="node" id="575"><span class="badge log fail-bg mr-2">Fail</span>user does Implementation of BST</div>
                    <div class="status-avatar float-right">
                      <i class="fa fa-paperclip"></i>
                    </div>
                </div>
              </div>
              <div class="card-body mt-3 ">
                  <div class="step pass-bg">
                    <span>Given user is in Tree homepage</span>
      <div>
      </div>
                  </div>
                  <div class="step pass-bg">
                    <span>When user click "Implementation of BST" 13th link in the Tree</span>
      <div>
      </div>
                  </div>
                  <div class="step pass-bg">
                    <span>Then user clicks "Try here"</span>
      <div>
      </div>
                  </div>
                  <div class="step fail-bg">
                    <span>Then user enters code in tryEditor from "pythonCode" and 0  then click run , output is printed</span>
      <div>
        <textarea disabled class="code-block">java.lang.Error: Unresolved compilation problems: 
	Unhandled exception type InterruptedException
	Unhandled exception type InvalidFormatException

	at pages.CollectionsPage.enterPythonCode(CollectionsPage.java:258)
	at StepDefinition.Collections.user_enters_code_in_try_editor_from_sheet_number_and_then_click_run_output_is_printed(Collections.java:194)
	at ✽.user enters code in tryEditor from "pythonCode" and 0  then click run , output is printed(file:///C:/Users/dadit/eclipse-workspace/DS-Algo/src/test/resources/features/Tree.feature:144)
</textarea>
      
      </div>
                  </div>
                  <div class="step pass-bg">
                    <span>hooks.Hooks.afterstep(io.cucumber.java.Scenario)</span>
      <div>My screenshot
          <div class="row mb-3"><div class="col-md-3">
<img data-featherlight='../Screenshots/embedded43.png' src="../Screenshots/embedded43.png">
    
    </div></div>
</div>
      <div>
      </div>
                  </div>
                  <div class="step skip-bg">
                    <span>And user navigate to homepage</span>
      <div>Step skipped
      </div>
                  </div>
              </div>
            </div>
        </div>
  </div>
</div>
          </div>
        </li>
      </ul>
    </div>
  </div>
<div class="test-content scrollable">
<div class="test-content-tools">
<ul><li><a class="back-to-test" href="#"><i class="fa fa-arrow-left"></i></a></li></ul>
</div>
<div class="test-content-detail"><div class="detail-body"></div></div>
</div></div>
<div class="test-wrapper row view exception-view attributes-view">
<div class="test-list">
<div class="test-list-tools">
<ul class="tools pull-left"><li><a href=""><span class="font-size-14">Exception</span></a></li></ul>
<ul class="tools text-right"><li><a href="#"><span class="badge badge-primary">3</span></a></li></ul>
</div>
<div class="test-list-wrapper scrollable">
<ul class="test-list-item">
<li class="test-item">
<div class="test-detail">
<span class="meta">
<span class='badge log badge-danger'>11</span>
</span>
<p class="name">org.openqa.selenium.NoSuchElementException</p>
<p class="duration text-sm">11 tests</p>
</div>
<div class="test-contents d-none">
<div class="info">
<h4>org.openqa.selenium.NoSuchElementException</h4>
<span status="fail" class='badge log badge-danger'>11 failed</span>
</div>
<table class='table table-sm mt-4'>
<thead>
<tr>
<th class="status-col">Status</th>
<th class="timestamp-col">Timestamp</th>
<th>TestName</th>
</tr>
</thead>
<tbody>
<tr class="tag-test-status" status="fail">
<td><span class="badge log fail-bg">Fail</span></td>
<td>16:52:32 PM</td>
<td>
<a href="#" class="linked" test-id='241' id='254'>And user get alert message "you are not logged in"</a>
<div class="">
<span class="badge badge-default">DS-ALGO Project.Opeing DS-Algo portal link.And user get alert message "you are not logged in"</span>
</div>
</td>
</tr>
<tr class="tag-test-status" status="fail">
<td><span class="badge log fail-bg">Fail</span></td>
<td>16:52:40 PM</td>
<td>
<a href="#" class="linked" test-id='315' id='320'>When The user clicks "Register" button with all fields empty</a>
<div class="">
<span class="badge badge-default">user registration page.The user is presented with error message for empty fields below Username textbox.When The user clicks "Register" button with all fields empty</span>
</div>
</td>
</tr>
<tr class="tag-test-status" status="fail">
<td><span class="badge log fail-bg">Fail</span></td>
<td>16:52:40 PM</td>
<td>
<a href="#" class="linked" test-id='315' id='328'>When The user enters "username" with other fields empty and user clicks register button</a>
<div class="">
<span class="badge badge-default">user registration page.The user is presented with error message for empty fields below Password textbox.When The user enters "username" with other fields empty and user clicks register button</span>
</div>
</td>
</tr>
<tr class="tag-test-status" status="fail">
<td><span class="badge log fail-bg">Fail</span></td>
<td>16:52:41 PM</td>
<td>
<a href="#" class="linked" test-id='315' id='336'>When The user enters "username" and "password" with Password Confirmation field empty and user clicks register button</a>
<div class="">
<span class="badge badge-default">user registration page.The user is presented with error message for empty fields below confirm Password textbox.When The user enters "username" and "password" with Password Confirmation field empty and user clicks register button</span>
</div>
</td>
</tr>
<tr class="tag-test-status" status="fail">
<td><span class="badge log fail-bg">Fail</span></td>
<td>16:52:41 PM</td>
<td>
<a href="#" class="linked" test-id='315' id='344'>When The user enters a "username" with characters other than Letters, digits and @/./+/-/_ with "password" and "confirm_password" and user clicks register button</a>
<div class="">
<span class="badge badge-default">user registration page.The user is presented with error message for invalid username.When The user enters a "username" with characters other than Letters, digits and @/./+/-/_ with "password" and "confirm_password" and user clicks register button</span>
</div>
</td>
</tr>
<tr class="tag-test-status" status="fail">
<td><span class="badge log fail-bg">Fail</span></td>
<td>16:52:41 PM</td>
<td>
<a href="#" class="linked" test-id='315' id='352'>When The user enters "username" and different passwords in "password" and "confirm_password" fields and user clicks register button</a>
<div class="">
<span class="badge badge-default">user registration page.The user is presented with error message for password mismatch.When The user enters "username" and different passwords in "password" and "confirm_password" fields and user clicks register button</span>
</div>
</td>
</tr>
<tr class="tag-test-status" status="fail">
<td><span class="badge log fail-bg">Fail</span></td>
<td>16:52:42 PM</td>
<td>
<a href="#" class="linked" test-id='315' id='360'>When The user enters "username" and "password" with characters less than eight and "confirm_password" and user clicks register button</a>
<div class="">
<span class="badge badge-default">user registration page.The user is presented with error message for password with characters less than 8.When The user enters "username" and "password" with characters less than eight and "confirm_password" and user clicks register button</span>
</div>
</td>
</tr>
<tr class="tag-test-status" status="fail">
<td><span class="badge log fail-bg">Fail</span></td>
<td>16:52:42 PM</td>
<td>
<a href="#" class="linked" test-id='315' id='368'>When The user enters "username" and "password" with only numbers and "confirm_password" and user clicks register button</a>
<div class="">
<span class="badge badge-default">user registration page.The user is presented with error message for password with only numbers.When The user enters "username" and "password" with only numbers and "confirm_password" and user clicks register button</span>
</div>
</td>
</tr>
<tr class="tag-test-status" status="fail">
<td><span class="badge log fail-bg">Fail</span></td>
<td>16:52:42 PM</td>
<td>
<a href="#" class="linked" test-id='315' id='377'>When The user clicks Register button after entering "user95name", "sdet" and "sdet95batch"</a>
<div class="">
<span class="badge badge-default">user registration page.Getting register into page with username and password.When The user clicks Register button after entering "user95name", "sdet" and "sdet95batch"</span>
</div>
</td>
</tr>
<tr class="tag-test-status" status="fail">
<td><span class="badge log fail-bg">Fail</span></td>
<td>16:52:43 PM</td>
<td>
<a href="#" class="linked" test-id='315' id='385'>When The user clicks Register button after entering "Numpyninja95AT", "sdet95batchAT" and "sdet95batchAT"</a>
<div class="">
<span class="badge badge-default">user registration page.Getting register into page with username and password.When The user clicks Register button after entering "Numpyninja95AT", "sdet95batchAT" and "sdet95batchAT"</span>
</div>
</td>
</tr>
<tr class="tag-test-status" status="fail">
<td><span class="badge log fail-bg">Fail</span></td>
<td>16:52:43 PM</td>
<td>
<a href="#" class="linked" test-id='315' id='393'>When The user enters a valid existing "username" with "password" and "confirm_password"</a>
<div class="">
<span class="badge badge-default">user registration page.The user is presented with error message for existing username.When The user enters a valid existing "username" with "password" and "confirm_password"</span>
</div>
</td>
</tr>
</tbody>
</table>
</div>
</li>
<li class="test-item">
<div class="test-detail">
<span class="meta">
<span class='badge log badge-danger'>4</span>
</span>
<p class="name">java.io.FileNotFoundException</p>
<p class="duration text-sm">4 tests</p>
</div>
<div class="test-contents d-none">
<div class="info">
<h4>java.io.FileNotFoundException</h4>
<span status="fail" class='badge log badge-danger'>4 failed</span>
</div>
<table class='table table-sm mt-4'>
<thead>
<tr>
<th class="status-col">Status</th>
<th class="timestamp-col">Timestamp</th>
<th>TestName</th>
</tr>
</thead>
<tbody>
<tr class="tag-test-status" status="fail">
<td><span class="badge log fail-bg">Fail</span></td>
<td>16:52:09 PM</td>
<td>
<a href="#" class="linked" test-id='1' id='4'>Given user login with username "Numpyninja95AT" and password "sdet95batchAT" given through config</a>
<div class="">
<span class="badge badge-default">DS Algo ArrayPractice Page.User navigate to Array Practice Page and works in Search the array.Given user login with username "Numpyninja95AT" and password "sdet95batchAT" given through config</span>
</div>
</td>
</tr>
<tr class="tag-test-status" status="fail">
<td><span class="badge log fail-bg">Fail</span></td>
<td>16:52:11 PM</td>
<td>
<a href="#" class="linked" test-id='56' id='60'>Given user login with username "USERNAME" and password "PASSWORD" given through config</a>
<div class="">
<span class="badge badge-default">DataStructure page.user navigate to datastructure page.Given user login with username "USERNAME" and password "PASSWORD" given through config</span>
</div>
</td>
</tr>
<tr class="tag-test-status" status="fail">
<td><span class="badge log fail-bg">Fail</span></td>
<td>16:52:11 PM</td>
<td>
<a href="#" class="linked" test-id='56' id='72'>Given user login with username "USERNAME" and password "PASSWORD" given through config</a>
<div class="">
<span class="badge badge-default">DataStructure page.user navigate to datastructure page.Given user login with username "USERNAME" and password "PASSWORD" given through config</span>
</div>
</td>
</tr>
<tr class="tag-test-status" status="fail">
<td><span class="badge log fail-bg">Fail</span></td>
<td>16:52:12 PM</td>
<td>
<a href="#" class="linked" test-id='82' id='86'>Given user login with username "USERNAME" and password "PASSWORD" given through config</a>
<div class="">
<span class="badge badge-default">Graph page.user navigate to Graph page and works on Graph.Given user login with username "USERNAME" and password "PASSWORD" given through config</span>
</div>
</td>
</tr>
</tbody>
</table>
</div>
</li>
<li class="test-item">
<div class="test-detail">
<span class="meta">
<span class='badge log badge-danger'>28</span>
</span>
<p class="name">java.lang.Error</p>
<p class="duration text-sm">28 tests</p>
</div>
<div class="test-contents d-none">
<div class="info">
<h4>java.lang.Error</h4>
<span status="fail" class='badge log badge-danger'>28 failed</span>
</div>
<table class='table table-sm mt-4'>
<thead>
<tr>
<th class="status-col">Status</th>
<th class="timestamp-col">Timestamp</th>
<th>TestName</th>
</tr>
</thead>
<tbody>
<tr class="tag-test-status" status="fail">
<td><span class="badge log fail-bg">Fail</span></td>
<td>16:52:14 PM</td>
<td>
<a href="#" class="linked" test-id='82' id='105'>Then user enters code in tryEditor from "pythonCode" and 0 then click run , output is printed</a>
<div class="">
<span class="badge badge-default">Graph page.user does Graph Representations.Then user enters code in tryEditor from "pythonCode" and 0 then click run , output is printed</span>
</div>
</td>
</tr>
<tr class="tag-test-status" status="fail">
<td><span class="badge log fail-bg">Fail</span></td>
<td>16:52:16 PM</td>
<td>
<a href="#" class="linked" test-id='109' id='121'>Then user enters code in tryEditor from "pythonCode" and 0 then click run , output is printed</a>
<div class="">
<span class="badge badge-default">Linked List page.user navigate to Linked List page and works on Introduction on Linked List.Then user enters code in tryEditor from "pythonCode" and 0 then click run , output is printed</span>
</div>
</td>
</tr>
<tr class="tag-test-status" status="fail">
<td><span class="badge log fail-bg">Fail</span></td>
<td>16:52:17 PM</td>
<td>
<a href="#" class="linked" test-id='109' id='132'>Then user enters code in tryEditor from "pythonCode" and 0 then click run , output is printed</a>
<div class="">
<span class="badge badge-default">Linked List page.user does Creating Linked List.Then user enters code in tryEditor from "pythonCode" and 0 then click run , output is printed</span>
</div>
</td>
</tr>
<tr class="tag-test-status" status="fail">
<td><span class="badge log fail-bg">Fail</span></td>
<td>16:52:19 PM</td>
<td>
<a href="#" class="linked" test-id='109' id='143'>Then user enters code in tryEditor from "pythonCode" and 0 then click run , output is printed</a>
<div class="">
<span class="badge badge-default">Linked List page.user does Types of Linked Lists.Then user enters code in tryEditor from "pythonCode" and 0 then click run , output is printed</span>
</div>
</td>
</tr>
<tr class="tag-test-status" status="fail">
<td><span class="badge log fail-bg">Fail</span></td>
<td>16:52:20 PM</td>
<td>
<a href="#" class="linked" test-id='109' id='154'>Then user enters code in tryEditor from "pythonCode" and 0 then click run , output is printed</a>
<div class="">
<span class="badge badge-default">Linked List page.user does Implement Linked List in Python.Then user enters code in tryEditor from "pythonCode" and 0 then click run , output is printed</span>
</div>
</td>
</tr>
<tr class="tag-test-status" status="fail">
<td><span class="badge log fail-bg">Fail</span></td>
<td>16:52:21 PM</td>
<td>
<a href="#" class="linked" test-id='109' id='165'>Then user enters code in tryEditor from "pythonCode" and 0 then click run , output is printed</a>
<div class="">
<span class="badge badge-default">Linked List page.user does Traversal.Then user enters code in tryEditor from "pythonCode" and 0 then click run , output is printed</span>
</div>
</td>
</tr>
<tr class="tag-test-status" status="fail">
<td><span class="badge log fail-bg">Fail</span></td>
<td>16:52:22 PM</td>
<td>
<a href="#" class="linked" test-id='109' id='176'>Then user enters code in tryEditor from "pythonCode" and 0 then click run , output is printed</a>
<div class="">
<span class="badge badge-default">Linked List page.user does Insertion.Then user enters code in tryEditor from "pythonCode" and 0 then click run , output is printed</span>
</div>
</td>
</tr>
<tr class="tag-test-status" status="fail">
<td><span class="badge log fail-bg">Fail</span></td>
<td>16:52:24 PM</td>
<td>
<a href="#" class="linked" test-id='109' id='187'>Then user enters code in tryEditor from "pythonCode" and 0 then click run , output is printed</a>
<div class="">
<span class="badge badge-default">Linked List page.user does Deletion.Then user enters code in tryEditor from "pythonCode" and 0 then click run , output is printed</span>
</div>
</td>
</tr>
<tr class="tag-test-status" status="fail">
<td><span class="badge log fail-bg">Fail</span></td>
<td>16:52:35 PM</td>
<td>
<a href="#" class="linked" test-id='264' id='276'>Then user enters code in tryEditor from "pythonCode" and 0 then click run , output is printed</a>
<div class="">
<span class="badge badge-default">Queue page.user navigate to Queue page and works on Implementation Queue in Python.Then user enters code in tryEditor from "pythonCode" and 0 then click run , output is printed</span>
</div>
</td>
</tr>
<tr class="tag-test-status" status="fail">
<td><span class="badge log fail-bg">Fail</span></td>
<td>16:52:36 PM</td>
<td>
<a href="#" class="linked" test-id='264' id='287'>Then user enters code in tryEditor from "pythonCode" and 0 then click run , output is printed</a>
<div class="">
<span class="badge badge-default">Queue page.user does Implementation Using Collection.deque.Then user enters code in tryEditor from "pythonCode" and 0 then click run , output is printed</span>
</div>
</td>
</tr>
<tr class="tag-test-status" status="fail">
<td><span class="badge log fail-bg">Fail</span></td>
<td>16:52:38 PM</td>
<td>
<a href="#" class="linked" test-id='264' id='298'>Then user enters code in tryEditor from "pythonCode" and 0 then click run , output is printed</a>
<div class="">
<span class="badge badge-default">Queue page.user does Implementation Using Array.Then user enters code in tryEditor from "pythonCode" and 0 then click run , output is printed</span>
</div>
</td>
</tr>
<tr class="tag-test-status" status="fail">
<td><span class="badge log fail-bg">Fail</span></td>
<td>16:52:40 PM</td>
<td>
<a href="#" class="linked" test-id='264' id='311'>Then user enters code in tryEditor from "pythonCode" and 0 then click run , output is printed</a>
<div class="">
<span class="badge badge-default">Queue page.user does Queue Operations.Then user enters code in tryEditor from "pythonCode" and 0 then click run , output is printed</span>
</div>
</td>
</tr>
<tr class="tag-test-status" status="fail">
<td><span class="badge log fail-bg">Fail</span></td>
<td>16:52:46 PM</td>
<td>
<a href="#" class="linked" test-id='397' id='409'>Then user enters code in tryEditor from "pythonCode" and 0 then click run , output is printed</a>
<div class="">
<span class="badge badge-default">Stack page.user navigate to Stack page and works on Operations in Stack.Then user enters code in tryEditor from "pythonCode" and 0 then click run , output is printed</span>
</div>
</td>
</tr>
<tr class="tag-test-status" status="fail">
<td><span class="badge log fail-bg">Fail</span></td>
<td>16:52:47 PM</td>
<td>
<a href="#" class="linked" test-id='397' id='420'>Then user enters code in tryEditor from "pythonCode" and 0 then click run , output is printed</a>
<div class="">
<span class="badge badge-default">Stack page.user does Implementation Stack.Then user enters code in tryEditor from "pythonCode" and 0 then click run , output is printed</span>
</div>
</td>
</tr>
<tr class="tag-test-status" status="fail">
<td><span class="badge log fail-bg">Fail</span></td>
<td>16:52:49 PM</td>
<td>
<a href="#" class="linked" test-id='397' id='431'>Then user enters code in tryEditor from "pythonCode" and 0 then click run , output is printed</a>
<div class="">
<span class="badge badge-default">Stack page.user does Applications.Then user enters code in tryEditor from "pythonCode" and 0 then click run , output is printed</span>
</div>
</td>
</tr>
<tr class="tag-test-status" status="fail">
<td><span class="badge log fail-bg">Fail</span></td>
<td>16:52:52 PM</td>
<td>
<a href="#" class="linked" test-id='435' id='447'>Then user enters code in tryEditor from "pythonCode" and 0 then click run , output is printed</a>
<div class="">
<span class="badge badge-default">Tree page.user navigate to Tree page and works on Overview of Trees 1st link in the Tree.Then user enters code in tryEditor from "pythonCode" and 0 then click run , output is printed</span>
</div>
</td>
</tr>
<tr class="tag-test-status" status="fail">
<td><span class="badge log fail-bg">Fail</span></td>
<td>16:52:54 PM</td>
<td>
<a href="#" class="linked" test-id='435' id='458'>Then user enters code in tryEditor from "pythonCode" and 0 then click run , output is printed</a>
<div class="">
<span class="badge badge-default">Tree page.user does Terminologies in Trees.Then user enters code in tryEditor from "pythonCode" and 0 then click run , output is printed</span>
</div>
</td>
</tr>
<tr class="tag-test-status" status="fail">
<td><span class="badge log fail-bg">Fail</span></td>
<td>16:52:56 PM</td>
<td>
<a href="#" class="linked" test-id='435' id='469'>Then user enters code in tryEditor from "pythonCode" and 0 then click run , output is printed</a>
<div class="">
<span class="badge badge-default">Tree page.user does Types of Trees.Then user enters code in tryEditor from "pythonCode" and 0 then click run , output is printed</span>
</div>
</td>
</tr>
<tr class="tag-test-status" status="fail">
<td><span class="badge log fail-bg">Fail</span></td>
<td>16:52:58 PM</td>
<td>
<a href="#" class="linked" test-id='435' id='480'>Then user enters code in tryEditor from "pythonCode" and 0 then click run , output is printed</a>
<div class="">
<span class="badge badge-default">Tree page.user does Tree Traversals.Then user enters code in tryEditor from "pythonCode" and 0 then click run , output is printed</span>
</div>
</td>
</tr>
<tr class="tag-test-status" status="fail">
<td><span class="badge log fail-bg">Fail</span></td>
<td>16:52:59 PM</td>
<td>
<a href="#" class="linked" test-id='435' id='491'>Then user enters code in tryEditor from "pythonCode" and 0 then click run , output is printed</a>
<div class="">
<span class="badge badge-default">Tree page.user does Traversal-Illustration.Then user enters code in tryEditor from "pythonCode" and 0 then click run , output is printed</span>
</div>
</td>
</tr>
<tr class="tag-test-status" status="fail">
<td><span class="badge log fail-bg">Fail</span></td>
<td>16:53:01 PM</td>
<td>
<a href="#" class="linked" test-id='435' id='502'>Then user enters code in tryEditor from "pythonCode" and 0 then click run , output is printed</a>
<div class="">
<span class="badge badge-default">Tree page.user does Binary Trees.Then user enters code in tryEditor from "pythonCode" and 0 then click run , output is printed</span>
</div>
</td>
</tr>
<tr class="tag-test-status" status="fail">
<td><span class="badge log fail-bg">Fail</span></td>
<td>16:53:04 PM</td>
<td>
<a href="#" class="linked" test-id='435' id='515'>Then user enters code in tryEditor from "pythonCode" and 0 then click run , output is printed</a>
<div class="">
<span class="badge badge-default">Tree page.user does Types of Binary Trees.Then user enters code in tryEditor from "pythonCode" and 0 then click run , output is printed</span>
</div>
</td>
</tr>
<tr class="tag-test-status" status="fail">
<td><span class="badge log fail-bg">Fail</span></td>
<td>16:53:05 PM</td>
<td>
<a href="#" class="linked" test-id='435' id='526'>Then user enters code in tryEditor from "pythonCode" and 0 then click run , output is printed</a>
<div class="">
<span class="badge badge-default">Tree page.user does Implementation in Python.Then user enters code in tryEditor from "pythonCode" and 0 then click run , output is printed</span>
</div>
</td>
</tr>
<tr class="tag-test-status" status="fail">
<td><span class="badge log fail-bg">Fail</span></td>
<td>16:53:07 PM</td>
<td>
<a href="#" class="linked" test-id='435' id='537'>Then user enters code in tryEditor from "pythonCode" and 0 then click run , output is printed</a>
<div class="">
<span class="badge badge-default">Tree page.user does Binary Tree Traversals.Then user enters code in tryEditor from "pythonCode" and 0 then click run , output is printed</span>
</div>
</td>
</tr>
<tr class="tag-test-status" status="fail">
<td><span class="badge log fail-bg">Fail</span></td>
<td>16:53:09 PM</td>
<td>
<a href="#" class="linked" test-id='435' id='548'>Then user enters code in tryEditor from "pythonCode" and 0 then click run , output is printed</a>
<div class="">
<span class="badge badge-default">Tree page.user does Implementation of Binary Trees.Then user enters code in tryEditor from "pythonCode" and 0 then click run , output is printed</span>
</div>
</td>
</tr>
<tr class="tag-test-status" status="fail">
<td><span class="badge log fail-bg">Fail</span></td>
<td>16:53:10 PM</td>
<td>
<a href="#" class="linked" test-id='435' id='561'>Then user enters code in tryEditor from "pythonCode" and 0 then click run , output is printed</a>
<div class="">
<span class="badge badge-default">Tree page.user does Applications of Binary Trees.Then user enters code in tryEditor from "pythonCode" and 0 then click run , output is printed</span>
</div>
</td>
</tr>
<tr class="tag-test-status" status="fail">
<td><span class="badge log fail-bg">Fail</span></td>
<td>16:53:12 PM</td>
<td>
<a href="#" class="linked" test-id='435' id='572'>Then user enters code in tryEditor from "pythonCode" and 0 then click run , output is printed</a>
<div class="">
<span class="badge badge-default">Tree page.user does Binary Search Trees.Then user enters code in tryEditor from "pythonCode" and 0 then click run , output is printed</span>
</div>
</td>
</tr>
<tr class="tag-test-status" status="fail">
<td><span class="badge log fail-bg">Fail</span></td>
<td>16:53:14 PM</td>
<td>
<a href="#" class="linked" test-id='435' id='583'>Then user enters code in tryEditor from "pythonCode" and 0 then click run , output is printed</a>
<div class="">
<span class="badge badge-default">Tree page.user does Implementation of BST.Then user enters code in tryEditor from "pythonCode" and 0 then click run , output is printed</span>
</div>
</td>
</tr>
</tbody>
</table>
</div>
</li>
</ul>
</div>
</div>
<div class="test-content scrollable">
<div class="test-content-detail">
<div class="detail-body"></div>
</div>
</div>
</div><div class="test-wrapper row view category-view attributes-view">
<div class="test-list">
<div class="test-list-tools">
<ul class="tools pull-left"><li><a href=""><span class="font-size-14">Category</span></a></li></ul>
<ul class="tools text-right"><li><a href="#"><span class="badge badge-primary">20</span></a></li></ul>
</div>
<div class="test-list-wrapper scrollable">
<ul class="test-list-item">
<li class="test-item">
<div class="test-detail">
<span class="meta">
<span class='badge log badge-danger'>1</span>
</span>
<p class="name">@homepage</p>
<p class="duration text-sm">1 tests</p>
</div>
<div class="test-contents d-none">
<div class="info">
<h4>@homepage</h4>
<span status="fail" class='badge log badge-danger'>1 failed</span>
</div>
<table class='table table-sm mt-4'>
<thead>
<tr>
<th class="status-col">Status</th>
<th class="timestamp-col">Timestamp</th>
<th>TestName</th>
</tr>
</thead>
<tbody>
<tr class="tag-test-status" status="fail">
<td><span class="badge log fail-bg">Fail</span></td>
<td>16:52:31 PM</td>
<td>
<a href="#" class="linked" test-id='241' id='242'>Opeing DS-Algo portal link</a>
<div class="">
<span class="badge badge-default">DS-ALGO Project.Opeing DS-Algo portal link</span>
</div>
</td>
</tr>
</tbody>
</table>
</div>
</li>
<li class="test-item">
<div class="test-detail">
<span class="meta">
<span class='badge log badge-danger'>2</span>
</span>
<p class="name">@graph</p>
<p class="duration text-sm">2 tests</p>
</div>
<div class="test-contents d-none">
<div class="info">
<h4>@graph</h4>
<span status="fail" class='badge log badge-danger'>2 failed</span>
</div>
<table class='table table-sm mt-4'>
<thead>
<tr>
<th class="status-col">Status</th>
<th class="timestamp-col">Timestamp</th>
<th>TestName</th>
</tr>
</thead>
<tbody>
<tr class="tag-test-status" status="fail">
<td><span class="badge log fail-bg">Fail</span></td>
<td>16:52:12 PM</td>
<td>
<a href="#" class="linked" test-id='82' id='84'>user navigate to Graph page and works on Graph</a>
<div class="">
<span class="badge badge-default">Graph page.user navigate to Graph page and works on Graph</span>
</div>
</td>
</tr>
<tr class="tag-test-status" status="fail">
<td><span class="badge log fail-bg">Fail</span></td>
<td>16:52:12 PM</td>
<td>
<a href="#" class="linked" test-id='82' id='97'>user does Graph Representations</a>
<div class="">
<span class="badge badge-default">Graph page.user does Graph Representations</span>
</div>
</td>
</tr>
</tbody>
</table>
</div>
</li>
<li class="test-item">
<div class="test-detail">
<span class="meta">
<span class='badge log badge-danger'>7</span>
</span>
<p class="name">@LinkedList</p>
<p class="duration text-sm">7 tests</p>
</div>
<div class="test-contents d-none">
<div class="info">
<h4>@LinkedList</h4>
<span status="fail" class='badge log badge-danger'>7 failed</span>
</div>
<table class='table table-sm mt-4'>
<thead>
<tr>
<th class="status-col">Status</th>
<th class="timestamp-col">Timestamp</th>
<th>TestName</th>
</tr>
</thead>
<tbody>
<tr class="tag-test-status" status="fail">
<td><span class="badge log fail-bg">Fail</span></td>
<td>16:52:14 PM</td>
<td>
<a href="#" class="linked" test-id='109' id='111'>user navigate to Linked List page and works on Introduction on Linked List</a>
<div class="">
<span class="badge badge-default">Linked List page.user navigate to Linked List page and works on Introduction on Linked List</span>
</div>
</td>
</tr>
<tr class="tag-test-status" status="fail">
<td><span class="badge log fail-bg">Fail</span></td>
<td>16:52:16 PM</td>
<td>
<a href="#" class="linked" test-id='109' id='124'>user does Creating Linked List</a>
<div class="">
<span class="badge badge-default">Linked List page.user does Creating Linked List</span>
</div>
</td>
</tr>
<tr class="tag-test-status" status="fail">
<td><span class="badge log fail-bg">Fail</span></td>
<td>16:52:17 PM</td>
<td>
<a href="#" class="linked" test-id='109' id='135'>user does Types of Linked Lists</a>
<div class="">
<span class="badge badge-default">Linked List page.user does Types of Linked Lists</span>
</div>
</td>
</tr>
<tr class="tag-test-status" status="fail">
<td><span class="badge log fail-bg">Fail</span></td>
<td>16:52:19 PM</td>
<td>
<a href="#" class="linked" test-id='109' id='146'>user does Implement Linked List in Python</a>
<div class="">
<span class="badge badge-default">Linked List page.user does Implement Linked List in Python</span>
</div>
</td>
</tr>
<tr class="tag-test-status" status="fail">
<td><span class="badge log fail-bg">Fail</span></td>
<td>16:52:20 PM</td>
<td>
<a href="#" class="linked" test-id='109' id='157'>user does Traversal</a>
<div class="">
<span class="badge badge-default">Linked List page.user does Traversal</span>
</div>
</td>
</tr>
<tr class="tag-test-status" status="fail">
<td><span class="badge log fail-bg">Fail</span></td>
<td>16:52:21 PM</td>
<td>
<a href="#" class="linked" test-id='109' id='168'>user does Insertion</a>
<div class="">
<span class="badge badge-default">Linked List page.user does Insertion</span>
</div>
</td>
</tr>
<tr class="tag-test-status" status="fail">
<td><span class="badge log fail-bg">Fail</span></td>
<td>16:52:23 PM</td>
<td>
<a href="#" class="linked" test-id='109' id='179'>user does Deletion</a>
<div class="">
<span class="badge badge-default">Linked List page.user does Deletion</span>
</div>
</td>
</tr>
</tbody>
</table>
</div>
</li>
<li class="test-item">
<div class="test-detail">
<span class="meta">
<span class='badge log badge-danger'>4</span>
</span>
<p class="name">@ArrayPractice</p>
<p class="duration text-sm">4 tests</p>
</div>
<div class="test-contents d-none">
<div class="info">
<h4>@ArrayPractice</h4>
<span status="fail" class='badge log badge-danger'>4 failed</span>
</div>
<table class='table table-sm mt-4'>
<thead>
<tr>
<th class="status-col">Status</th>
<th class="timestamp-col">Timestamp</th>
<th>TestName</th>
</tr>
</thead>
<tbody>
<tr class="tag-test-status" status="fail">
<td><span class="badge log fail-bg">Fail</span></td>
<td>16:52:09 PM</td>
<td>
<a href="#" class="linked" test-id='1' id='2'>User navigate to Array Practice Page and works in Search the array</a>
<div class="">
<span class="badge badge-default">DS Algo ArrayPractice Page.User navigate to Array Practice Page and works in Search the array</span>
</div>
</td>
</tr>
<tr class="tag-test-status" status="fail">
<td><span class="badge log fail-bg">Fail</span></td>
<td>16:52:10 PM</td>
<td>
<a href="#" class="linked" test-id='1' id='16'>User navigate to Array Practice Page and works in Max Consecutive Ones</a>
<div class="">
<span class="badge badge-default">DS Algo ArrayPractice Page.User navigate to Array Practice Page and works in Max Consecutive Ones</span>
</div>
</td>
</tr>
<tr class="tag-test-status" status="fail">
<td><span class="badge log fail-bg">Fail</span></td>
<td>16:52:11 PM</td>
<td>
<a href="#" class="linked" test-id='1' id='30'>User navigate to Array Practice Page and works in Find Numbers with Even Number of Digits</a>
<div class="">
<span class="badge badge-default">DS Algo ArrayPractice Page.User navigate to Array Practice Page and works in Find Numbers with Even Number of Digits</span>
</div>
</td>
</tr>
<tr class="tag-test-status" status="fail">
<td><span class="badge log fail-bg">Fail</span></td>
<td>16:52:11 PM</td>
<td>
<a href="#" class="linked" test-id='1' id='42'>User navigate to Array Practice Page and works in Squares of a Sorted Array</a>
<div class="">
<span class="badge badge-default">DS Algo ArrayPractice Page.User navigate to Array Practice Page and works in Squares of a Sorted Array</span>
</div>
</td>
</tr>
</tbody>
</table>
</div>
</li>
<li class="test-item">
<div class="test-detail">
<span class="meta">
<span class='badge log badge-danger'>2</span>
</span>
<p class="name">@DataStructure</p>
<p class="duration text-sm">2 tests</p>
</div>
<div class="test-contents d-none">
<div class="info">
<h4>@DataStructure</h4>
<span status="fail" class='badge log badge-danger'>2 failed</span>
</div>
<table class='table table-sm mt-4'>
<thead>
<tr>
<th class="status-col">Status</th>
<th class="timestamp-col">Timestamp</th>
<th>TestName</th>
</tr>
</thead>
<tbody>
<tr class="tag-test-status" status="fail">
<td><span class="badge log fail-bg">Fail</span></td>
<td>16:52:11 PM</td>
<td>
<a href="#" class="linked" test-id='56' id='58'>user navigate to datastructure page</a>
<div class="">
<span class="badge badge-default">DataStructure page.user navigate to datastructure page</span>
</div>
</td>
</tr>
<tr class="tag-test-status" status="fail">
<td><span class="badge log fail-bg">Fail</span></td>
<td>16:52:11 PM</td>
<td>
<a href="#" class="linked" test-id='56' id='70'>user navigate to datastructure page</a>
<div class="">
<span class="badge badge-default">DataStructure page.user navigate to datastructure page</span>
</div>
</td>
</tr>
</tbody>
</table>
</div>
</li>
<li class="test-item">
<div class="test-detail">
<span class="meta">
<span class='badge log badge-danger'>1</span>
</span>
<p class="name">@TS_register_05</p>
<p class="duration text-sm">1 tests</p>
</div>
<div class="test-contents d-none">
<div class="info">
<h4>@TS_register_05</h4>
<span status="fail" class='badge log badge-danger'>1 failed</span>
</div>
<table class='table table-sm mt-4'>
<thead>
<tr>
<th class="status-col">Status</th>
<th class="timestamp-col">Timestamp</th>
<th>TestName</th>
</tr>
</thead>
<tbody>
<tr class="tag-test-status" status="fail">
<td><span class="badge log fail-bg">Fail</span></td>
<td>16:52:41 PM</td>
<td>
<a href="#" class="linked" test-id='315' id='348'>The user is presented with error message for password mismatch</a>
<div class="">
<span class="badge badge-default">user registration page.The user is presented with error message for password mismatch</span>
</div>
</td>
</tr>
</tbody>
</table>
</div>
</li>
<li class="test-item">
<div class="test-detail">
<span class="meta">
<span class='badge log badge-danger'>1</span>
</span>
<p class="name">@TS_register_03</p>
<p class="duration text-sm">1 tests</p>
</div>
<div class="test-contents d-none">
<div class="info">
<h4>@TS_register_03</h4>
<span status="fail" class='badge log badge-danger'>1 failed</span>
</div>
<table class='table table-sm mt-4'>
<thead>
<tr>
<th class="status-col">Status</th>
<th class="timestamp-col">Timestamp</th>
<th>TestName</th>
</tr>
</thead>
<tbody>
<tr class="tag-test-status" status="fail">
<td><span class="badge log fail-bg">Fail</span></td>
<td>16:52:40 PM</td>
<td>
<a href="#" class="linked" test-id='315' id='332'>The user is presented with error message for empty fields below confirm Password textbox</a>
<div class="">
<span class="badge badge-default">user registration page.The user is presented with error message for empty fields below confirm Password textbox</span>
</div>
</td>
</tr>
</tbody>
</table>
</div>
</li>
<li class="test-item">
<div class="test-detail">
<span class="meta">
<span class='badge log badge-danger'>1</span>
</span>
<p class="name">@TS_register_04</p>
<p class="duration text-sm">1 tests</p>
</div>
<div class="test-contents d-none">
<div class="info">
<h4>@TS_register_04</h4>
<span status="fail" class='badge log badge-danger'>1 failed</span>
</div>
<table class='table table-sm mt-4'>
<thead>
<tr>
<th class="status-col">Status</th>
<th class="timestamp-col">Timestamp</th>
<th>TestName</th>
</tr>
</thead>
<tbody>
<tr class="tag-test-status" status="fail">
<td><span class="badge log fail-bg">Fail</span></td>
<td>16:52:41 PM</td>
<td>
<a href="#" class="linked" test-id='315' id='340'>The user is presented with error message for invalid username</a>
<div class="">
<span class="badge badge-default">user registration page.The user is presented with error message for invalid username</span>
</div>
</td>
</tr>
</tbody>
</table>
</div>
</li>
<li class="test-item">
<div class="test-detail">
<span class="meta">
<span class='badge log badge-danger'>10</span>
</span>
<p class="name">@register</p>
<p class="duration text-sm">10 tests</p>
</div>
<div class="test-contents d-none">
<div class="info">
<h4>@register</h4>
<span status="fail" class='badge log badge-danger'>10 failed</span>
</div>
<table class='table table-sm mt-4'>
<thead>
<tr>
<th class="status-col">Status</th>
<th class="timestamp-col">Timestamp</th>
<th>TestName</th>
</tr>
</thead>
<tbody>
<tr class="tag-test-status" status="fail">
<td><span class="badge log fail-bg">Fail</span></td>
<td>16:52:40 PM</td>
<td>
<a href="#" class="linked" test-id='315' id='316'>The user is presented with error message for empty fields below Username textbox</a>
<div class="">
<span class="badge badge-default">user registration page.The user is presented with error message for empty fields below Username textbox</span>
</div>
</td>
</tr>
<tr class="tag-test-status" status="fail">
<td><span class="badge log fail-bg">Fail</span></td>
<td>16:52:40 PM</td>
<td>
<a href="#" class="linked" test-id='315' id='324'>The user is presented with error message for empty fields below Password textbox</a>
<div class="">
<span class="badge badge-default">user registration page.The user is presented with error message for empty fields below Password textbox</span>
</div>
</td>
</tr>
<tr class="tag-test-status" status="fail">
<td><span class="badge log fail-bg">Fail</span></td>
<td>16:52:40 PM</td>
<td>
<a href="#" class="linked" test-id='315' id='332'>The user is presented with error message for empty fields below confirm Password textbox</a>
<div class="">
<span class="badge badge-default">user registration page.The user is presented with error message for empty fields below confirm Password textbox</span>
</div>
</td>
</tr>
<tr class="tag-test-status" status="fail">
<td><span class="badge log fail-bg">Fail</span></td>
<td>16:52:41 PM</td>
<td>
<a href="#" class="linked" test-id='315' id='340'>The user is presented with error message for invalid username</a>
<div class="">
<span class="badge badge-default">user registration page.The user is presented with error message for invalid username</span>
</div>
</td>
</tr>
<tr class="tag-test-status" status="fail">
<td><span class="badge log fail-bg">Fail</span></td>
<td>16:52:41 PM</td>
<td>
<a href="#" class="linked" test-id='315' id='348'>The user is presented with error message for password mismatch</a>
<div class="">
<span class="badge badge-default">user registration page.The user is presented with error message for password mismatch</span>
</div>
</td>
</tr>
<tr class="tag-test-status" status="fail">
<td><span class="badge log fail-bg">Fail</span></td>
<td>16:52:42 PM</td>
<td>
<a href="#" class="linked" test-id='315' id='356'>The user is presented with error message for password with characters less than 8</a>
<div class="">
<span class="badge badge-default">user registration page.The user is presented with error message for password with characters less than 8</span>
</div>
</td>
</tr>
<tr class="tag-test-status" status="fail">
<td><span class="badge log fail-bg">Fail</span></td>
<td>16:52:42 PM</td>
<td>
<a href="#" class="linked" test-id='315' id='364'>The user is presented with error message for password with only numbers</a>
<div class="">
<span class="badge badge-default">user registration page.The user is presented with error message for password with only numbers</span>
</div>
</td>
</tr>
<tr class="tag-test-status" status="fail">
<td><span class="badge log fail-bg">Fail</span></td>
<td>16:52:42 PM</td>
<td>
<a href="#" class="linked" test-id='315' id='373'>Getting register into page with username and password</a>
<div class="">
<span class="badge badge-default">user registration page.Getting register into page with username and password</span>
</div>
</td>
</tr>
<tr class="tag-test-status" status="fail">
<td><span class="badge log fail-bg">Fail</span></td>
<td>16:52:43 PM</td>
<td>
<a href="#" class="linked" test-id='315' id='381'>Getting register into page with username and password</a>
<div class="">
<span class="badge badge-default">user registration page.Getting register into page with username and password</span>
</div>
</td>
</tr>
<tr class="tag-test-status" status="fail">
<td><span class="badge log fail-bg">Fail</span></td>
<td>16:52:43 PM</td>
<td>
<a href="#" class="linked" test-id='315' id='389'>The user is presented with error message for existing username</a>
<div class="">
<span class="badge badge-default">user registration page.The user is presented with error message for existing username</span>
</div>
</td>
</tr>
</tbody>
</table>
</div>
</li>
<li class="test-item">
<div class="test-detail">
<span class="meta">
<span class='badge log badge-danger'>1</span>
</span>
<p class="name">@TS_register_01</p>
<p class="duration text-sm">1 tests</p>
</div>
<div class="test-contents d-none">
<div class="info">
<h4>@TS_register_01</h4>
<span status="fail" class='badge log badge-danger'>1 failed</span>
</div>
<table class='table table-sm mt-4'>
<thead>
<tr>
<th class="status-col">Status</th>
<th class="timestamp-col">Timestamp</th>
<th>TestName</th>
</tr>
</thead>
<tbody>
<tr class="tag-test-status" status="fail">
<td><span class="badge log fail-bg">Fail</span></td>
<td>16:52:40 PM</td>
<td>
<a href="#" class="linked" test-id='315' id='316'>The user is presented with error message for empty fields below Username textbox</a>
<div class="">
<span class="badge badge-default">user registration page.The user is presented with error message for empty fields below Username textbox</span>
</div>
</td>
</tr>
</tbody>
</table>
</div>
</li>
<li class="test-item">
<div class="test-detail">
<span class="meta">
<span class='badge log badge-danger'>1</span>
</span>
<p class="name">@mainPage</p>
<p class="duration text-sm">1 tests</p>
</div>
<div class="test-contents d-none">
<div class="info">
<h4>@mainPage</h4>
<span status="fail" class='badge log badge-danger'>1 failed</span>
</div>
<table class='table table-sm mt-4'>
<thead>
<tr>
<th class="status-col">Status</th>
<th class="timestamp-col">Timestamp</th>
<th>TestName</th>
</tr>
</thead>
<tbody>
<tr class="tag-test-status" status="fail">
<td><span class="badge log fail-bg">Fail</span></td>
<td>16:52:31 PM</td>
<td>
<a href="#" class="linked" test-id='241' id='242'>Opeing DS-Algo portal link</a>
<div class="">
<span class="badge badge-default">DS-ALGO Project.Opeing DS-Algo portal link</span>
</div>
</td>
</tr>
</tbody>
</table>
</div>
</li>
<li class="test-item">
<div class="test-detail">
<span class="meta">
<span class='badge log badge-danger'>1</span>
</span>
<p class="name">@TS_register_02</p>
<p class="duration text-sm">1 tests</p>
</div>
<div class="test-contents d-none">
<div class="info">
<h4>@TS_register_02</h4>
<span status="fail" class='badge log badge-danger'>1 failed</span>
</div>
<table class='table table-sm mt-4'>
<thead>
<tr>
<th class="status-col">Status</th>
<th class="timestamp-col">Timestamp</th>
<th>TestName</th>
</tr>
</thead>
<tbody>
<tr class="tag-test-status" status="fail">
<td><span class="badge log fail-bg">Fail</span></td>
<td>16:52:40 PM</td>
<td>
<a href="#" class="linked" test-id='315' id='324'>The user is presented with error message for empty fields below Password textbox</a>
<div class="">
<span class="badge badge-default">user registration page.The user is presented with error message for empty fields below Password textbox</span>
</div>
</td>
</tr>
</tbody>
</table>
</div>
</li>
<li class="test-item">
<div class="test-detail">
<span class="meta">
<span class='badge log badge-danger'>13</span>
</span>
<p class="name">@tree</p>
<p class="duration text-sm">13 tests</p>
</div>
<div class="test-contents d-none">
<div class="info">
<h4>@tree</h4>
<span status="fail" class='badge log badge-danger'>13 failed</span>
</div>
<table class='table table-sm mt-4'>
<thead>
<tr>
<th class="status-col">Status</th>
<th class="timestamp-col">Timestamp</th>
<th>TestName</th>
</tr>
</thead>
<tbody>
<tr class="tag-test-status" status="fail">
<td><span class="badge log fail-bg">Fail</span></td>
<td>16:52:49 PM</td>
<td>
<a href="#" class="linked" test-id='435' id='437'>user navigate to Tree page and works on Overview of Trees 1st link in the Tree</a>
<div class="">
<span class="badge badge-default">Tree page.user navigate to Tree page and works on Overview of Trees 1st link in the Tree</span>
</div>
</td>
</tr>
<tr class="tag-test-status" status="fail">
<td><span class="badge log fail-bg">Fail</span></td>
<td>16:52:52 PM</td>
<td>
<a href="#" class="linked" test-id='435' id='450'>user does Terminologies in Trees</a>
<div class="">
<span class="badge badge-default">Tree page.user does Terminologies in Trees</span>
</div>
</td>
</tr>
<tr class="tag-test-status" status="fail">
<td><span class="badge log fail-bg">Fail</span></td>
<td>16:52:54 PM</td>
<td>
<a href="#" class="linked" test-id='435' id='461'>user does Types of Trees</a>
<div class="">
<span class="badge badge-default">Tree page.user does Types of Trees</span>
</div>
</td>
</tr>
<tr class="tag-test-status" status="fail">
<td><span class="badge log fail-bg">Fail</span></td>
<td>16:52:56 PM</td>
<td>
<a href="#" class="linked" test-id='435' id='472'>user does Tree Traversals</a>
<div class="">
<span class="badge badge-default">Tree page.user does Tree Traversals</span>
</div>
</td>
</tr>
<tr class="tag-test-status" status="fail">
<td><span class="badge log fail-bg">Fail</span></td>
<td>16:52:58 PM</td>
<td>
<a href="#" class="linked" test-id='435' id='483'>user does Traversal-Illustration</a>
<div class="">
<span class="badge badge-default">Tree page.user does Traversal-Illustration</span>
</div>
</td>
</tr>
<tr class="tag-test-status" status="fail">
<td><span class="badge log fail-bg">Fail</span></td>
<td>16:52:59 PM</td>
<td>
<a href="#" class="linked" test-id='435' id='494'>user does Binary Trees</a>
<div class="">
<span class="badge badge-default">Tree page.user does Binary Trees</span>
</div>
</td>
</tr>
<tr class="tag-test-status" status="fail">
<td><span class="badge log fail-bg">Fail</span></td>
<td>16:53:01 PM</td>
<td>
<a href="#" class="linked" test-id='435' id='507'>user does Types of Binary Trees</a>
<div class="">
<span class="badge badge-default">Tree page.user does Types of Binary Trees</span>
</div>
</td>
</tr>
<tr class="tag-test-status" status="fail">
<td><span class="badge log fail-bg">Fail</span></td>
<td>16:53:04 PM</td>
<td>
<a href="#" class="linked" test-id='435' id='518'>user does Implementation in Python</a>
<div class="">
<span class="badge badge-default">Tree page.user does Implementation in Python</span>
</div>
</td>
</tr>
<tr class="tag-test-status" status="fail">
<td><span class="badge log fail-bg">Fail</span></td>
<td>16:53:05 PM</td>
<td>
<a href="#" class="linked" test-id='435' id='529'>user does Binary Tree Traversals</a>
<div class="">
<span class="badge badge-default">Tree page.user does Binary Tree Traversals</span>
</div>
</td>
</tr>
<tr class="tag-test-status" status="fail">
<td><span class="badge log fail-bg">Fail</span></td>
<td>16:53:07 PM</td>
<td>
<a href="#" class="linked" test-id='435' id='540'>user does Implementation of Binary Trees</a>
<div class="">
<span class="badge badge-default">Tree page.user does Implementation of Binary Trees</span>
</div>
</td>
</tr>
<tr class="tag-test-status" status="fail">
<td><span class="badge log fail-bg">Fail</span></td>
<td>16:53:09 PM</td>
<td>
<a href="#" class="linked" test-id='435' id='553'>user does Applications of Binary Trees</a>
<div class="">
<span class="badge badge-default">Tree page.user does Applications of Binary Trees</span>
</div>
</td>
</tr>
<tr class="tag-test-status" status="fail">
<td><span class="badge log fail-bg">Fail</span></td>
<td>16:53:11 PM</td>
<td>
<a href="#" class="linked" test-id='435' id='564'>user does Binary Search Trees</a>
<div class="">
<span class="badge badge-default">Tree page.user does Binary Search Trees</span>
</div>
</td>
</tr>
<tr class="tag-test-status" status="fail">
<td><span class="badge log fail-bg">Fail</span></td>
<td>16:53:12 PM</td>
<td>
<a href="#" class="linked" test-id='435' id='575'>user does Implementation of BST</a>
<div class="">
<span class="badge badge-default">Tree page.user does Implementation of BST</span>
</div>
</td>
</tr>
</tbody>
</table>
</div>
</li>
<li class="test-item">
<div class="test-detail">
<span class="meta">
<span class='badge log badge-danger'>2</span>
</span>
<p class="name">@TS_register_08</p>
<p class="duration text-sm">2 tests</p>
</div>
<div class="test-contents d-none">
<div class="info">
<h4>@TS_register_08</h4>
<span status="fail" class='badge log badge-danger'>2 failed</span>
</div>
<table class='table table-sm mt-4'>
<thead>
<tr>
<th class="status-col">Status</th>
<th class="timestamp-col">Timestamp</th>
<th>TestName</th>
</tr>
</thead>
<tbody>
<tr class="tag-test-status" status="fail">
<td><span class="badge log fail-bg">Fail</span></td>
<td>16:52:42 PM</td>
<td>
<a href="#" class="linked" test-id='315' id='373'>Getting register into page with username and password</a>
<div class="">
<span class="badge badge-default">user registration page.Getting register into page with username and password</span>
</div>
</td>
</tr>
<tr class="tag-test-status" status="fail">
<td><span class="badge log fail-bg">Fail</span></td>
<td>16:52:43 PM</td>
<td>
<a href="#" class="linked" test-id='315' id='381'>Getting register into page with username and password</a>
<div class="">
<span class="badge badge-default">user registration page.Getting register into page with username and password</span>
</div>
</td>
</tr>
</tbody>
</table>
</div>
</li>
<li class="test-item">
<div class="test-detail">
<span class="meta">
<span class='badge log badge-danger'>1</span>
</span>
<p class="name">@TS_register_09</p>
<p class="duration text-sm">1 tests</p>
</div>
<div class="test-contents d-none">
<div class="info">
<h4>@TS_register_09</h4>
<span status="fail" class='badge log badge-danger'>1 failed</span>
</div>
<table class='table table-sm mt-4'>
<thead>
<tr>
<th class="status-col">Status</th>
<th class="timestamp-col">Timestamp</th>
<th>TestName</th>
</tr>
</thead>
<tbody>
<tr class="tag-test-status" status="fail">
<td><span class="badge log fail-bg">Fail</span></td>
<td>16:52:43 PM</td>
<td>
<a href="#" class="linked" test-id='315' id='389'>The user is presented with error message for existing username</a>
<div class="">
<span class="badge badge-default">user registration page.The user is presented with error message for existing username</span>
</div>
</td>
</tr>
</tbody>
</table>
</div>
</li>
<li class="test-item">
<div class="test-detail">
<span class="meta">
<span class='badge log pass-bg'>8</span>
</span>
<p class="name">@Login</p>
<p class="duration text-sm">8 tests</p>
</div>
<div class="test-contents d-none">
<div class="info">
<h4>@Login</h4>
<span status="pass" class='badge log pass-bg'>8 passed</span>
</div>
<table class='table table-sm mt-4'>
<thead>
<tr>
<th class="status-col">Status</th>
<th class="timestamp-col">Timestamp</th>
<th>TestName</th>
</tr>
</thead>
<tbody>
<tr class="tag-test-status" status="pass">
<td><span class="badge log pass-bg">Pass</span></td>
<td>16:52:24 PM</td>
<td>
<a href="#" class="linked" test-id='191' id='193'>user navigate to sign in page</a>
<div class="">
<span class="badge badge-default">DS-Algo Sign In.user navigate to sign in page</span>
</div>
</td>
</tr>
<tr class="tag-test-status" status="pass">
<td><span class="badge log pass-bg">Pass</span></td>
<td>16:52:26 PM</td>
<td>
<a href="#" class="linked" test-id='191' id='199'>user navigate to sign in page</a>
<div class="">
<span class="badge badge-default">DS-Algo Sign In.user navigate to sign in page</span>
</div>
</td>
</tr>
<tr class="tag-test-status" status="pass">
<td><span class="badge log pass-bg">Pass</span></td>
<td>16:52:27 PM</td>
<td>
<a href="#" class="linked" test-id='191' id='205'>user navigate to sign in page</a>
<div class="">
<span class="badge badge-default">DS-Algo Sign In.user navigate to sign in page</span>
</div>
</td>
</tr>
<tr class="tag-test-status" status="pass">
<td><span class="badge log pass-bg">Pass</span></td>
<td>16:52:28 PM</td>
<td>
<a href="#" class="linked" test-id='191' id='211'>user navigate to sign in page</a>
<div class="">
<span class="badge badge-default">DS-Algo Sign In.user navigate to sign in page</span>
</div>
</td>
</tr>
<tr class="tag-test-status" status="pass">
<td><span class="badge log pass-bg">Pass</span></td>
<td>16:52:28 PM</td>
<td>
<a href="#" class="linked" test-id='191' id='217'>user navigate to sign in page</a>
<div class="">
<span class="badge badge-default">DS-Algo Sign In.user navigate to sign in page</span>
</div>
</td>
</tr>
<tr class="tag-test-status" status="pass">
<td><span class="badge log pass-bg">Pass</span></td>
<td>16:52:29 PM</td>
<td>
<a href="#" class="linked" test-id='191' id='223'>user navigate to sign in page</a>
<div class="">
<span class="badge badge-default">DS-Algo Sign In.user navigate to sign in page</span>
</div>
</td>
</tr>
<tr class="tag-test-status" status="pass">
<td><span class="badge log pass-bg">Pass</span></td>
<td>16:52:29 PM</td>
<td>
<a href="#" class="linked" test-id='191' id='229'>user navigate to sign in page</a>
<div class="">
<span class="badge badge-default">DS-Algo Sign In.user navigate to sign in page</span>
</div>
</td>
</tr>
<tr class="tag-test-status" status="pass">
<td><span class="badge log pass-bg">Pass</span></td>
<td>16:52:30 PM</td>
<td>
<a href="#" class="linked" test-id='191' id='235'>user navigate to sign in page</a>
<div class="">
<span class="badge badge-default">DS-Algo Sign In.user navigate to sign in page</span>
</div>
</td>
</tr>
</tbody>
</table>
</div>
</li>
<li class="test-item">
<div class="test-detail">
<span class="meta">
<span class='badge log badge-danger'>4</span>
</span>
<p class="name">@queue</p>
<p class="duration text-sm">4 tests</p>
</div>
<div class="test-contents d-none">
<div class="info">
<h4>@queue</h4>
<span status="fail" class='badge log badge-danger'>4 failed</span>
</div>
<table class='table table-sm mt-4'>
<thead>
<tr>
<th class="status-col">Status</th>
<th class="timestamp-col">Timestamp</th>
<th>TestName</th>
</tr>
</thead>
<tbody>
<tr class="tag-test-status" status="fail">
<td><span class="badge log fail-bg">Fail</span></td>
<td>16:52:33 PM</td>
<td>
<a href="#" class="linked" test-id='264' id='266'>user navigate to Queue page and works on Implementation Queue in Python</a>
<div class="">
<span class="badge badge-default">Queue page.user navigate to Queue page and works on Implementation Queue in Python</span>
</div>
</td>
</tr>
<tr class="tag-test-status" status="fail">
<td><span class="badge log fail-bg">Fail</span></td>
<td>16:52:35 PM</td>
<td>
<a href="#" class="linked" test-id='264' id='279'>user does Implementation Using Collection.deque</a>
<div class="">
<span class="badge badge-default">Queue page.user does Implementation Using Collection.deque</span>
</div>
</td>
</tr>
<tr class="tag-test-status" status="fail">
<td><span class="badge log fail-bg">Fail</span></td>
<td>16:52:37 PM</td>
<td>
<a href="#" class="linked" test-id='264' id='290'>user does Implementation Using Array</a>
<div class="">
<span class="badge badge-default">Queue page.user does Implementation Using Array</span>
</div>
</td>
</tr>
<tr class="tag-test-status" status="fail">
<td><span class="badge log fail-bg">Fail</span></td>
<td>16:52:38 PM</td>
<td>
<a href="#" class="linked" test-id='264' id='303'>user does Queue Operations</a>
<div class="">
<span class="badge badge-default">Queue page.user does Queue Operations</span>
</div>
</td>
</tr>
</tbody>
</table>
</div>
</li>
<li class="test-item">
<div class="test-detail">
<span class="meta">
<span class='badge log badge-danger'>1</span>
</span>
<p class="name">@TS_register_07</p>
<p class="duration text-sm">1 tests</p>
</div>
<div class="test-contents d-none">
<div class="info">
<h4>@TS_register_07</h4>
<span status="fail" class='badge log badge-danger'>1 failed</span>
</div>
<table class='table table-sm mt-4'>
<thead>
<tr>
<th class="status-col">Status</th>
<th class="timestamp-col">Timestamp</th>
<th>TestName</th>
</tr>
</thead>
<tbody>
<tr class="tag-test-status" status="fail">
<td><span class="badge log fail-bg">Fail</span></td>
<td>16:52:42 PM</td>
<td>
<a href="#" class="linked" test-id='315' id='364'>The user is presented with error message for password with only numbers</a>
<div class="">
<span class="badge badge-default">user registration page.The user is presented with error message for password with only numbers</span>
</div>
</td>
</tr>
</tbody>
</table>
</div>
</li>
<li class="test-item">
<div class="test-detail">
<span class="meta">
<span class='badge log badge-danger'>1</span>
</span>
<p class="name">@TS_register_06</p>
<p class="duration text-sm">1 tests</p>
</div>
<div class="test-contents d-none">
<div class="info">
<h4>@TS_register_06</h4>
<span status="fail" class='badge log badge-danger'>1 failed</span>
</div>
<table class='table table-sm mt-4'>
<thead>
<tr>
<th class="status-col">Status</th>
<th class="timestamp-col">Timestamp</th>
<th>TestName</th>
</tr>
</thead>
<tbody>
<tr class="tag-test-status" status="fail">
<td><span class="badge log fail-bg">Fail</span></td>
<td>16:52:42 PM</td>
<td>
<a href="#" class="linked" test-id='315' id='356'>The user is presented with error message for password with characters less than 8</a>
<div class="">
<span class="badge badge-default">user registration page.The user is presented with error message for password with characters less than 8</span>
</div>
</td>
</tr>
</tbody>
</table>
</div>
</li>
<li class="test-item">
<div class="test-detail">
<span class="meta">
<span class='badge log badge-danger'>3</span>
</span>
<p class="name">@stack</p>
<p class="duration text-sm">3 tests</p>
</div>
<div class="test-contents d-none">
<div class="info">
<h4>@stack</h4>
<span status="fail" class='badge log badge-danger'>3 failed</span>
</div>
<table class='table table-sm mt-4'>
<thead>
<tr>
<th class="status-col">Status</th>
<th class="timestamp-col">Timestamp</th>
<th>TestName</th>
</tr>
</thead>
<tbody>
<tr class="tag-test-status" status="fail">
<td><span class="badge log fail-bg">Fail</span></td>
<td>16:52:43 PM</td>
<td>
<a href="#" class="linked" test-id='397' id='399'>user navigate to Stack page and works on Operations in Stack</a>
<div class="">
<span class="badge badge-default">Stack page.user navigate to Stack page and works on Operations in Stack</span>
</div>
</td>
</tr>
<tr class="tag-test-status" status="fail">
<td><span class="badge log fail-bg">Fail</span></td>
<td>16:52:46 PM</td>
<td>
<a href="#" class="linked" test-id='397' id='412'>user does Implementation Stack</a>
<div class="">
<span class="badge badge-default">Stack page.user does Implementation Stack</span>
</div>
</td>
</tr>
<tr class="tag-test-status" status="fail">
<td><span class="badge log fail-bg">Fail</span></td>
<td>16:52:47 PM</td>
<td>
<a href="#" class="linked" test-id='397' id='423'>user does Applications</a>
<div class="">
<span class="badge badge-default">Stack page.user does Applications</span>
</div>
</td>
</tr>
</tbody>
</table>
</div>
</li>
</ul>
</div>
</div>
<div class="test-content scrollable">
<div class="test-content-detail">
<div class="detail-body"></div>
</div>
</div>
</div><div class="container-fluid p-4 view dashboard-view">
<div class="row">
<div class="col-md-3">
<div class="card"><div class="card-body">
<p class="m-b-0">Started</p>
<h3>May 3, 2023 04:52:04 PM</h3>
</div></div>
</div>
<div class="col-md-3">
<div class="card"><div class="card-body">
<p class="m-b-0">Ended</p>
<h3>May 3, 2023 04:53:14 PM</h3>
</div></div>
</div>
<div class="col-md-3">
<div class="card"><div class="card-body">
<p class="m-b-0 text-pass">Features Passed</p>
<h3>1</h3>
</div></div>
</div>
<div class="col-md-3">
<div class="card"><div class="card-body">
<p class="m-b-0 text-fail">Features Failed</p>
<h3>9</h3>
</div></div>
</div>
</div>
<div class="row">
<div class="col-md-4">
<div class="card">
<div class="card-header">
<h6 class="card-title">Features</h6>
</div>
<div class="card-body">
<div class="">
<canvas id='parent-analysis' width='115' height='90'></canvas>
</div>
</div>
<div class="card-footer">
<div><small data-tooltip='10%'>
<b>1</b> features passed
</small>
</div>
<div>
<small data-tooltip='90%'><b>9</b> features failed,
<b>0</b> skipped, <b data-tooltip='0%'>0</b> others
</small>
</div>
</div>
</div>
</div>
<div class="col-md-4">
<div class="card">
<div class="card-header">
<h6 class="card-title">Scenarios</h6>
</div>
<div class="card-body">
<div class="">
<canvas id='child-analysis' width='115' height='90'></canvas>
</div>
</div>
<div class="card-footer">
<div><small data-tooltip='14%'><b>8</b> scenarios passed</small></div>
<div>
<small data-tooltip='85%'><b>46</b> scenarios failed,
<b>0</b> skipped, <b data-tooltip='%'>0</b> others
</small>
</div>
</div>
</div>
</div>
<div class="col-md-4">
<div class="card">
<div class="card-header">
<h6 class="card-title">Steps</h6>
</div>
<div class="card-body">
<div class="">
<canvas id='grandchild-analysis' width='115' height='90'></canvas>
</div>
</div>
<div class="card-footer">
<div><small data-tooltip='63%'><b>165</b> steps passed</small></div>
<div>
<small data-tooltip='17%'><b>46</b> steps failed,
<b>50</b> skipped, <b data-tooltip='%'>0</b> others
</small>
</div>
</div>
</div>
</div>
</div>
<div class="row"><div class="col-md-12">
<div class="card"><div class="card-header"><p>Timeline</p></div>
<div class="card-body pt-0"><div>
<canvas id="timeline" height="120"></canvas>
</div></div>
</div>
</div></div>
<script>
var timeline = {
"DS Algo ArrayPractice Page":2.093,"DataStructure page":0.479,"Graph page":2.362,"Linked List page":9.758,"DS-Algo Sign In":6.816,"DS-ALGO Project":1.918,"Queue page":7.174,"user registration page":3.459,"Stack page":5.708,"Tree page":24.759
};
</script>
<div class="row">
<div class="col-lg-6 col-md-12 category-container">
<div class="card">
<div class="card-header"><p>Tags</p></div>
<div class="card-body pb-0 pt-0"><table class="table table-sm table-bordered">
<thead><tr class="bg-gray"><th>Name</th><th>Passed</th><th>Failed</th><th>Skipped</th><th>Others</th><th>Passed %</th></tr></thead><tbody>
<tr>
<td>@homepage</td>
<td>0</td>
<td>1</td>
<td>0</td>
<td>0</td>
<td>0%</td>
</tr>
<tr>
<td>@graph</td>
<td>0</td>
<td>2</td>
<td>0</td>
<td>0</td>
<td>0%</td>
</tr>
<tr>
<td>@LinkedList</td>
<td>0</td>
<td>7</td>
<td>0</td>
<td>0</td>
<td>0%</td>
</tr>
<tr>
<td>@ArrayPractice</td>
<td>0</td>
<td>4</td>
<td>0</td>
<td>0</td>
<td>0%</td>
</tr>
<tr>
<td>@DataStructure</td>
<td>0</td>
<td>2</td>
<td>0</td>
<td>0</td>
<td>0%</td>
</tr>
<tr>
<td>@TS_register_05</td>
<td>0</td>
<td>1</td>
<td>0</td>
<td>0</td>
<td>0%</td>
</tr>
<tr>
<td>@TS_register_03</td>
<td>0</td>
<td>1</td>
<td>0</td>
<td>0</td>
<td>0%</td>
</tr>
<tr>
<td>@TS_register_04</td>
<td>0</td>
<td>1</td>
<td>0</td>
<td>0</td>
<td>0%</td>
</tr>
<tr>
<td>@register</td>
<td>0</td>
<td>10</td>
<td>0</td>
<td>0</td>
<td>0%</td>
</tr>
<tr>
<td>@TS_register_01</td>
<td>0</td>
<td>1</td>
<td>0</td>
<td>0</td>
<td>0%</td>
</tr>
<tr>
<td>@mainPage</td>
<td>0</td>
<td>1</td>
<td>0</td>
<td>0</td>
<td>0%</td>
</tr>
<tr>
<td>@TS_register_02</td>
<td>0</td>
<td>1</td>
<td>0</td>
<td>0</td>
<td>0%</td>
</tr>
<tr>
<td>@tree</td>
<td>0</td>
<td>13</td>
<td>0</td>
<td>0</td>
<td>0%</td>
</tr>
<tr>
<td>@TS_register_08</td>
<td>0</td>
<td>2</td>
<td>0</td>
<td>0</td>
<td>0%</td>
</tr>
<tr>
<td>@TS_register_09</td>
<td>0</td>
<td>1</td>
<td>0</td>
<td>0</td>
<td>0%</td>
</tr>
<tr>
<td>@Login</td>
<td>8</td>
<td>0</td>
<td>0</td>
<td>0</td>
<td>100%</td>
</tr>
<tr>
<td>@queue</td>
<td>0</td>
<td>4</td>
<td>0</td>
<td>0</td>
<td>0%</td>
</tr>
<tr>
<td>@TS_register_07</td>
<td>0</td>
<td>1</td>
<td>0</td>
<td>0</td>
<td>0%</td>
</tr>
<tr>
<td>@TS_register_06</td>
<td>0</td>
<td>1</td>
<td>0</td>
<td>0</td>
<td>0%</td>
</tr>
<tr>
<td>@stack</td>
<td>0</td>
<td>3</td>
<td>0</td>
<td>0</td>
<td>0%</td>
</tr>
</tbody>
</table></div>
</div>
</div>
<div class="col-lg-6 col-md-12 sysenv-container">
<div class="card">
<div class="card-header"><p>System/Environment</p></div>
<div class="card-body pb-0 pt-0"><table class="table table-sm table-bordered">
<thead><tr class="bg-gray"><th>Name</th><th>Value</th></tr></thead>
<tbody>
<tr>
<td>Engineer</td>
<td>Aditi</td>
</tr>
<tr>
<td>Project</td>
<td>DSALGOProjectDemo</td>
</tr>
<tr>
<td>os</td>
<td>windows</td>
</tr>
</tbody>
</table></div>
</div>
</div>
</div>
</div>
<script>
var statusGroup = {
parentCount: 5,
passParent: 1,
failParent: 9,
warningParent: 0,
skipParent: 0,
childCount: 5,
passChild: 8,
failChild: 46,
warningChild: 0,
skipChild: 0,
infoChild: 0,
grandChildCount: 5,
passGrandChild: 165,
failGrandChild: 46,
warningGrandChild: 0,
skipGrandChild: 50,
infoGrandChild: 0,
eventsCount: 5,
};
</script>        </div>
      </div>
    </div>
  </div>
<script src="https://cdn.jsdelivr.net/gh/extent-framework/extent-github-cdn@d6562a79075e061305ccfdb82f01e5e195e2d307/spark/js/spark-script.js"></script>
<script type="text/javascript"></script></body>
</html>